<?xml version="1.0" encoding="UTF-8"?>
<TestRun id="e7c673f9-818c-4bfa-bd3e-e5c2ba2d3f2c" name="Okrm@OKRM-KOMPUTER 2012-01-12 15:59:35" runUser="Okrm-Komputer\Okrm" xmlns="http://microsoft.com/schemas/VisualStudio/TeamTest/2010">
  <TestSettings name="Local" id="41c0aacb-8128-43b7-a8f9-312aaf052968">
    <Description>These are default test settings for a local test run.</Description>
    <Deployment enabled="false" runDeploymentRoot="Okrm_OKRM-KOMPUTER 2012-01-12 15_59_35">
      <DeploymentItem filename="C:\Users\Okrm\Desktop\Projekt - zarzadzania uzytkownikami\nmock2-2.0.0.44-net-2.0\bin\NMock2.Test.dll" />
      <DeploymentItem filename="C:\Users\Okrm\Desktop\Projekt - zarzadzania uzytkownikami\nmock2-2.0.0.44-net-2.0\bin\NMock2.dll" />
      <DeploymentItem filename="C:\Users\Okrm\Desktop\Projekt - zarzadzania uzytkownikami\saturas-Zarzadzanie-Uzytkownikami-975c2b5\saturas-Zarzadzanie-Uzytkownikami-975c2b5\Zarzadzanie uzytkownikami\bin\Debug\Zarzadzanie uzytkownikami.exe" />
      <DeploymentItem filename="C:\Users\Okrm\Desktop\Projekt - zarzadzania uzytkownikami\nmock2-2.0.0.44-net-2.0\bin\NMock2.AcceptanceTests.dll" />
    </Deployment>
    <Execution>
      <TestTypeSpecific />
      <AgentRule name="Execution Agents">
      </AgentRule>
    </Execution>
  </TestSettings>
  <Times creation="2012-01-12T15:59:35.7529296+01:00" queuing="2012-01-12T15:59:35.8320312+01:00" start="2012-01-12T15:59:35.9218750+01:00" finish="2012-01-12T15:59:37.5556640+01:00" />
  <ResultSummary outcome="Failed">
    <Counters total="61" executed="61" passed="26" error="0" failed="9" timeout="0" aborted="0" inconclusive="26" passedButRunAborted="0" notRunnable="0" notExecuted="0" disconnected="0" warning="0" completed="0" inProgress="0" pending="0" />
  </ResultSummary>
  <TestDefinitions>
    <UnitTest name="NumerTest" storage="c:\users\okrm\desktop\projekt - zarzadzania uzytkownikami\saturas-zarzadzanie-uzytkownikami-975c2b5\saturas-zarzadzanie-uzytkownikami-975c2b5\zarzadzanie.test\bin\debug\zarzadzanie.test.dll" id="0a6c52c7-1161-916c-601e-e202ce7cca97">
      <Execution id="1f13f965-4af4-4813-8970-b8d649fb0880" />
      <TestMethod codeBase="C:/Users/Okrm/Desktop/Projekt - zarzadzania uzytkownikami/saturas-Zarzadzanie-Uzytkownikami-975c2b5/saturas-Zarzadzanie-Uzytkownikami-975c2b5/Zarzadzanie.Test/bin/Debug/Zarzadzanie.Test.DLL" adapterTypeName="Microsoft.VisualStudio.TestTools.TestTypes.Unit.UnitTestAdapter, Microsoft.VisualStudio.QualityTools.Tips.UnitTest.Adapter, Version=10.0.0.0, Culture=neutral, PublicKeyToken=b03f5f7f11d50a3a" className="Zarzadzanie_Uzytkownikami.Tests.RolaKlientTest, Zarzadzanie.Test, Version=1.0.0.0, Culture=neutral, PublicKeyToken=null" name="NumerTest" />
    </UnitTest>
    <UnitTest name="DokumentyDoPrzetlumaczeniaTest" storage="c:\users\okrm\desktop\projekt - zarzadzania uzytkownikami\saturas-zarzadzanie-uzytkownikami-975c2b5\saturas-zarzadzanie-uzytkownikami-975c2b5\zarzadzanie.test\bin\debug\zarzadzanie.test.dll" id="fcb43331-0844-8756-08fe-c9f6b6f6a25c">
      <Execution id="cec8c6d5-469b-4832-9e8a-0b32fff6d29d" />
      <TestMethod codeBase="C:/Users/Okrm/Desktop/Projekt - zarzadzania uzytkownikami/saturas-Zarzadzanie-Uzytkownikami-975c2b5/saturas-Zarzadzanie-Uzytkownikami-975c2b5/Zarzadzanie.Test/bin/Debug/Zarzadzanie.Test.DLL" adapterTypeName="Microsoft.VisualStudio.TestTools.TestTypes.Unit.UnitTestAdapter, Microsoft.VisualStudio.QualityTools.Tips.UnitTest.Adapter, Version=10.0.0.0, Culture=neutral, PublicKeyToken=b03f5f7f11d50a3a" className="Zarzadzanie.Test.ZlecenieBiezaceTest, Zarzadzanie.Test, Version=1.0.0.0, Culture=neutral, PublicKeyToken=null" name="DokumentyDoPrzetlumaczeniaTest" />
    </UnitTest>
    <UnitTest name="NumeratorTest" storage="c:\users\okrm\desktop\projekt - zarzadzania uzytkownikami\saturas-zarzadzanie-uzytkownikami-975c2b5\saturas-zarzadzanie-uzytkownikami-975c2b5\zarzadzanie.test\bin\debug\zarzadzanie.test.dll" id="7b939219-f612-895a-caab-ad286d6b7074">
      <Execution id="c09e0f96-311d-4b3f-bb1d-677157b74bff" />
      <TestMethod codeBase="C:/Users/Okrm/Desktop/Projekt - zarzadzania uzytkownikami/saturas-Zarzadzanie-Uzytkownikami-975c2b5/saturas-Zarzadzanie-Uzytkownikami-975c2b5/Zarzadzanie.Test/bin/Debug/Zarzadzanie.Test.DLL" adapterTypeName="Microsoft.VisualStudio.TestTools.TestTypes.Unit.UnitTestAdapter, Microsoft.VisualStudio.QualityTools.Tips.UnitTest.Adapter, Version=10.0.0.0, Culture=neutral, PublicKeyToken=b03f5f7f11d50a3a" className="Zarzadzanie.Test.RolaTlumaczTest, Zarzadzanie.Test, Version=1.0.0.0, Culture=neutral, PublicKeyToken=null" name="NumeratorTest" />
    </UnitTest>
    <UnitTest name="RejestrujNowegoKlientaTest" storage="c:\users\okrm\desktop\projekt - zarzadzania uzytkownikami\saturas-zarzadzanie-uzytkownikami-975c2b5\saturas-zarzadzanie-uzytkownikami-975c2b5\zarzadzanie.test\bin\debug\zarzadzanie.test.dll" id="a5e6cfdc-d03b-f615-c8e0-28221302a5bf">
      <Execution id="9f5dbcde-15f4-40ca-8bb6-a520b5f276d4" />
      <TestMethod codeBase="C:/Users/Okrm/Desktop/Projekt - zarzadzania uzytkownikami/saturas-Zarzadzanie-Uzytkownikami-975c2b5/saturas-Zarzadzanie-Uzytkownikami-975c2b5/Zarzadzanie.Test/bin/Debug/Zarzadzanie.Test.DLL" adapterTypeName="Microsoft.VisualStudio.TestTools.TestTypes.Unit.UnitTestAdapter, Microsoft.VisualStudio.QualityTools.Tips.UnitTest.Adapter, Version=10.0.0.0, Culture=neutral, PublicKeyToken=b03f5f7f11d50a3a" className="Zarzadzanie_Uzytkownikami.Tests.ManagerLogowaniaTest, Zarzadzanie.Test, Version=1.0.0.0, Culture=neutral, PublicKeyToken=null" name="RejestrujNowegoKlientaTest" />
    </UnitTest>
    <UnitTest name="ArchiwizujTest" storage="c:\users\okrm\desktop\projekt - zarzadzania uzytkownikami\saturas-zarzadzanie-uzytkownikami-975c2b5\saturas-zarzadzanie-uzytkownikami-975c2b5\zarzadzanie.test\bin\debug\zarzadzanie.test.dll" id="a2afdcef-aa1e-be44-1bdb-2104424d4f22">
      <Execution id="39f41691-e4f6-4a37-adf7-cbb9b231b9c4" />
      <TestMethod codeBase="C:/Users/Okrm/Desktop/Projekt - zarzadzania uzytkownikami/saturas-Zarzadzanie-Uzytkownikami-975c2b5/saturas-Zarzadzanie-Uzytkownikami-975c2b5/Zarzadzanie.Test/bin/Debug/Zarzadzanie.Test.DLL" adapterTypeName="Microsoft.VisualStudio.TestTools.TestTypes.Unit.UnitTestAdapter, Microsoft.VisualStudio.QualityTools.Tips.UnitTest.Adapter, Version=10.0.0.0, Culture=neutral, PublicKeyToken=b03f5f7f11d50a3a" className="Zarzadzanie.Test.ZlecenieBiezaceTest, Zarzadzanie.Test, Version=1.0.0.0, Culture=neutral, PublicKeyToken=null" name="ArchiwizujTest" />
    </UnitTest>
    <UnitTest name="RejestrujNowegoTlumaczaTest" storage="c:\users\okrm\desktop\projekt - zarzadzania uzytkownikami\saturas-zarzadzanie-uzytkownikami-975c2b5\saturas-zarzadzanie-uzytkownikami-975c2b5\zarzadzanie.test\bin\debug\zarzadzanie.test.dll" id="6c257bae-a8df-31ac-b3f4-3f9ca8bdbf93">
      <Execution id="c4805891-bbfe-4fc0-8d17-5afc16715ae5" />
      <TestMethod codeBase="C:/Users/Okrm/Desktop/Projekt - zarzadzania uzytkownikami/saturas-Zarzadzanie-Uzytkownikami-975c2b5/saturas-Zarzadzanie-Uzytkownikami-975c2b5/Zarzadzanie.Test/bin/Debug/Zarzadzanie.Test.DLL" adapterTypeName="Microsoft.VisualStudio.TestTools.TestTypes.Unit.UnitTestAdapter, Microsoft.VisualStudio.QualityTools.Tips.UnitTest.Adapter, Version=10.0.0.0, Culture=neutral, PublicKeyToken=b03f5f7f11d50a3a" className="Zarzadzanie_Uzytkownikami.Tests.ManagerLogowaniaTest, Zarzadzanie.Test, Version=1.0.0.0, Culture=neutral, PublicKeyToken=null" name="RejestrujNowegoTlumaczaTest" />
    </UnitTest>
    <UnitTest name="ListaUzytkownikowNiezalogowanychTest" storage="c:\users\okrm\desktop\projekt - zarzadzania uzytkownikami\saturas-zarzadzanie-uzytkownikami-975c2b5\saturas-zarzadzanie-uzytkownikami-975c2b5\zarzadzanie.test\bin\debug\zarzadzanie.test.dll" id="3b6ec050-6969-750d-e6d6-acec7372d75a">
      <Execution id="330d0609-84b9-4bbe-97ac-8353ef81cce8" />
      <TestMethod codeBase="C:/Users/Okrm/Desktop/Projekt - zarzadzania uzytkownikami/saturas-Zarzadzanie-Uzytkownikami-975c2b5/saturas-Zarzadzanie-Uzytkownikami-975c2b5/Zarzadzanie.Test/bin/Debug/Zarzadzanie.Test.DLL" adapterTypeName="Microsoft.VisualStudio.TestTools.TestTypes.Unit.UnitTestAdapter, Microsoft.VisualStudio.QualityTools.Tips.UnitTest.Adapter, Version=10.0.0.0, Culture=neutral, PublicKeyToken=b03f5f7f11d50a3a" className="Zarzadzanie_Uzytkownikami.Tests.ManagerLogowaniaTest, Zarzadzanie.Test, Version=1.0.0.0, Culture=neutral, PublicKeyToken=null" name="ListaUzytkownikowNiezalogowanychTest" />
    </UnitTest>
    <UnitTest name="MeldujPostepPracyTest" storage="c:\users\okrm\desktop\projekt - zarzadzania uzytkownikami\saturas-zarzadzanie-uzytkownikami-975c2b5\saturas-zarzadzanie-uzytkownikami-975c2b5\zarzadzanie.test\bin\debug\zarzadzanie.test.dll" id="1039187c-4e14-537e-ab54-518aeb80ee71">
      <Execution id="d11ffb16-f152-461f-826f-10dbb54918f0" />
      <TestMethod codeBase="C:/Users/Okrm/Desktop/Projekt - zarzadzania uzytkownikami/saturas-Zarzadzanie-Uzytkownikami-975c2b5/saturas-Zarzadzanie-Uzytkownikami-975c2b5/Zarzadzanie.Test/bin/Debug/Zarzadzanie.Test.DLL" adapterTypeName="Microsoft.VisualStudio.TestTools.TestTypes.Unit.UnitTestAdapter, Microsoft.VisualStudio.QualityTools.Tips.UnitTest.Adapter, Version=10.0.0.0, Culture=neutral, PublicKeyToken=b03f5f7f11d50a3a" className="Zarzadzanie.Test.RolaTlumaczTest, Zarzadzanie.Test, Version=1.0.0.0, Culture=neutral, PublicKeyToken=null" name="MeldujPostepPracyTest" />
    </UnitTest>
    <UnitTest name="HasloTest" storage="c:\users\okrm\desktop\projekt - zarzadzania uzytkownikami\saturas-zarzadzanie-uzytkownikami-975c2b5\saturas-zarzadzanie-uzytkownikami-975c2b5\zarzadzanie.test\bin\debug\zarzadzanie.test.dll" id="3b85baef-cf6a-4dc9-48f8-7079d3fabb57">
      <Execution id="df000eb5-b359-4a3b-b696-207f8c141850" />
      <TestMethod codeBase="C:/Users/Okrm/Desktop/Projekt - zarzadzania uzytkownikami/saturas-Zarzadzanie-Uzytkownikami-975c2b5/saturas-Zarzadzanie-Uzytkownikami-975c2b5/Zarzadzanie.Test/bin/Debug/Zarzadzanie.Test.DLL" adapterTypeName="Microsoft.VisualStudio.TestTools.TestTypes.Unit.UnitTestAdapter, Microsoft.VisualStudio.QualityTools.Tips.UnitTest.Adapter, Version=10.0.0.0, Culture=neutral, PublicKeyToken=b03f5f7f11d50a3a" className="Zarzadzanie_Uzytkownikami.Tests.UzytkownikTest, Zarzadzanie.Test, Version=1.0.0.0, Culture=neutral, PublicKeyToken=null" name="HasloTest" />
    </UnitTest>
    <UnitTest name="RoleTest" storage="c:\users\okrm\desktop\projekt - zarzadzania uzytkownikami\saturas-zarzadzanie-uzytkownikami-975c2b5\saturas-zarzadzanie-uzytkownikami-975c2b5\zarzadzanie.test\bin\debug\zarzadzanie.test.dll" id="14974ae4-1e40-88d9-f966-53ea169ebefd">
      <Execution id="1df56cad-7a0b-42d0-bb50-a5e3756b6dba" />
      <TestMethod codeBase="C:/Users/Okrm/Desktop/Projekt - zarzadzania uzytkownikami/saturas-Zarzadzanie-Uzytkownikami-975c2b5/saturas-Zarzadzanie-Uzytkownikami-975c2b5/Zarzadzanie.Test/bin/Debug/Zarzadzanie.Test.DLL" adapterTypeName="Microsoft.VisualStudio.TestTools.TestTypes.Unit.UnitTestAdapter, Microsoft.VisualStudio.QualityTools.Tips.UnitTest.Adapter, Version=10.0.0.0, Culture=neutral, PublicKeyToken=b03f5f7f11d50a3a" className="Zarzadzanie_Uzytkownikami.Tests.UzytkownikTest, Zarzadzanie.Test, Version=1.0.0.0, Culture=neutral, PublicKeyToken=null" name="RoleTest" />
    </UnitTest>
    <UnitTest name="DodajPracownikaTest" storage="c:\users\okrm\desktop\projekt - zarzadzania uzytkownikami\saturas-zarzadzanie-uzytkownikami-975c2b5\saturas-zarzadzanie-uzytkownikami-975c2b5\zarzadzanie.test\bin\debug\zarzadzanie.test.dll" id="7f142f7d-2b12-19ca-6126-9fc25dceeeb4">
      <Execution id="4aeb7ba6-61d2-4e97-9d15-08dfb21fb477" />
      <TestMethod codeBase="C:/Users/Okrm/Desktop/Projekt - zarzadzania uzytkownikami/saturas-Zarzadzanie-Uzytkownikami-975c2b5/saturas-Zarzadzanie-Uzytkownikami-975c2b5/Zarzadzanie.Test/bin/Debug/Zarzadzanie.Test.DLL" adapterTypeName="Microsoft.VisualStudio.TestTools.TestTypes.Unit.UnitTestAdapter, Microsoft.VisualStudio.QualityTools.Tips.UnitTest.Adapter, Version=10.0.0.0, Culture=neutral, PublicKeyToken=b03f5f7f11d50a3a" className="Zarzadzanie_Uzytkownikami.Tests.RolaAdministratorTest, Zarzadzanie.Test, Version=1.0.0.0, Culture=neutral, PublicKeyToken=null" name="DodajPracownikaTest" />
    </UnitTest>
    <UnitTest name="RolaKlientConstructorTest" storage="c:\users\okrm\desktop\projekt - zarzadzania uzytkownikami\saturas-zarzadzanie-uzytkownikami-975c2b5\saturas-zarzadzanie-uzytkownikami-975c2b5\zarzadzanie.test\bin\debug\zarzadzanie.test.dll" id="48cda8c2-9ebd-6efc-17bf-b926ccdc6b8c">
      <Execution id="6ea780b8-1aab-46af-b979-87025f0f5dbd" />
      <TestMethod codeBase="C:/Users/Okrm/Desktop/Projekt - zarzadzania uzytkownikami/saturas-Zarzadzanie-Uzytkownikami-975c2b5/saturas-Zarzadzanie-Uzytkownikami-975c2b5/Zarzadzanie.Test/bin/Debug/Zarzadzanie.Test.DLL" adapterTypeName="Microsoft.VisualStudio.TestTools.TestTypes.Unit.UnitTestAdapter, Microsoft.VisualStudio.QualityTools.Tips.UnitTest.Adapter, Version=10.0.0.0, Culture=neutral, PublicKeyToken=b03f5f7f11d50a3a" className="Zarzadzanie_Uzytkownikami.Tests.RolaKlientTest, Zarzadzanie.Test, Version=1.0.0.0, Culture=neutral, PublicKeyToken=null" name="RolaKlientConstructorTest" />
    </UnitTest>
    <UnitTest name="NumerKlientaTest" storage="c:\users\okrm\desktop\projekt - zarzadzania uzytkownikami\saturas-zarzadzanie-uzytkownikami-975c2b5\saturas-zarzadzanie-uzytkownikami-975c2b5\zarzadzanie.test\bin\debug\zarzadzanie.test.dll" id="49f53d69-db2d-f5da-10a3-ae5515be3bbf">
      <Execution id="d9cb0ecd-9799-4fa6-b900-f6428b6aaf58" />
      <TestMethod codeBase="C:/Users/Okrm/Desktop/Projekt - zarzadzania uzytkownikami/saturas-Zarzadzanie-Uzytkownikami-975c2b5/saturas-Zarzadzanie-Uzytkownikami-975c2b5/Zarzadzanie.Test/bin/Debug/Zarzadzanie.Test.DLL" adapterTypeName="Microsoft.VisualStudio.TestTools.TestTypes.Unit.UnitTestAdapter, Microsoft.VisualStudio.QualityTools.Tips.UnitTest.Adapter, Version=10.0.0.0, Culture=neutral, PublicKeyToken=b03f5f7f11d50a3a" className="Zarzadzanie.Test.ZlecenieArchiwalneTest, Zarzadzanie.Test, Version=1.0.0.0, Culture=neutral, PublicKeyToken=null" name="NumerKlientaTest" />
    </UnitTest>
    <UnitTest name="PrzegladajPostepBiezacychZLecenTest" storage="c:\users\okrm\desktop\projekt - zarzadzania uzytkownikami\saturas-zarzadzanie-uzytkownikami-975c2b5\saturas-zarzadzanie-uzytkownikami-975c2b5\zarzadzanie.test\bin\debug\zarzadzanie.test.dll" id="ad91cda9-9814-1a36-0f02-b54d9338290d">
      <Execution id="0710b840-aab2-45de-9188-7f086015ec7b" />
      <TestMethod codeBase="C:/Users/Okrm/Desktop/Projekt - zarzadzania uzytkownikami/saturas-Zarzadzanie-Uzytkownikami-975c2b5/saturas-Zarzadzanie-Uzytkownikami-975c2b5/Zarzadzanie.Test/bin/Debug/Zarzadzanie.Test.DLL" adapterTypeName="Microsoft.VisualStudio.TestTools.TestTypes.Unit.UnitTestAdapter, Microsoft.VisualStudio.QualityTools.Tips.UnitTest.Adapter, Version=10.0.0.0, Culture=neutral, PublicKeyToken=b03f5f7f11d50a3a" className="Zarzadzanie_Uzytkownikami.Tests.RolaKlientTest, Zarzadzanie.Test, Version=1.0.0.0, Culture=neutral, PublicKeyToken=null" name="PrzegladajPostepBiezacychZLecenTest" />
    </UnitTest>
    <UnitTest name="ListaUzytkownikowNiezweryfikowanychTest" storage="c:\users\okrm\desktop\projekt - zarzadzania uzytkownikami\saturas-zarzadzanie-uzytkownikami-975c2b5\saturas-zarzadzanie-uzytkownikami-975c2b5\zarzadzanie.test\bin\debug\zarzadzanie.test.dll" id="519de9e3-74d7-1d8e-7964-df05b50898a6">
      <Execution id="94aab33b-e220-4b0e-9a23-3234963e6ebf" />
      <TestMethod codeBase="C:/Users/Okrm/Desktop/Projekt - zarzadzania uzytkownikami/saturas-Zarzadzanie-Uzytkownikami-975c2b5/saturas-Zarzadzanie-Uzytkownikami-975c2b5/Zarzadzanie.Test/bin/Debug/Zarzadzanie.Test.DLL" adapterTypeName="Microsoft.VisualStudio.TestTools.TestTypes.Unit.UnitTestAdapter, Microsoft.VisualStudio.QualityTools.Tips.UnitTest.Adapter, Version=10.0.0.0, Culture=neutral, PublicKeyToken=b03f5f7f11d50a3a" className="Zarzadzanie_Uzytkownikami.Tests.ManagerLogowaniaTest, Zarzadzanie.Test, Version=1.0.0.0, Culture=neutral, PublicKeyToken=null" name="ListaUzytkownikowNiezweryfikowanychTest" />
    </UnitTest>
    <UnitTest name="NazwiskoTest" storage="c:\users\okrm\desktop\projekt - zarzadzania uzytkownikami\saturas-zarzadzanie-uzytkownikami-975c2b5\saturas-zarzadzanie-uzytkownikami-975c2b5\zarzadzanie.test\bin\debug\zarzadzanie.test.dll" id="6b11ba16-22e8-dd16-4e4e-6827b12fc0bc">
      <Execution id="c09716a7-db9e-4504-b021-b473e0ba850e" />
      <TestMethod codeBase="C:/Users/Okrm/Desktop/Projekt - zarzadzania uzytkownikami/saturas-Zarzadzanie-Uzytkownikami-975c2b5/saturas-Zarzadzanie-Uzytkownikami-975c2b5/Zarzadzanie.Test/bin/Debug/Zarzadzanie.Test.DLL" adapterTypeName="Microsoft.VisualStudio.TestTools.TestTypes.Unit.UnitTestAdapter, Microsoft.VisualStudio.QualityTools.Tips.UnitTest.Adapter, Version=10.0.0.0, Culture=neutral, PublicKeyToken=b03f5f7f11d50a3a" className="Zarzadzanie_Uzytkownikami.Tests.UzytkownikTest, Zarzadzanie.Test, Version=1.0.0.0, Culture=neutral, PublicKeyToken=null" name="NazwiskoTest" />
    </UnitTest>
    <UnitTest name="ListaZlecenTest" storage="c:\users\okrm\desktop\projekt - zarzadzania uzytkownikami\saturas-zarzadzanie-uzytkownikami-975c2b5\saturas-zarzadzanie-uzytkownikami-975c2b5\zarzadzanie.test\bin\debug\zarzadzanie.test.dll" id="b8acfc95-0d6c-ab8f-a160-166bb04d6eb2">
      <Execution id="6d76b5cf-79c9-4dc9-8cd5-02573491c77c" />
      <TestMethod codeBase="C:/Users/Okrm/Desktop/Projekt - zarzadzania uzytkownikami/saturas-Zarzadzanie-Uzytkownikami-975c2b5/saturas-Zarzadzanie-Uzytkownikami-975c2b5/Zarzadzanie.Test/bin/Debug/Zarzadzanie.Test.DLL" adapterTypeName="Microsoft.VisualStudio.TestTools.TestTypes.Unit.UnitTestAdapter, Microsoft.VisualStudio.QualityTools.Tips.UnitTest.Adapter, Version=10.0.0.0, Culture=neutral, PublicKeyToken=b03f5f7f11d50a3a" className="Zarzadzanie_Uzytkownikami.Tests.HistoriaZlecenTest, Zarzadzanie.Test, Version=1.0.0.0, Culture=neutral, PublicKeyToken=null" name="ListaZlecenTest" />
    </UnitTest>
    <UnitTest name="ListaNazwDokumentowTest" storage="c:\users\okrm\desktop\projekt - zarzadzania uzytkownikami\saturas-zarzadzanie-uzytkownikami-975c2b5\saturas-zarzadzanie-uzytkownikami-975c2b5\zarzadzanie.test\bin\debug\zarzadzanie.test.dll" id="3eec3270-513e-8277-3d4a-f4dfd8b693f3">
      <Execution id="1eaed203-cf06-4bfe-9169-6cb1eb91a48f" />
      <TestMethod codeBase="C:/Users/Okrm/Desktop/Projekt - zarzadzania uzytkownikami/saturas-Zarzadzanie-Uzytkownikami-975c2b5/saturas-Zarzadzanie-Uzytkownikami-975c2b5/Zarzadzanie.Test/bin/Debug/Zarzadzanie.Test.DLL" adapterTypeName="Microsoft.VisualStudio.TestTools.TestTypes.Unit.UnitTestAdapter, Microsoft.VisualStudio.QualityTools.Tips.UnitTest.Adapter, Version=10.0.0.0, Culture=neutral, PublicKeyToken=b03f5f7f11d50a3a" className="Zarzadzanie.Test.ZlecenieArchiwalneTest, Zarzadzanie.Test, Version=1.0.0.0, Culture=neutral, PublicKeyToken=null" name="ListaNazwDokumentowTest" />
    </UnitTest>
    <UnitTest name="StopienRealizacjiTest" storage="c:\users\okrm\desktop\projekt - zarzadzania uzytkownikami\saturas-zarzadzanie-uzytkownikami-975c2b5\saturas-zarzadzanie-uzytkownikami-975c2b5\zarzadzanie.test\bin\debug\zarzadzanie.test.dll" id="f862bd14-606d-98a7-90b6-ba1671d10bcb">
      <Execution id="d0ca3dde-4470-4810-a368-711ae1cf512c" />
      <TestMethod codeBase="C:/Users/Okrm/Desktop/Projekt - zarzadzania uzytkownikami/saturas-Zarzadzanie-Uzytkownikami-975c2b5/saturas-Zarzadzanie-Uzytkownikami-975c2b5/Zarzadzanie.Test/bin/Debug/Zarzadzanie.Test.DLL" adapterTypeName="Microsoft.VisualStudio.TestTools.TestTypes.Unit.UnitTestAdapter, Microsoft.VisualStudio.QualityTools.Tips.UnitTest.Adapter, Version=10.0.0.0, Culture=neutral, PublicKeyToken=b03f5f7f11d50a3a" className="Zarzadzanie.Test.ZlecenieBiezaceTest, Zarzadzanie.Test, Version=1.0.0.0, Culture=neutral, PublicKeyToken=null" name="StopienRealizacjiTest" />
    </UnitTest>
    <UnitTest name="NameTest" storage="c:\users\okrm\desktop\projekt - zarzadzania uzytkownikami\saturas-zarzadzanie-uzytkownikami-975c2b5\saturas-zarzadzanie-uzytkownikami-975c2b5\zarzadzanie.test\bin\debug\zarzadzanie.test.dll" id="05978091-f0ac-01b3-83aa-028d3b669724">
      <Execution id="3b72fcba-329c-45f4-9beb-77cbc34e9fc2" />
      <TestMethod codeBase="C:/Users/Okrm/Desktop/Projekt - zarzadzania uzytkownikami/saturas-Zarzadzanie-Uzytkownikami-975c2b5/saturas-Zarzadzanie-Uzytkownikami-975c2b5/Zarzadzanie.Test/bin/Debug/Zarzadzanie.Test.DLL" adapterTypeName="Microsoft.VisualStudio.TestTools.TestTypes.Unit.UnitTestAdapter, Microsoft.VisualStudio.QualityTools.Tips.UnitTest.Adapter, Version=10.0.0.0, Culture=neutral, PublicKeyToken=b03f5f7f11d50a3a" className="Zarzadzanie.Test.RolaTest, Zarzadzanie.Test, Version=1.0.0.0, Culture=neutral, PublicKeyToken=null" name="NameTest" />
    </UnitTest>
    <UnitTest name="ListaUzytkownikowZalogowanychTest" storage="c:\users\okrm\desktop\projekt - zarzadzania uzytkownikami\saturas-zarzadzanie-uzytkownikami-975c2b5\saturas-zarzadzanie-uzytkownikami-975c2b5\zarzadzanie.test\bin\debug\zarzadzanie.test.dll" id="3bded695-a44d-d000-f8bd-32e5d3767d74">
      <Execution id="9d229a92-60ee-45d0-9dbe-fdf789d825e7" />
      <TestMethod codeBase="C:/Users/Okrm/Desktop/Projekt - zarzadzania uzytkownikami/saturas-Zarzadzanie-Uzytkownikami-975c2b5/saturas-Zarzadzanie-Uzytkownikami-975c2b5/Zarzadzanie.Test/bin/Debug/Zarzadzanie.Test.DLL" adapterTypeName="Microsoft.VisualStudio.TestTools.TestTypes.Unit.UnitTestAdapter, Microsoft.VisualStudio.QualityTools.Tips.UnitTest.Adapter, Version=10.0.0.0, Culture=neutral, PublicKeyToken=b03f5f7f11d50a3a" className="Zarzadzanie_Uzytkownikami.Tests.ManagerLogowaniaTest, Zarzadzanie.Test, Version=1.0.0.0, Culture=neutral, PublicKeyToken=null" name="ListaUzytkownikowZalogowanychTest" />
    </UnitTest>
    <UnitTest name="RolaTlumaczConstructorTest" storage="c:\users\okrm\desktop\projekt - zarzadzania uzytkownikami\saturas-zarzadzanie-uzytkownikami-975c2b5\saturas-zarzadzanie-uzytkownikami-975c2b5\zarzadzanie.test\bin\debug\zarzadzanie.test.dll" id="f98565ef-7220-7c96-475e-4b1ff3a90883">
      <Execution id="633a95fd-c9ba-4cd4-a92c-a13739f00987" />
      <TestMethod codeBase="C:/Users/Okrm/Desktop/Projekt - zarzadzania uzytkownikami/saturas-Zarzadzanie-Uzytkownikami-975c2b5/saturas-Zarzadzanie-Uzytkownikami-975c2b5/Zarzadzanie.Test/bin/Debug/Zarzadzanie.Test.DLL" adapterTypeName="Microsoft.VisualStudio.TestTools.TestTypes.Unit.UnitTestAdapter, Microsoft.VisualStudio.QualityTools.Tips.UnitTest.Adapter, Version=10.0.0.0, Culture=neutral, PublicKeyToken=b03f5f7f11d50a3a" className="Zarzadzanie.Test.RolaTlumaczTest, Zarzadzanie.Test, Version=1.0.0.0, Culture=neutral, PublicKeyToken=null" name="RolaTlumaczConstructorTest" />
    </UnitTest>
    <UnitTest name="ZlecenieConstructorTest" storage="c:\users\okrm\desktop\projekt - zarzadzania uzytkownikami\saturas-zarzadzanie-uzytkownikami-975c2b5\saturas-zarzadzanie-uzytkownikami-975c2b5\zarzadzanie.test\bin\debug\zarzadzanie.test.dll" id="0f522e79-d79a-b034-ec6a-efb0554ed60b">
      <Execution id="6e62a69a-acf5-4611-8844-9ce38bc22f43" />
      <TestMethod codeBase="C:/Users/Okrm/Desktop/Projekt - zarzadzania uzytkownikami/saturas-Zarzadzanie-Uzytkownikami-975c2b5/saturas-Zarzadzanie-Uzytkownikami-975c2b5/Zarzadzanie.Test/bin/Debug/Zarzadzanie.Test.DLL" adapterTypeName="Microsoft.VisualStudio.TestTools.TestTypes.Unit.UnitTestAdapter, Microsoft.VisualStudio.QualityTools.Tips.UnitTest.Adapter, Version=10.0.0.0, Culture=neutral, PublicKeyToken=b03f5f7f11d50a3a" className="Zarzadzanie.Test.ZlecenieTest, Zarzadzanie.Test, Version=1.0.0.0, Culture=neutral, PublicKeyToken=null" name="ZlecenieConstructorTest" />
    </UnitTest>
    <UnitTest name="ListaZlecenBiezacychTest" storage="c:\users\okrm\desktop\projekt - zarzadzania uzytkownikami\saturas-zarzadzanie-uzytkownikami-975c2b5\saturas-zarzadzanie-uzytkownikami-975c2b5\zarzadzanie.test\bin\debug\zarzadzanie.test.dll" id="d0d8aac3-5b85-92dc-1991-733ca49d9a47">
      <Execution id="bcc872f3-5556-4c45-84d7-72b548d4b446" />
      <TestMethod codeBase="C:/Users/Okrm/Desktop/Projekt - zarzadzania uzytkownikami/saturas-Zarzadzanie-Uzytkownikami-975c2b5/saturas-Zarzadzanie-Uzytkownikami-975c2b5/Zarzadzanie.Test/bin/Debug/Zarzadzanie.Test.DLL" adapterTypeName="Microsoft.VisualStudio.TestTools.TestTypes.Unit.UnitTestAdapter, Microsoft.VisualStudio.QualityTools.Tips.UnitTest.Adapter, Version=10.0.0.0, Culture=neutral, PublicKeyToken=b03f5f7f11d50a3a" className="Zarzadzanie_Uzytkownikami.Tests.RolaKlientTest, Zarzadzanie.Test, Version=1.0.0.0, Culture=neutral, PublicKeyToken=null" name="ListaZlecenBiezacychTest" />
    </UnitTest>
    <UnitTest name="NumerKlientaTest" storage="c:\users\okrm\desktop\projekt - zarzadzania uzytkownikami\saturas-zarzadzanie-uzytkownikami-975c2b5\saturas-zarzadzanie-uzytkownikami-975c2b5\zarzadzanie.test\bin\debug\zarzadzanie.test.dll" id="b1da090b-a3db-9650-592a-e5225ba14f6b">
      <Execution id="3a9e20a2-0f52-433a-80be-a257b4a30473" />
      <TestMethod codeBase="C:/Users/Okrm/Desktop/Projekt - zarzadzania uzytkownikami/saturas-Zarzadzanie-Uzytkownikami-975c2b5/saturas-Zarzadzanie-Uzytkownikami-975c2b5/Zarzadzanie.Test/bin/Debug/Zarzadzanie.Test.DLL" adapterTypeName="Microsoft.VisualStudio.TestTools.TestTypes.Unit.UnitTestAdapter, Microsoft.VisualStudio.QualityTools.Tips.UnitTest.Adapter, Version=10.0.0.0, Culture=neutral, PublicKeyToken=b03f5f7f11d50a3a" className="Zarzadzanie.Test.ZlecenieBiezaceTest, Zarzadzanie.Test, Version=1.0.0.0, Culture=neutral, PublicKeyToken=null" name="NumerKlientaTest" />
    </UnitTest>
    <UnitTest name="NumerTest" storage="c:\users\okrm\desktop\projekt - zarzadzania uzytkownikami\saturas-zarzadzanie-uzytkownikami-975c2b5\saturas-zarzadzanie-uzytkownikami-975c2b5\zarzadzanie.test\bin\debug\zarzadzanie.test.dll" id="e72c788c-f2e6-cdf4-0db3-f9780ecf9952">
      <Execution id="87d54557-ff97-4bbf-853c-9b43661550cd" />
      <TestMethod codeBase="C:/Users/Okrm/Desktop/Projekt - zarzadzania uzytkownikami/saturas-Zarzadzanie-Uzytkownikami-975c2b5/saturas-Zarzadzanie-Uzytkownikami-975c2b5/Zarzadzanie.Test/bin/Debug/Zarzadzanie.Test.DLL" adapterTypeName="Microsoft.VisualStudio.TestTools.TestTypes.Unit.UnitTestAdapter, Microsoft.VisualStudio.QualityTools.Tips.UnitTest.Adapter, Version=10.0.0.0, Culture=neutral, PublicKeyToken=b03f5f7f11d50a3a" className="Zarzadzanie.Test.RolaTlumaczTest, Zarzadzanie.Test, Version=1.0.0.0, Culture=neutral, PublicKeyToken=null" name="NumerTest" />
    </UnitTest>
    <UnitTest name="ListaWykonywanychZlecenTest" storage="c:\users\okrm\desktop\projekt - zarzadzania uzytkownikami\saturas-zarzadzanie-uzytkownikami-975c2b5\saturas-zarzadzanie-uzytkownikami-975c2b5\zarzadzanie.test\bin\debug\zarzadzanie.test.dll" id="49773854-983f-3153-1426-cb816c08b596">
      <Execution id="d4b93812-9792-4585-b6c7-9fc6e9b750a9" />
      <TestMethod codeBase="C:/Users/Okrm/Desktop/Projekt - zarzadzania uzytkownikami/saturas-Zarzadzanie-Uzytkownikami-975c2b5/saturas-Zarzadzanie-Uzytkownikami-975c2b5/Zarzadzanie.Test/bin/Debug/Zarzadzanie.Test.DLL" adapterTypeName="Microsoft.VisualStudio.TestTools.TestTypes.Unit.UnitTestAdapter, Microsoft.VisualStudio.QualityTools.Tips.UnitTest.Adapter, Version=10.0.0.0, Culture=neutral, PublicKeyToken=b03f5f7f11d50a3a" className="Zarzadzanie.Test.RolaTlumaczTest, Zarzadzanie.Test, Version=1.0.0.0, Culture=neutral, PublicKeyToken=null" name="ListaWykonywanychZlecenTest" />
    </UnitTest>
    <UnitTest name="ListaTlumaczyTest" storage="c:\users\okrm\desktop\projekt - zarzadzania uzytkownikami\saturas-zarzadzanie-uzytkownikami-975c2b5\saturas-zarzadzanie-uzytkownikami-975c2b5\zarzadzanie.test\bin\debug\zarzadzanie.test.dll" id="c133290d-b738-c98a-dbf7-467c8ddc68ad">
      <Execution id="4c4cd9cb-3625-4c4c-9e18-aa7903f220dc" />
      <TestMethod codeBase="C:/Users/Okrm/Desktop/Projekt - zarzadzania uzytkownikami/saturas-Zarzadzanie-Uzytkownikami-975c2b5/saturas-Zarzadzanie-Uzytkownikami-975c2b5/Zarzadzanie.Test/bin/Debug/Zarzadzanie.Test.DLL" adapterTypeName="Microsoft.VisualStudio.TestTools.TestTypes.Unit.UnitTestAdapter, Microsoft.VisualStudio.QualityTools.Tips.UnitTest.Adapter, Version=10.0.0.0, Culture=neutral, PublicKeyToken=b03f5f7f11d50a3a" className="Zarzadzanie.Test.RolaPracownikTest, Zarzadzanie.Test, Version=1.0.0.0, Culture=neutral, PublicKeyToken=null" name="ListaTlumaczyTest" />
    </UnitTest>
    <UnitTest name="DodajZlecenieTest" storage="c:\users\okrm\desktop\projekt - zarzadzania uzytkownikami\saturas-zarzadzanie-uzytkownikami-975c2b5\saturas-zarzadzanie-uzytkownikami-975c2b5\zarzadzanie.test\bin\debug\zarzadzanie.test.dll" id="3b5582b3-d303-8198-b4f7-2bd9cee90085">
      <Execution id="f18cc0e6-b1d8-4dfd-b3c7-f77c162a94f5" />
      <TestMethod codeBase="C:/Users/Okrm/Desktop/Projekt - zarzadzania uzytkownikami/saturas-Zarzadzanie-Uzytkownikami-975c2b5/saturas-Zarzadzanie-Uzytkownikami-975c2b5/Zarzadzanie.Test/bin/Debug/Zarzadzanie.Test.DLL" adapterTypeName="Microsoft.VisualStudio.TestTools.TestTypes.Unit.UnitTestAdapter, Microsoft.VisualStudio.QualityTools.Tips.UnitTest.Adapter, Version=10.0.0.0, Culture=neutral, PublicKeyToken=b03f5f7f11d50a3a" className="Zarzadzanie.Test.RolaPracownikTest, Zarzadzanie.Test, Version=1.0.0.0, Culture=neutral, PublicKeyToken=null" name="DodajZlecenieTest" />
    </UnitTest>
    <UnitTest name="ArchiwizujZlecenieTest" storage="c:\users\okrm\desktop\projekt - zarzadzania uzytkownikami\saturas-zarzadzanie-uzytkownikami-975c2b5\saturas-zarzadzanie-uzytkownikami-975c2b5\zarzadzanie.test\bin\debug\zarzadzanie.test.dll" id="eabaa878-b3d8-ba0f-f5ec-66030ff1054c">
      <Execution id="274c8f4a-26c6-4c70-ac01-0e3b126af0f2" />
      <TestMethod codeBase="C:/Users/Okrm/Desktop/Projekt - zarzadzania uzytkownikami/saturas-Zarzadzanie-Uzytkownikami-975c2b5/saturas-Zarzadzanie-Uzytkownikami-975c2b5/Zarzadzanie.Test/bin/Debug/Zarzadzanie.Test.DLL" adapterTypeName="Microsoft.VisualStudio.TestTools.TestTypes.Unit.UnitTestAdapter, Microsoft.VisualStudio.QualityTools.Tips.UnitTest.Adapter, Version=10.0.0.0, Culture=neutral, PublicKeyToken=b03f5f7f11d50a3a" className="Zarzadzanie.Test.RolaPracownikTest, Zarzadzanie.Test, Version=1.0.0.0, Culture=neutral, PublicKeyToken=null" name="ArchiwizujZlecenieTest" />
    </UnitTest>
    <UnitTest name="RolaAdministratorConstructorTest" storage="c:\users\okrm\desktop\projekt - zarzadzania uzytkownikami\saturas-zarzadzanie-uzytkownikami-975c2b5\saturas-zarzadzanie-uzytkownikami-975c2b5\zarzadzanie.test\bin\debug\zarzadzanie.test.dll" id="166ea43c-aada-9251-f431-64b4b4d587e8">
      <Execution id="440b80bc-aaf1-43b3-af08-6d4bea7a377a" />
      <TestMethod codeBase="C:/Users/Okrm/Desktop/Projekt - zarzadzania uzytkownikami/saturas-Zarzadzanie-Uzytkownikami-975c2b5/saturas-Zarzadzanie-Uzytkownikami-975c2b5/Zarzadzanie.Test/bin/Debug/Zarzadzanie.Test.DLL" adapterTypeName="Microsoft.VisualStudio.TestTools.TestTypes.Unit.UnitTestAdapter, Microsoft.VisualStudio.QualityTools.Tips.UnitTest.Adapter, Version=10.0.0.0, Culture=neutral, PublicKeyToken=b03f5f7f11d50a3a" className="Zarzadzanie_Uzytkownikami.Tests.RolaAdministratorTest, Zarzadzanie.Test, Version=1.0.0.0, Culture=neutral, PublicKeyToken=null" name="RolaAdministratorConstructorTest" />
    </UnitTest>
    <UnitTest name="NameTest" storage="c:\users\okrm\desktop\projekt - zarzadzania uzytkownikami\saturas-zarzadzanie-uzytkownikami-975c2b5\saturas-zarzadzanie-uzytkownikami-975c2b5\zarzadzanie.test\bin\debug\zarzadzanie.test.dll" id="1b42ff37-c4f8-ae7a-b181-95870af37981">
      <Execution id="b452f851-c342-429c-ab15-bf0d350a7024" />
      <TestMethod codeBase="C:/Users/Okrm/Desktop/Projekt - zarzadzania uzytkownikami/saturas-Zarzadzanie-Uzytkownikami-975c2b5/saturas-Zarzadzanie-Uzytkownikami-975c2b5/Zarzadzanie.Test/bin/Debug/Zarzadzanie.Test.DLL" adapterTypeName="Microsoft.VisualStudio.TestTools.TestTypes.Unit.UnitTestAdapter, Microsoft.VisualStudio.QualityTools.Tips.UnitTest.Adapter, Version=10.0.0.0, Culture=neutral, PublicKeyToken=b03f5f7f11d50a3a" className="Zarzadzanie.Test.DokumentTest, Zarzadzanie.Test, Version=1.0.0.0, Culture=neutral, PublicKeyToken=null" name="NameTest" />
    </UnitTest>
    <UnitTest name="HistoriaZlecenConstructorTest" storage="c:\users\okrm\desktop\projekt - zarzadzania uzytkownikami\saturas-zarzadzanie-uzytkownikami-975c2b5\saturas-zarzadzanie-uzytkownikami-975c2b5\zarzadzanie.test\bin\debug\zarzadzanie.test.dll" id="f8963391-2a9e-7606-1d73-db13060dc7cf">
      <DeploymentItems>
        <DeploymentItem filename="Zarzadzanie uzytkownikami.exe" />
      </DeploymentItems>
      <Execution id="5fd3ceda-d52d-4fba-b617-39cb7141ebb8" />
      <TestMethod codeBase="C:/Users/Okrm/Desktop/Projekt - zarzadzania uzytkownikami/saturas-Zarzadzanie-Uzytkownikami-975c2b5/saturas-Zarzadzanie-Uzytkownikami-975c2b5/Zarzadzanie.Test/bin/Debug/Zarzadzanie.Test.DLL" adapterTypeName="Microsoft.VisualStudio.TestTools.TestTypes.Unit.UnitTestAdapter, Microsoft.VisualStudio.QualityTools.Tips.UnitTest.Adapter, Version=10.0.0.0, Culture=neutral, PublicKeyToken=b03f5f7f11d50a3a" className="Zarzadzanie_Uzytkownikami.Tests.HistoriaZlecenTest, Zarzadzanie.Test, Version=1.0.0.0, Culture=neutral, PublicKeyToken=null" name="HistoriaZlecenConstructorTest" />
    </UnitTest>
    <UnitTest name="PrzegladajHistorieZLecenTest" storage="c:\users\okrm\desktop\projekt - zarzadzania uzytkownikami\saturas-zarzadzanie-uzytkownikami-975c2b5\saturas-zarzadzanie-uzytkownikami-975c2b5\zarzadzanie.test\bin\debug\zarzadzanie.test.dll" id="56219019-affe-595a-6416-48f9287dd9eb">
      <Execution id="15572efd-00b4-42f5-8e03-b6e6a113ab58" />
      <TestMethod codeBase="C:/Users/Okrm/Desktop/Projekt - zarzadzania uzytkownikami/saturas-Zarzadzanie-Uzytkownikami-975c2b5/saturas-Zarzadzanie-Uzytkownikami-975c2b5/Zarzadzanie.Test/bin/Debug/Zarzadzanie.Test.DLL" adapterTypeName="Microsoft.VisualStudio.TestTools.TestTypes.Unit.UnitTestAdapter, Microsoft.VisualStudio.QualityTools.Tips.UnitTest.Adapter, Version=10.0.0.0, Culture=neutral, PublicKeyToken=b03f5f7f11d50a3a" className="Zarzadzanie_Uzytkownikami.Tests.RolaKlientTest, Zarzadzanie.Test, Version=1.0.0.0, Culture=neutral, PublicKeyToken=null" name="PrzegladajHistorieZLecenTest" />
    </UnitTest>
    <UnitTest name="ZlecenieBiezaceConstructorTest" storage="c:\users\okrm\desktop\projekt - zarzadzania uzytkownikami\saturas-zarzadzanie-uzytkownikami-975c2b5\saturas-zarzadzanie-uzytkownikami-975c2b5\zarzadzanie.test\bin\debug\zarzadzanie.test.dll" id="992b2dc9-2ec3-8482-6862-5625ed92f6cc">
      <Execution id="63bb2dc5-840a-46fd-af3a-0b914ff536cb" />
      <TestMethod codeBase="C:/Users/Okrm/Desktop/Projekt - zarzadzania uzytkownikami/saturas-Zarzadzanie-Uzytkownikami-975c2b5/saturas-Zarzadzanie-Uzytkownikami-975c2b5/Zarzadzanie.Test/bin/Debug/Zarzadzanie.Test.DLL" adapterTypeName="Microsoft.VisualStudio.TestTools.TestTypes.Unit.UnitTestAdapter, Microsoft.VisualStudio.QualityTools.Tips.UnitTest.Adapter, Version=10.0.0.0, Culture=neutral, PublicKeyToken=b03f5f7f11d50a3a" className="Zarzadzanie.Test.ZlecenieBiezaceTest, Zarzadzanie.Test, Version=1.0.0.0, Culture=neutral, PublicKeyToken=null" name="ZlecenieBiezaceConstructorTest" />
    </UnitTest>
    <UnitTest name="WeryfikujPoprawnoscTest" storage="c:\users\okrm\desktop\projekt - zarzadzania uzytkownikami\saturas-zarzadzanie-uzytkownikami-975c2b5\saturas-zarzadzanie-uzytkownikami-975c2b5\zarzadzanie.test\bin\debug\zarzadzanie.test.dll" id="56334147-1f5c-1d82-bf78-6e17cdd1fdcc">
      <Execution id="754679de-d527-471a-8a4a-3e9bb95c9e67" />
      <TestMethod codeBase="C:/Users/Okrm/Desktop/Projekt - zarzadzania uzytkownikami/saturas-Zarzadzanie-Uzytkownikami-975c2b5/saturas-Zarzadzanie-Uzytkownikami-975c2b5/Zarzadzanie.Test/bin/Debug/Zarzadzanie.Test.DLL" adapterTypeName="Microsoft.VisualStudio.TestTools.TestTypes.Unit.UnitTestAdapter, Microsoft.VisualStudio.QualityTools.Tips.UnitTest.Adapter, Version=10.0.0.0, Culture=neutral, PublicKeyToken=b03f5f7f11d50a3a" className="Zarzadzanie_Uzytkownikami.Tests.RolaAdministratorTest, Zarzadzanie.Test, Version=1.0.0.0, Culture=neutral, PublicKeyToken=null" name="WeryfikujPoprawnoscTest" />
    </UnitTest>
    <UnitTest name="getInstanceTest" storage="c:\users\okrm\desktop\projekt - zarzadzania uzytkownikami\saturas-zarzadzanie-uzytkownikami-975c2b5\saturas-zarzadzanie-uzytkownikami-975c2b5\zarzadzanie.test\bin\debug\zarzadzanie.test.dll" id="5b7704fd-a0e4-ed35-63c8-c95a40ae20ce">
      <Execution id="9431aacb-41c0-4ab3-a1a7-051fdfd4bc08" />
      <TestMethod codeBase="C:/Users/Okrm/Desktop/Projekt - zarzadzania uzytkownikami/saturas-Zarzadzanie-Uzytkownikami-975c2b5/saturas-Zarzadzanie-Uzytkownikami-975c2b5/Zarzadzanie.Test/bin/Debug/Zarzadzanie.Test.DLL" adapterTypeName="Microsoft.VisualStudio.TestTools.TestTypes.Unit.UnitTestAdapter, Microsoft.VisualStudio.QualityTools.Tips.UnitTest.Adapter, Version=10.0.0.0, Culture=neutral, PublicKeyToken=b03f5f7f11d50a3a" className="Zarzadzanie_Uzytkownikami.Tests.ManagerLogowaniaTest, Zarzadzanie.Test, Version=1.0.0.0, Culture=neutral, PublicKeyToken=null" name="getInstanceTest" />
    </UnitTest>
    <UnitTest name="NumeratorTest" storage="c:\users\okrm\desktop\projekt - zarzadzania uzytkownikami\saturas-zarzadzanie-uzytkownikami-975c2b5\saturas-zarzadzanie-uzytkownikami-975c2b5\zarzadzanie.test\bin\debug\zarzadzanie.test.dll" id="e9739bf6-987e-f1b9-877f-28f6763a05d1">
      <Execution id="21a6987c-a4fb-4ebf-8320-fe550d710902" />
      <TestMethod codeBase="C:/Users/Okrm/Desktop/Projekt - zarzadzania uzytkownikami/saturas-Zarzadzanie-Uzytkownikami-975c2b5/saturas-Zarzadzanie-Uzytkownikami-975c2b5/Zarzadzanie.Test/bin/Debug/Zarzadzanie.Test.DLL" adapterTypeName="Microsoft.VisualStudio.TestTools.TestTypes.Unit.UnitTestAdapter, Microsoft.VisualStudio.QualityTools.Tips.UnitTest.Adapter, Version=10.0.0.0, Culture=neutral, PublicKeyToken=b03f5f7f11d50a3a" className="Zarzadzanie_Uzytkownikami.Tests.RolaKlientTest, Zarzadzanie.Test, Version=1.0.0.0, Culture=neutral, PublicKeyToken=null" name="NumeratorTest" />
    </UnitTest>
    <UnitTest name="LoginTest" storage="c:\users\okrm\desktop\projekt - zarzadzania uzytkownikami\saturas-zarzadzanie-uzytkownikami-975c2b5\saturas-zarzadzanie-uzytkownikami-975c2b5\zarzadzanie.test\bin\debug\zarzadzanie.test.dll" id="2b3e95f9-c9b1-d453-5455-7d833cc84a4e">
      <Execution id="54733334-6b0b-4279-9d53-175f1836c205" />
      <TestMethod codeBase="C:/Users/Okrm/Desktop/Projekt - zarzadzania uzytkownikami/saturas-Zarzadzanie-Uzytkownikami-975c2b5/saturas-Zarzadzanie-Uzytkownikami-975c2b5/Zarzadzanie.Test/bin/Debug/Zarzadzanie.Test.DLL" adapterTypeName="Microsoft.VisualStudio.TestTools.TestTypes.Unit.UnitTestAdapter, Microsoft.VisualStudio.QualityTools.Tips.UnitTest.Adapter, Version=10.0.0.0, Culture=neutral, PublicKeyToken=b03f5f7f11d50a3a" className="Zarzadzanie_Uzytkownikami.Tests.UzytkownikTest, Zarzadzanie.Test, Version=1.0.0.0, Culture=neutral, PublicKeyToken=null" name="LoginTest" />
    </UnitTest>
    <UnitTest name="ListaZlecenBiezacychPrzydzielonychTest" storage="c:\users\okrm\desktop\projekt - zarzadzania uzytkownikami\saturas-zarzadzanie-uzytkownikami-975c2b5\saturas-zarzadzanie-uzytkownikami-975c2b5\zarzadzanie.test\bin\debug\zarzadzanie.test.dll" id="ac548309-2e88-c8a4-d705-4a7b24fb90ba">
      <Execution id="130cd2ca-6d20-46d5-86e5-b46e496248ae" />
      <TestMethod codeBase="C:/Users/Okrm/Desktop/Projekt - zarzadzania uzytkownikami/saturas-Zarzadzanie-Uzytkownikami-975c2b5/saturas-Zarzadzanie-Uzytkownikami-975c2b5/Zarzadzanie.Test/bin/Debug/Zarzadzanie.Test.DLL" adapterTypeName="Microsoft.VisualStudio.TestTools.TestTypes.Unit.UnitTestAdapter, Microsoft.VisualStudio.QualityTools.Tips.UnitTest.Adapter, Version=10.0.0.0, Culture=neutral, PublicKeyToken=b03f5f7f11d50a3a" className="Zarzadzanie.Test.RolaPracownikTest, Zarzadzanie.Test, Version=1.0.0.0, Culture=neutral, PublicKeyToken=null" name="ListaZlecenBiezacychPrzydzielonychTest" />
    </UnitTest>
    <UnitTest name="DokumentConstructorTest" storage="c:\users\okrm\desktop\projekt - zarzadzania uzytkownikami\saturas-zarzadzanie-uzytkownikami-975c2b5\saturas-zarzadzanie-uzytkownikami-975c2b5\zarzadzanie.test\bin\debug\zarzadzanie.test.dll" id="8cd14aed-2c28-4319-a8ad-3ad65c3ac7ca">
      <Execution id="965cb3ed-1f67-428d-bfff-f00e76e13dce" />
      <TestMethod codeBase="C:/Users/Okrm/Desktop/Projekt - zarzadzania uzytkownikami/saturas-Zarzadzanie-Uzytkownikami-975c2b5/saturas-Zarzadzanie-Uzytkownikami-975c2b5/Zarzadzanie.Test/bin/Debug/Zarzadzanie.Test.DLL" adapterTypeName="Microsoft.VisualStudio.TestTools.TestTypes.Unit.UnitTestAdapter, Microsoft.VisualStudio.QualityTools.Tips.UnitTest.Adapter, Version=10.0.0.0, Culture=neutral, PublicKeyToken=b03f5f7f11d50a3a" className="Zarzadzanie.Test.DokumentTest, Zarzadzanie.Test, Version=1.0.0.0, Culture=neutral, PublicKeyToken=null" name="DokumentConstructorTest" />
    </UnitTest>
    <UnitTest name="DodajNowegoAdministratoraTest" storage="c:\users\okrm\desktop\projekt - zarzadzania uzytkownikami\saturas-zarzadzanie-uzytkownikami-975c2b5\saturas-zarzadzanie-uzytkownikami-975c2b5\zarzadzanie.test\bin\debug\zarzadzanie.test.dll" id="173c2bf1-7b82-ff5b-5118-99785ebbfb00">
      <Execution id="f6c56bbb-7343-4c87-988c-32d3c4ec734d" />
      <TestMethod codeBase="C:/Users/Okrm/Desktop/Projekt - zarzadzania uzytkownikami/saturas-Zarzadzanie-Uzytkownikami-975c2b5/saturas-Zarzadzanie-Uzytkownikami-975c2b5/Zarzadzanie.Test/bin/Debug/Zarzadzanie.Test.DLL" adapterTypeName="Microsoft.VisualStudio.TestTools.TestTypes.Unit.UnitTestAdapter, Microsoft.VisualStudio.QualityTools.Tips.UnitTest.Adapter, Version=10.0.0.0, Culture=neutral, PublicKeyToken=b03f5f7f11d50a3a" className="Zarzadzanie_Uzytkownikami.Tests.ManagerLogowaniaTest, Zarzadzanie.Test, Version=1.0.0.0, Culture=neutral, PublicKeyToken=null" name="DodajNowegoAdministratoraTest" />
    </UnitTest>
    <UnitTest name="WeryfikujTest" storage="c:\users\okrm\desktop\projekt - zarzadzania uzytkownikami\saturas-zarzadzanie-uzytkownikami-975c2b5\saturas-zarzadzanie-uzytkownikami-975c2b5\zarzadzanie.test\bin\debug\zarzadzanie.test.dll" id="3178001c-65da-5894-4de5-45f2a7c6ef84">
      <Execution id="64eb21db-f2d1-4e3c-8fe8-36a7f53e1ea1" />
      <TestMethod codeBase="C:/Users/Okrm/Desktop/Projekt - zarzadzania uzytkownikami/saturas-Zarzadzanie-Uzytkownikami-975c2b5/saturas-Zarzadzanie-Uzytkownikami-975c2b5/Zarzadzanie.Test/bin/Debug/Zarzadzanie.Test.DLL" adapterTypeName="Microsoft.VisualStudio.TestTools.TestTypes.Unit.UnitTestAdapter, Microsoft.VisualStudio.QualityTools.Tips.UnitTest.Adapter, Version=10.0.0.0, Culture=neutral, PublicKeyToken=b03f5f7f11d50a3a" className="Zarzadzanie_Uzytkownikami.Tests.ManagerLogowaniaTest, Zarzadzanie.Test, Version=1.0.0.0, Culture=neutral, PublicKeyToken=null" name="WeryfikujTest" />
    </UnitTest>
    <UnitTest name="RoleOczekujaceTest" storage="c:\users\okrm\desktop\projekt - zarzadzania uzytkownikami\saturas-zarzadzanie-uzytkownikami-975c2b5\saturas-zarzadzanie-uzytkownikami-975c2b5\zarzadzanie.test\bin\debug\zarzadzanie.test.dll" id="3a59bfc9-041e-7e33-1650-a76f67410120">
      <Execution id="e8dc6a0d-0d3a-4791-852a-c95e657d723d" />
      <TestMethod codeBase="C:/Users/Okrm/Desktop/Projekt - zarzadzania uzytkownikami/saturas-Zarzadzanie-Uzytkownikami-975c2b5/saturas-Zarzadzanie-Uzytkownikami-975c2b5/Zarzadzanie.Test/bin/Debug/Zarzadzanie.Test.DLL" adapterTypeName="Microsoft.VisualStudio.TestTools.TestTypes.Unit.UnitTestAdapter, Microsoft.VisualStudio.QualityTools.Tips.UnitTest.Adapter, Version=10.0.0.0, Culture=neutral, PublicKeyToken=b03f5f7f11d50a3a" className="Zarzadzanie_Uzytkownikami.Tests.UzytkownikTest, Zarzadzanie.Test, Version=1.0.0.0, Culture=neutral, PublicKeyToken=null" name="RoleOczekujaceTest" />
    </UnitTest>
    <UnitTest name="ProgresTest" storage="c:\users\okrm\desktop\projekt - zarzadzania uzytkownikami\saturas-zarzadzanie-uzytkownikami-975c2b5\saturas-zarzadzanie-uzytkownikami-975c2b5\zarzadzanie.test\bin\debug\zarzadzanie.test.dll" id="f414574b-b094-fe02-704e-e2acfca1649c">
      <Execution id="0bd80d4c-0a8d-4e21-979a-060ea7932a7d" />
      <TestMethod codeBase="C:/Users/Okrm/Desktop/Projekt - zarzadzania uzytkownikami/saturas-Zarzadzanie-Uzytkownikami-975c2b5/saturas-Zarzadzanie-Uzytkownikami-975c2b5/Zarzadzanie.Test/bin/Debug/Zarzadzanie.Test.DLL" adapterTypeName="Microsoft.VisualStudio.TestTools.TestTypes.Unit.UnitTestAdapter, Microsoft.VisualStudio.QualityTools.Tips.UnitTest.Adapter, Version=10.0.0.0, Culture=neutral, PublicKeyToken=b03f5f7f11d50a3a" className="Zarzadzanie.Test.DokumentTest, Zarzadzanie.Test, Version=1.0.0.0, Culture=neutral, PublicKeyToken=null" name="ProgresTest" />
    </UnitTest>
    <UnitTest name="DodajNowegoPracownikaTest" storage="c:\users\okrm\desktop\projekt - zarzadzania uzytkownikami\saturas-zarzadzanie-uzytkownikami-975c2b5\saturas-zarzadzanie-uzytkownikami-975c2b5\zarzadzanie.test\bin\debug\zarzadzanie.test.dll" id="9c97b3a4-4c72-95fe-740e-5c12ee2c3741">
      <Execution id="a2b1ac44-d16d-4214-88bf-cb1f16b6d7f0" />
      <TestMethod codeBase="C:/Users/Okrm/Desktop/Projekt - zarzadzania uzytkownikami/saturas-Zarzadzanie-Uzytkownikami-975c2b5/saturas-Zarzadzanie-Uzytkownikami-975c2b5/Zarzadzanie.Test/bin/Debug/Zarzadzanie.Test.DLL" adapterTypeName="Microsoft.VisualStudio.TestTools.TestTypes.Unit.UnitTestAdapter, Microsoft.VisualStudio.QualityTools.Tips.UnitTest.Adapter, Version=10.0.0.0, Culture=neutral, PublicKeyToken=b03f5f7f11d50a3a" className="Zarzadzanie_Uzytkownikami.Tests.ManagerLogowaniaTest, Zarzadzanie.Test, Version=1.0.0.0, Culture=neutral, PublicKeyToken=null" name="DodajNowegoPracownikaTest" />
    </UnitTest>
    <UnitTest name="RolaPracownikConstructorTest" storage="c:\users\okrm\desktop\projekt - zarzadzania uzytkownikami\saturas-zarzadzanie-uzytkownikami-975c2b5\saturas-zarzadzanie-uzytkownikami-975c2b5\zarzadzanie.test\bin\debug\zarzadzanie.test.dll" id="504c366e-44a7-ec81-265a-60e486898e6e">
      <Execution id="736ba9bb-c72f-40f2-b08e-83c9c83d6a7e" />
      <TestMethod codeBase="C:/Users/Okrm/Desktop/Projekt - zarzadzania uzytkownikami/saturas-Zarzadzanie-Uzytkownikami-975c2b5/saturas-Zarzadzanie-Uzytkownikami-975c2b5/Zarzadzanie.Test/bin/Debug/Zarzadzanie.Test.DLL" adapterTypeName="Microsoft.VisualStudio.TestTools.TestTypes.Unit.UnitTestAdapter, Microsoft.VisualStudio.QualityTools.Tips.UnitTest.Adapter, Version=10.0.0.0, Culture=neutral, PublicKeyToken=b03f5f7f11d50a3a" className="Zarzadzanie.Test.RolaPracownikTest, Zarzadzanie.Test, Version=1.0.0.0, Culture=neutral, PublicKeyToken=null" name="RolaPracownikConstructorTest" />
    </UnitTest>
    <UnitTest name="ImieTest" storage="c:\users\okrm\desktop\projekt - zarzadzania uzytkownikami\saturas-zarzadzanie-uzytkownikami-975c2b5\saturas-zarzadzanie-uzytkownikami-975c2b5\zarzadzanie.test\bin\debug\zarzadzanie.test.dll" id="3e4dd43f-c71e-ac33-2983-bf0bbad2c8ba">
      <Execution id="45d9a6a4-0897-46f0-9c74-e7014bae788c" />
      <TestMethod codeBase="C:/Users/Okrm/Desktop/Projekt - zarzadzania uzytkownikami/saturas-Zarzadzanie-Uzytkownikami-975c2b5/saturas-Zarzadzanie-Uzytkownikami-975c2b5/Zarzadzanie.Test/bin/Debug/Zarzadzanie.Test.DLL" adapterTypeName="Microsoft.VisualStudio.TestTools.TestTypes.Unit.UnitTestAdapter, Microsoft.VisualStudio.QualityTools.Tips.UnitTest.Adapter, Version=10.0.0.0, Culture=neutral, PublicKeyToken=b03f5f7f11d50a3a" className="Zarzadzanie_Uzytkownikami.Tests.UzytkownikTest, Zarzadzanie.Test, Version=1.0.0.0, Culture=neutral, PublicKeyToken=null" name="ImieTest" />
    </UnitTest>
    <UnitTest name="DodajAdministratoraTest" storage="c:\users\okrm\desktop\projekt - zarzadzania uzytkownikami\saturas-zarzadzanie-uzytkownikami-975c2b5\saturas-zarzadzanie-uzytkownikami-975c2b5\zarzadzanie.test\bin\debug\zarzadzanie.test.dll" id="9537e62d-8a43-33e3-f7b1-9fd832d01126">
      <Execution id="27bf692a-fdb2-42e6-8b39-d3e6ef6b24df" />
      <TestMethod codeBase="C:/Users/Okrm/Desktop/Projekt - zarzadzania uzytkownikami/saturas-Zarzadzanie-Uzytkownikami-975c2b5/saturas-Zarzadzanie-Uzytkownikami-975c2b5/Zarzadzanie.Test/bin/Debug/Zarzadzanie.Test.DLL" adapterTypeName="Microsoft.VisualStudio.TestTools.TestTypes.Unit.UnitTestAdapter, Microsoft.VisualStudio.QualityTools.Tips.UnitTest.Adapter, Version=10.0.0.0, Culture=neutral, PublicKeyToken=b03f5f7f11d50a3a" className="Zarzadzanie_Uzytkownikami.Tests.RolaAdministratorTest, Zarzadzanie.Test, Version=1.0.0.0, Culture=neutral, PublicKeyToken=null" name="DodajAdministratoraTest" />
    </UnitTest>
    <UnitTest name="WeryfikujPrzydzialRoliTest" storage="c:\users\okrm\desktop\projekt - zarzadzania uzytkownikami\saturas-zarzadzanie-uzytkownikami-975c2b5\saturas-zarzadzanie-uzytkownikami-975c2b5\zarzadzanie.test\bin\debug\zarzadzanie.test.dll" id="1386703f-b382-8725-4778-6e515b13e85e">
      <Execution id="2356f7e5-5d33-4eb0-a9e9-be4b6400e9e3" />
      <TestMethod codeBase="C:/Users/Okrm/Desktop/Projekt - zarzadzania uzytkownikami/saturas-Zarzadzanie-Uzytkownikami-975c2b5/saturas-Zarzadzanie-Uzytkownikami-975c2b5/Zarzadzanie.Test/bin/Debug/Zarzadzanie.Test.DLL" adapterTypeName="Microsoft.VisualStudio.TestTools.TestTypes.Unit.UnitTestAdapter, Microsoft.VisualStudio.QualityTools.Tips.UnitTest.Adapter, Version=10.0.0.0, Culture=neutral, PublicKeyToken=b03f5f7f11d50a3a" className="Zarzadzanie_Uzytkownikami.Tests.RolaAdministratorTest, Zarzadzanie.Test, Version=1.0.0.0, Culture=neutral, PublicKeyToken=null" name="WeryfikujPrzydzialRoliTest" />
    </UnitTest>
    <UnitTest name="GetInstanceTest" storage="c:\users\okrm\desktop\projekt - zarzadzania uzytkownikami\saturas-zarzadzanie-uzytkownikami-975c2b5\saturas-zarzadzanie-uzytkownikami-975c2b5\zarzadzanie.test\bin\debug\zarzadzanie.test.dll" id="bb3a00e2-007f-1587-d564-f9594eb6983d">
      <Execution id="17e3ea8a-b868-48e4-b968-4123cbd05b01" />
      <TestMethod codeBase="C:/Users/Okrm/Desktop/Projekt - zarzadzania uzytkownikami/saturas-Zarzadzanie-Uzytkownikami-975c2b5/saturas-Zarzadzanie-Uzytkownikami-975c2b5/Zarzadzanie.Test/bin/Debug/Zarzadzanie.Test.DLL" adapterTypeName="Microsoft.VisualStudio.TestTools.TestTypes.Unit.UnitTestAdapter, Microsoft.VisualStudio.QualityTools.Tips.UnitTest.Adapter, Version=10.0.0.0, Culture=neutral, PublicKeyToken=b03f5f7f11d50a3a" className="Zarzadzanie_Uzytkownikami.Tests.HistoriaZlecenTest, Zarzadzanie.Test, Version=1.0.0.0, Culture=neutral, PublicKeyToken=null" name="GetInstanceTest" />
    </UnitTest>
    <UnitTest name="ZlecenieArchiwalneConstructorTest" storage="c:\users\okrm\desktop\projekt - zarzadzania uzytkownikami\saturas-zarzadzanie-uzytkownikami-975c2b5\saturas-zarzadzanie-uzytkownikami-975c2b5\zarzadzanie.test\bin\debug\zarzadzanie.test.dll" id="ce4cdb06-9a83-c9ce-a36f-f93949e7db7a">
      <Execution id="5bea2c78-db94-4486-a10a-c7f29b87f5d9" />
      <TestMethod codeBase="C:/Users/Okrm/Desktop/Projekt - zarzadzania uzytkownikami/saturas-Zarzadzanie-Uzytkownikami-975c2b5/saturas-Zarzadzanie-Uzytkownikami-975c2b5/Zarzadzanie.Test/bin/Debug/Zarzadzanie.Test.DLL" adapterTypeName="Microsoft.VisualStudio.TestTools.TestTypes.Unit.UnitTestAdapter, Microsoft.VisualStudio.QualityTools.Tips.UnitTest.Adapter, Version=10.0.0.0, Culture=neutral, PublicKeyToken=b03f5f7f11d50a3a" className="Zarzadzanie.Test.ZlecenieArchiwalneTest, Zarzadzanie.Test, Version=1.0.0.0, Culture=neutral, PublicKeyToken=null" name="ZlecenieArchiwalneConstructorTest" />
    </UnitTest>
    <UnitTest name="ListaZlecenBiezacychNieprzydzielonychTest" storage="c:\users\okrm\desktop\projekt - zarzadzania uzytkownikami\saturas-zarzadzanie-uzytkownikami-975c2b5\saturas-zarzadzanie-uzytkownikami-975c2b5\zarzadzanie.test\bin\debug\zarzadzanie.test.dll" id="9e7a6284-d084-1251-0587-2e5b35dc81bb">
      <Execution id="36af1696-ee8b-4518-a37c-e0982acb306a" />
      <TestMethod codeBase="C:/Users/Okrm/Desktop/Projekt - zarzadzania uzytkownikami/saturas-Zarzadzanie-Uzytkownikami-975c2b5/saturas-Zarzadzanie-Uzytkownikami-975c2b5/Zarzadzanie.Test/bin/Debug/Zarzadzanie.Test.DLL" adapterTypeName="Microsoft.VisualStudio.TestTools.TestTypes.Unit.UnitTestAdapter, Microsoft.VisualStudio.QualityTools.Tips.UnitTest.Adapter, Version=10.0.0.0, Culture=neutral, PublicKeyToken=b03f5f7f11d50a3a" className="Zarzadzanie.Test.RolaPracownikTest, Zarzadzanie.Test, Version=1.0.0.0, Culture=neutral, PublicKeyToken=null" name="ListaZlecenBiezacychNieprzydzielonychTest" />
    </UnitTest>
    <UnitTest name="DodajRoleTest" storage="c:\users\okrm\desktop\projekt - zarzadzania uzytkownikami\saturas-zarzadzanie-uzytkownikami-975c2b5\saturas-zarzadzanie-uzytkownikami-975c2b5\zarzadzanie.test\bin\debug\zarzadzanie.test.dll" id="d8262a8e-d89e-2b9f-e798-821fadf1aba8">
      <Execution id="0d401c19-155e-4a88-9f89-4c38afae332e" />
      <TestMethod codeBase="C:/Users/Okrm/Desktop/Projekt - zarzadzania uzytkownikami/saturas-Zarzadzanie-Uzytkownikami-975c2b5/saturas-Zarzadzanie-Uzytkownikami-975c2b5/Zarzadzanie.Test/bin/Debug/Zarzadzanie.Test.DLL" adapterTypeName="Microsoft.VisualStudio.TestTools.TestTypes.Unit.UnitTestAdapter, Microsoft.VisualStudio.QualityTools.Tips.UnitTest.Adapter, Version=10.0.0.0, Culture=neutral, PublicKeyToken=b03f5f7f11d50a3a" className="Zarzadzanie_Uzytkownikami.Tests.UzytkownikTest, Zarzadzanie.Test, Version=1.0.0.0, Culture=neutral, PublicKeyToken=null" name="DodajRoleTest" />
    </UnitTest>
    <UnitTest name="UzytkownikConstructorTest" storage="c:\users\okrm\desktop\projekt - zarzadzania uzytkownikami\saturas-zarzadzanie-uzytkownikami-975c2b5\saturas-zarzadzanie-uzytkownikami-975c2b5\zarzadzanie.test\bin\debug\zarzadzanie.test.dll" id="3ae8f7a2-c929-8faf-e22c-fd5470e548a1">
      <Execution id="dd2b82ba-21db-4393-9821-1c9b345aae13" />
      <TestMethod codeBase="C:/Users/Okrm/Desktop/Projekt - zarzadzania uzytkownikami/saturas-Zarzadzanie-Uzytkownikami-975c2b5/saturas-Zarzadzanie-Uzytkownikami-975c2b5/Zarzadzanie.Test/bin/Debug/Zarzadzanie.Test.DLL" adapterTypeName="Microsoft.VisualStudio.TestTools.TestTypes.Unit.UnitTestAdapter, Microsoft.VisualStudio.QualityTools.Tips.UnitTest.Adapter, Version=10.0.0.0, Culture=neutral, PublicKeyToken=b03f5f7f11d50a3a" className="Zarzadzanie_Uzytkownikami.Tests.UzytkownikTest, Zarzadzanie.Test, Version=1.0.0.0, Culture=neutral, PublicKeyToken=null" name="UzytkownikConstructorTest" />
    </UnitTest>
    <UnitTest name="ZlozZlecenieTest" storage="c:\users\okrm\desktop\projekt - zarzadzania uzytkownikami\saturas-zarzadzanie-uzytkownikami-975c2b5\saturas-zarzadzanie-uzytkownikami-975c2b5\zarzadzanie.test\bin\debug\zarzadzanie.test.dll" id="5e956492-2229-1a7d-1256-c3a43fe464f9">
      <Execution id="33843ec4-00cb-4252-9694-b89376a8481e" />
      <TestMethod codeBase="C:/Users/Okrm/Desktop/Projekt - zarzadzania uzytkownikami/saturas-Zarzadzanie-Uzytkownikami-975c2b5/saturas-Zarzadzanie-Uzytkownikami-975c2b5/Zarzadzanie.Test/bin/Debug/Zarzadzanie.Test.DLL" adapterTypeName="Microsoft.VisualStudio.TestTools.TestTypes.Unit.UnitTestAdapter, Microsoft.VisualStudio.QualityTools.Tips.UnitTest.Adapter, Version=10.0.0.0, Culture=neutral, PublicKeyToken=b03f5f7f11d50a3a" className="Zarzadzanie_Uzytkownikami.Tests.RolaKlientTest, Zarzadzanie.Test, Version=1.0.0.0, Culture=neutral, PublicKeyToken=null" name="ZlozZlecenieTest" />
    </UnitTest>
    <UnitTest name="ListaUzytkownikowZNowymiRolamiTest" storage="c:\users\okrm\desktop\projekt - zarzadzania uzytkownikami\saturas-zarzadzanie-uzytkownikami-975c2b5\saturas-zarzadzanie-uzytkownikami-975c2b5\zarzadzanie.test\bin\debug\zarzadzanie.test.dll" id="7aaa9e5d-f821-2b44-afa3-7b32fefca889">
      <Execution id="f2a6738e-93de-482b-9217-dc0f4c981f6c" />
      <TestMethod codeBase="C:/Users/Okrm/Desktop/Projekt - zarzadzania uzytkownikami/saturas-Zarzadzanie-Uzytkownikami-975c2b5/saturas-Zarzadzanie-Uzytkownikami-975c2b5/Zarzadzanie.Test/bin/Debug/Zarzadzanie.Test.DLL" adapterTypeName="Microsoft.VisualStudio.TestTools.TestTypes.Unit.UnitTestAdapter, Microsoft.VisualStudio.QualityTools.Tips.UnitTest.Adapter, Version=10.0.0.0, Culture=neutral, PublicKeyToken=b03f5f7f11d50a3a" className="Zarzadzanie_Uzytkownikami.Tests.ManagerLogowaniaTest, Zarzadzanie.Test, Version=1.0.0.0, Culture=neutral, PublicKeyToken=null" name="ListaUzytkownikowZNowymiRolamiTest" />
    </UnitTest>
    <UnitTest name="ListaNumerowTlumaczyKtorzyTlumaczyliTest" storage="c:\users\okrm\desktop\projekt - zarzadzania uzytkownikami\saturas-zarzadzanie-uzytkownikami-975c2b5\saturas-zarzadzanie-uzytkownikami-975c2b5\zarzadzanie.test\bin\debug\zarzadzanie.test.dll" id="37ebaf08-dd55-e711-3c19-92a17dcbf0d3">
      <Execution id="e3e61695-04eb-4060-bb6c-6160a42dcaac" />
      <TestMethod codeBase="C:/Users/Okrm/Desktop/Projekt - zarzadzania uzytkownikami/saturas-Zarzadzanie-Uzytkownikami-975c2b5/saturas-Zarzadzanie-Uzytkownikami-975c2b5/Zarzadzanie.Test/bin/Debug/Zarzadzanie.Test.DLL" adapterTypeName="Microsoft.VisualStudio.TestTools.TestTypes.Unit.UnitTestAdapter, Microsoft.VisualStudio.QualityTools.Tips.UnitTest.Adapter, Version=10.0.0.0, Culture=neutral, PublicKeyToken=b03f5f7f11d50a3a" className="Zarzadzanie.Test.ZlecenieArchiwalneTest, Zarzadzanie.Test, Version=1.0.0.0, Culture=neutral, PublicKeyToken=null" name="ListaNumerowTlumaczyKtorzyTlumaczyliTest" />
    </UnitTest>
    <UnitTest name="ZwrocRekordyKlientaTest" storage="c:\users\okrm\desktop\projekt - zarzadzania uzytkownikami\saturas-zarzadzanie-uzytkownikami-975c2b5\saturas-zarzadzanie-uzytkownikami-975c2b5\zarzadzanie.test\bin\debug\zarzadzanie.test.dll" id="c1ee7504-b576-9e6b-517e-ffa1dda8ffc2">
      <Execution id="9f70e6f5-0c33-441e-9e95-3bfc57af25be" />
      <TestMethod codeBase="C:/Users/Okrm/Desktop/Projekt - zarzadzania uzytkownikami/saturas-Zarzadzanie-Uzytkownikami-975c2b5/saturas-Zarzadzanie-Uzytkownikami-975c2b5/Zarzadzanie.Test/bin/Debug/Zarzadzanie.Test.DLL" adapterTypeName="Microsoft.VisualStudio.TestTools.TestTypes.Unit.UnitTestAdapter, Microsoft.VisualStudio.QualityTools.Tips.UnitTest.Adapter, Version=10.0.0.0, Culture=neutral, PublicKeyToken=b03f5f7f11d50a3a" className="Zarzadzanie_Uzytkownikami.Tests.HistoriaZlecenTest, Zarzadzanie.Test, Version=1.0.0.0, Culture=neutral, PublicKeyToken=null" name="ZwrocRekordyKlientaTest" />
    </UnitTest>
    <UnitTest name="PrzydzielZlecenieTest" storage="c:\users\okrm\desktop\projekt - zarzadzania uzytkownikami\saturas-zarzadzanie-uzytkownikami-975c2b5\saturas-zarzadzanie-uzytkownikami-975c2b5\zarzadzanie.test\bin\debug\zarzadzanie.test.dll" id="2111cdec-b51e-64d0-89a1-592f3f795f84">
      <Execution id="6aaba232-6912-45f9-8ba6-51339f91b644" />
      <TestMethod codeBase="C:/Users/Okrm/Desktop/Projekt - zarzadzania uzytkownikami/saturas-Zarzadzanie-Uzytkownikami-975c2b5/saturas-Zarzadzanie-Uzytkownikami-975c2b5/Zarzadzanie.Test/bin/Debug/Zarzadzanie.Test.DLL" adapterTypeName="Microsoft.VisualStudio.TestTools.TestTypes.Unit.UnitTestAdapter, Microsoft.VisualStudio.QualityTools.Tips.UnitTest.Adapter, Version=10.0.0.0, Culture=neutral, PublicKeyToken=b03f5f7f11d50a3a" className="Zarzadzanie.Test.RolaPracownikTest, Zarzadzanie.Test, Version=1.0.0.0, Culture=neutral, PublicKeyToken=null" name="PrzydzielZlecenieTest" />
    </UnitTest>
    <UnitTest name="DataRealizacjiTest" storage="c:\users\okrm\desktop\projekt - zarzadzania uzytkownikami\saturas-zarzadzanie-uzytkownikami-975c2b5\saturas-zarzadzanie-uzytkownikami-975c2b5\zarzadzanie.test\bin\debug\zarzadzanie.test.dll" id="df3766e4-d9d5-4033-f867-72f676a21b6f">
      <Execution id="cecc9fde-076a-4566-b036-2afc5f5818c6" />
      <TestMethod codeBase="C:/Users/Okrm/Desktop/Projekt - zarzadzania uzytkownikami/saturas-Zarzadzanie-Uzytkownikami-975c2b5/saturas-Zarzadzanie-Uzytkownikami-975c2b5/Zarzadzanie.Test/bin/Debug/Zarzadzanie.Test.DLL" adapterTypeName="Microsoft.VisualStudio.TestTools.TestTypes.Unit.UnitTestAdapter, Microsoft.VisualStudio.QualityTools.Tips.UnitTest.Adapter, Version=10.0.0.0, Culture=neutral, PublicKeyToken=b03f5f7f11d50a3a" className="Zarzadzanie.Test.ZlecenieArchiwalneTest, Zarzadzanie.Test, Version=1.0.0.0, Culture=neutral, PublicKeyToken=null" name="DataRealizacjiTest" />
    </UnitTest>
  </TestDefinitions>
  <TestLists>
    <TestList name="Results Not in a List" id="8c84fa94-04c1-424b-9868-57a2d4851a1d" />
    <TestList name="All Loaded Results" id="19431567-8539-422a-85d7-44ee4e166bda" />
  </TestLists>
  <TestEntries>
    <TestEntry testId="05978091-f0ac-01b3-83aa-028d3b669724" executionId="3b72fcba-329c-45f4-9beb-77cbc34e9fc2" testListId="8c84fa94-04c1-424b-9868-57a2d4851a1d" />
    <TestEntry testId="0a6c52c7-1161-916c-601e-e202ce7cca97" executionId="1f13f965-4af4-4813-8970-b8d649fb0880" testListId="8c84fa94-04c1-424b-9868-57a2d4851a1d" />
    <TestEntry testId="0f522e79-d79a-b034-ec6a-efb0554ed60b" executionId="6e62a69a-acf5-4611-8844-9ce38bc22f43" testListId="8c84fa94-04c1-424b-9868-57a2d4851a1d" />
    <TestEntry testId="1039187c-4e14-537e-ab54-518aeb80ee71" executionId="d11ffb16-f152-461f-826f-10dbb54918f0" testListId="8c84fa94-04c1-424b-9868-57a2d4851a1d" />
    <TestEntry testId="1386703f-b382-8725-4778-6e515b13e85e" executionId="2356f7e5-5d33-4eb0-a9e9-be4b6400e9e3" testListId="8c84fa94-04c1-424b-9868-57a2d4851a1d" />
    <TestEntry testId="14974ae4-1e40-88d9-f966-53ea169ebefd" executionId="1df56cad-7a0b-42d0-bb50-a5e3756b6dba" testListId="8c84fa94-04c1-424b-9868-57a2d4851a1d" />
    <TestEntry testId="166ea43c-aada-9251-f431-64b4b4d587e8" executionId="440b80bc-aaf1-43b3-af08-6d4bea7a377a" testListId="8c84fa94-04c1-424b-9868-57a2d4851a1d" />
    <TestEntry testId="173c2bf1-7b82-ff5b-5118-99785ebbfb00" executionId="f6c56bbb-7343-4c87-988c-32d3c4ec734d" testListId="8c84fa94-04c1-424b-9868-57a2d4851a1d" />
    <TestEntry testId="1b42ff37-c4f8-ae7a-b181-95870af37981" executionId="b452f851-c342-429c-ab15-bf0d350a7024" testListId="8c84fa94-04c1-424b-9868-57a2d4851a1d" />
    <TestEntry testId="2111cdec-b51e-64d0-89a1-592f3f795f84" executionId="6aaba232-6912-45f9-8ba6-51339f91b644" testListId="8c84fa94-04c1-424b-9868-57a2d4851a1d" />
    <TestEntry testId="2b3e95f9-c9b1-d453-5455-7d833cc84a4e" executionId="54733334-6b0b-4279-9d53-175f1836c205" testListId="8c84fa94-04c1-424b-9868-57a2d4851a1d" />
    <TestEntry testId="3178001c-65da-5894-4de5-45f2a7c6ef84" executionId="64eb21db-f2d1-4e3c-8fe8-36a7f53e1ea1" testListId="8c84fa94-04c1-424b-9868-57a2d4851a1d" />
    <TestEntry testId="37ebaf08-dd55-e711-3c19-92a17dcbf0d3" executionId="e3e61695-04eb-4060-bb6c-6160a42dcaac" testListId="8c84fa94-04c1-424b-9868-57a2d4851a1d" />
    <TestEntry testId="3a59bfc9-041e-7e33-1650-a76f67410120" executionId="e8dc6a0d-0d3a-4791-852a-c95e657d723d" testListId="8c84fa94-04c1-424b-9868-57a2d4851a1d" />
    <TestEntry testId="3ae8f7a2-c929-8faf-e22c-fd5470e548a1" executionId="dd2b82ba-21db-4393-9821-1c9b345aae13" testListId="8c84fa94-04c1-424b-9868-57a2d4851a1d" />
    <TestEntry testId="3b5582b3-d303-8198-b4f7-2bd9cee90085" executionId="f18cc0e6-b1d8-4dfd-b3c7-f77c162a94f5" testListId="8c84fa94-04c1-424b-9868-57a2d4851a1d" />
    <TestEntry testId="3b6ec050-6969-750d-e6d6-acec7372d75a" executionId="330d0609-84b9-4bbe-97ac-8353ef81cce8" testListId="8c84fa94-04c1-424b-9868-57a2d4851a1d" />
    <TestEntry testId="3b85baef-cf6a-4dc9-48f8-7079d3fabb57" executionId="df000eb5-b359-4a3b-b696-207f8c141850" testListId="8c84fa94-04c1-424b-9868-57a2d4851a1d" />
    <TestEntry testId="3bded695-a44d-d000-f8bd-32e5d3767d74" executionId="9d229a92-60ee-45d0-9dbe-fdf789d825e7" testListId="8c84fa94-04c1-424b-9868-57a2d4851a1d" />
    <TestEntry testId="3e4dd43f-c71e-ac33-2983-bf0bbad2c8ba" executionId="45d9a6a4-0897-46f0-9c74-e7014bae788c" testListId="8c84fa94-04c1-424b-9868-57a2d4851a1d" />
    <TestEntry testId="3eec3270-513e-8277-3d4a-f4dfd8b693f3" executionId="1eaed203-cf06-4bfe-9169-6cb1eb91a48f" testListId="8c84fa94-04c1-424b-9868-57a2d4851a1d" />
    <TestEntry testId="48cda8c2-9ebd-6efc-17bf-b926ccdc6b8c" executionId="6ea780b8-1aab-46af-b979-87025f0f5dbd" testListId="8c84fa94-04c1-424b-9868-57a2d4851a1d" />
    <TestEntry testId="49773854-983f-3153-1426-cb816c08b596" executionId="d4b93812-9792-4585-b6c7-9fc6e9b750a9" testListId="8c84fa94-04c1-424b-9868-57a2d4851a1d" />
    <TestEntry testId="49f53d69-db2d-f5da-10a3-ae5515be3bbf" executionId="d9cb0ecd-9799-4fa6-b900-f6428b6aaf58" testListId="8c84fa94-04c1-424b-9868-57a2d4851a1d" />
    <TestEntry testId="504c366e-44a7-ec81-265a-60e486898e6e" executionId="736ba9bb-c72f-40f2-b08e-83c9c83d6a7e" testListId="8c84fa94-04c1-424b-9868-57a2d4851a1d" />
    <TestEntry testId="519de9e3-74d7-1d8e-7964-df05b50898a6" executionId="94aab33b-e220-4b0e-9a23-3234963e6ebf" testListId="8c84fa94-04c1-424b-9868-57a2d4851a1d" />
    <TestEntry testId="56219019-affe-595a-6416-48f9287dd9eb" executionId="15572efd-00b4-42f5-8e03-b6e6a113ab58" testListId="8c84fa94-04c1-424b-9868-57a2d4851a1d" />
    <TestEntry testId="56334147-1f5c-1d82-bf78-6e17cdd1fdcc" executionId="754679de-d527-471a-8a4a-3e9bb95c9e67" testListId="8c84fa94-04c1-424b-9868-57a2d4851a1d" />
    <TestEntry testId="5b7704fd-a0e4-ed35-63c8-c95a40ae20ce" executionId="9431aacb-41c0-4ab3-a1a7-051fdfd4bc08" testListId="8c84fa94-04c1-424b-9868-57a2d4851a1d" />
    <TestEntry testId="5e956492-2229-1a7d-1256-c3a43fe464f9" executionId="33843ec4-00cb-4252-9694-b89376a8481e" testListId="8c84fa94-04c1-424b-9868-57a2d4851a1d" />
    <TestEntry testId="6b11ba16-22e8-dd16-4e4e-6827b12fc0bc" executionId="c09716a7-db9e-4504-b021-b473e0ba850e" testListId="8c84fa94-04c1-424b-9868-57a2d4851a1d" />
    <TestEntry testId="6c257bae-a8df-31ac-b3f4-3f9ca8bdbf93" executionId="c4805891-bbfe-4fc0-8d17-5afc16715ae5" testListId="8c84fa94-04c1-424b-9868-57a2d4851a1d" />
    <TestEntry testId="7aaa9e5d-f821-2b44-afa3-7b32fefca889" executionId="f2a6738e-93de-482b-9217-dc0f4c981f6c" testListId="8c84fa94-04c1-424b-9868-57a2d4851a1d" />
    <TestEntry testId="7b939219-f612-895a-caab-ad286d6b7074" executionId="c09e0f96-311d-4b3f-bb1d-677157b74bff" testListId="8c84fa94-04c1-424b-9868-57a2d4851a1d" />
    <TestEntry testId="7f142f7d-2b12-19ca-6126-9fc25dceeeb4" executionId="4aeb7ba6-61d2-4e97-9d15-08dfb21fb477" testListId="8c84fa94-04c1-424b-9868-57a2d4851a1d" />
    <TestEntry testId="8cd14aed-2c28-4319-a8ad-3ad65c3ac7ca" executionId="965cb3ed-1f67-428d-bfff-f00e76e13dce" testListId="8c84fa94-04c1-424b-9868-57a2d4851a1d" />
    <TestEntry testId="9537e62d-8a43-33e3-f7b1-9fd832d01126" executionId="27bf692a-fdb2-42e6-8b39-d3e6ef6b24df" testListId="8c84fa94-04c1-424b-9868-57a2d4851a1d" />
    <TestEntry testId="992b2dc9-2ec3-8482-6862-5625ed92f6cc" executionId="63bb2dc5-840a-46fd-af3a-0b914ff536cb" testListId="8c84fa94-04c1-424b-9868-57a2d4851a1d" />
    <TestEntry testId="9c97b3a4-4c72-95fe-740e-5c12ee2c3741" executionId="a2b1ac44-d16d-4214-88bf-cb1f16b6d7f0" testListId="8c84fa94-04c1-424b-9868-57a2d4851a1d" />
    <TestEntry testId="9e7a6284-d084-1251-0587-2e5b35dc81bb" executionId="36af1696-ee8b-4518-a37c-e0982acb306a" testListId="8c84fa94-04c1-424b-9868-57a2d4851a1d" />
    <TestEntry testId="a2afdcef-aa1e-be44-1bdb-2104424d4f22" executionId="39f41691-e4f6-4a37-adf7-cbb9b231b9c4" testListId="8c84fa94-04c1-424b-9868-57a2d4851a1d" />
    <TestEntry testId="a5e6cfdc-d03b-f615-c8e0-28221302a5bf" executionId="9f5dbcde-15f4-40ca-8bb6-a520b5f276d4" testListId="8c84fa94-04c1-424b-9868-57a2d4851a1d" />
    <TestEntry testId="ac548309-2e88-c8a4-d705-4a7b24fb90ba" executionId="130cd2ca-6d20-46d5-86e5-b46e496248ae" testListId="8c84fa94-04c1-424b-9868-57a2d4851a1d" />
    <TestEntry testId="ad91cda9-9814-1a36-0f02-b54d9338290d" executionId="0710b840-aab2-45de-9188-7f086015ec7b" testListId="8c84fa94-04c1-424b-9868-57a2d4851a1d" />
    <TestEntry testId="b1da090b-a3db-9650-592a-e5225ba14f6b" executionId="3a9e20a2-0f52-433a-80be-a257b4a30473" testListId="8c84fa94-04c1-424b-9868-57a2d4851a1d" />
    <TestEntry testId="b8acfc95-0d6c-ab8f-a160-166bb04d6eb2" executionId="6d76b5cf-79c9-4dc9-8cd5-02573491c77c" testListId="8c84fa94-04c1-424b-9868-57a2d4851a1d" />
    <TestEntry testId="bb3a00e2-007f-1587-d564-f9594eb6983d" executionId="17e3ea8a-b868-48e4-b968-4123cbd05b01" testListId="8c84fa94-04c1-424b-9868-57a2d4851a1d" />
    <TestEntry testId="c133290d-b738-c98a-dbf7-467c8ddc68ad" executionId="4c4cd9cb-3625-4c4c-9e18-aa7903f220dc" testListId="8c84fa94-04c1-424b-9868-57a2d4851a1d" />
    <TestEntry testId="c1ee7504-b576-9e6b-517e-ffa1dda8ffc2" executionId="9f70e6f5-0c33-441e-9e95-3bfc57af25be" testListId="8c84fa94-04c1-424b-9868-57a2d4851a1d" />
    <TestEntry testId="ce4cdb06-9a83-c9ce-a36f-f93949e7db7a" executionId="5bea2c78-db94-4486-a10a-c7f29b87f5d9" testListId="8c84fa94-04c1-424b-9868-57a2d4851a1d" />
    <TestEntry testId="d0d8aac3-5b85-92dc-1991-733ca49d9a47" executionId="bcc872f3-5556-4c45-84d7-72b548d4b446" testListId="8c84fa94-04c1-424b-9868-57a2d4851a1d" />
    <TestEntry testId="d8262a8e-d89e-2b9f-e798-821fadf1aba8" executionId="0d401c19-155e-4a88-9f89-4c38afae332e" testListId="8c84fa94-04c1-424b-9868-57a2d4851a1d" />
    <TestEntry testId="df3766e4-d9d5-4033-f867-72f676a21b6f" executionId="cecc9fde-076a-4566-b036-2afc5f5818c6" testListId="8c84fa94-04c1-424b-9868-57a2d4851a1d" />
    <TestEntry testId="e72c788c-f2e6-cdf4-0db3-f9780ecf9952" executionId="87d54557-ff97-4bbf-853c-9b43661550cd" testListId="8c84fa94-04c1-424b-9868-57a2d4851a1d" />
    <TestEntry testId="e9739bf6-987e-f1b9-877f-28f6763a05d1" executionId="21a6987c-a4fb-4ebf-8320-fe550d710902" testListId="8c84fa94-04c1-424b-9868-57a2d4851a1d" />
    <TestEntry testId="eabaa878-b3d8-ba0f-f5ec-66030ff1054c" executionId="274c8f4a-26c6-4c70-ac01-0e3b126af0f2" testListId="8c84fa94-04c1-424b-9868-57a2d4851a1d" />
    <TestEntry testId="f414574b-b094-fe02-704e-e2acfca1649c" executionId="0bd80d4c-0a8d-4e21-979a-060ea7932a7d" testListId="8c84fa94-04c1-424b-9868-57a2d4851a1d" />
    <TestEntry testId="f862bd14-606d-98a7-90b6-ba1671d10bcb" executionId="d0ca3dde-4470-4810-a368-711ae1cf512c" testListId="8c84fa94-04c1-424b-9868-57a2d4851a1d" />
    <TestEntry testId="f8963391-2a9e-7606-1d73-db13060dc7cf" executionId="5fd3ceda-d52d-4fba-b617-39cb7141ebb8" testListId="8c84fa94-04c1-424b-9868-57a2d4851a1d" />
    <TestEntry testId="f98565ef-7220-7c96-475e-4b1ff3a90883" executionId="633a95fd-c9ba-4cd4-a92c-a13739f00987" testListId="8c84fa94-04c1-424b-9868-57a2d4851a1d" />
    <TestEntry testId="fcb43331-0844-8756-08fe-c9f6b6f6a25c" executionId="cec8c6d5-469b-4832-9e8a-0b32fff6d29d" testListId="8c84fa94-04c1-424b-9868-57a2d4851a1d" />
  </TestEntries>
  <Results>
    <UnitTestResult executionId="3b72fcba-329c-45f4-9beb-77cbc34e9fc2" testId="05978091-f0ac-01b3-83aa-028d3b669724" testName="NameTest" computerName="OKRM-KOMPUTER" duration="00:00:00.0457117" startTime="2012-01-12T15:59:35.9453125+01:00" endTime="2012-01-12T15:59:36.2636718+01:00" testType="13cdc9d9-ddb5-4fa4-a97d-d965ccfc6d4b" outcome="Failed" testListId="8c84fa94-04c1-424b-9868-57a2d4851a1d" relativeResultsDirectory="3b72fcba-329c-45f4-9beb-77cbc34e9fc2">
      <Output>
        <ErrorInfo>
          <Message>Test method Zarzadzanie.Test.RolaTest.NameTest threw exception: 
System.NullReferenceException: Odwołanie do obiektu nie zostało ustawione na wystąpienie obiektu.</Message>
          <StackTrace>    w Zarzadzanie.Test.RolaTest.NameTest() w C:\Users\Okrm\Desktop\Projekt - zarzadzania uzytkownikami\saturas-Zarzadzanie-Uzytkownikami-975c2b5\saturas-Zarzadzanie-Uzytkownikami-975c2b5\Zarzadzanie.Test\RolaTest.cs:wiersz 83
</StackTrace>
        </ErrorInfo>
      </Output>
    </UnitTestResult>
    <UnitTestResult executionId="1f13f965-4af4-4813-8970-b8d649fb0880" testId="0a6c52c7-1161-916c-601e-e202ce7cca97" testName="NumerTest" computerName="OKRM-KOMPUTER" duration="00:00:00.0122632" startTime="2012-01-12T15:59:36.2753906+01:00" endTime="2012-01-12T15:59:36.2968750+01:00" testType="13cdc9d9-ddb5-4fa4-a97d-d965ccfc6d4b" outcome="Inconclusive" testListId="8c84fa94-04c1-424b-9868-57a2d4851a1d" relativeResultsDirectory="1f13f965-4af4-4813-8970-b8d649fb0880">
      <Output>
        <ErrorInfo>
          <Message>Assert.Inconclusive failed. Verify the correctness of this test method.</Message>
          <StackTrace>   w Zarzadzanie_Uzytkownikami.Tests.RolaKlientTest.NumerTest() w C:\Users\Okrm\Desktop\Projekt - zarzadzania uzytkownikami\saturas-Zarzadzanie-Uzytkownikami-975c2b5\saturas-Zarzadzanie-Uzytkownikami-975c2b5\Zarzadzanie.Test\RolaKlientTest.cs:wiersz 148
</StackTrace>
        </ErrorInfo>
      </Output>
    </UnitTestResult>
    <UnitTestResult executionId="6e62a69a-acf5-4611-8844-9ce38bc22f43" testId="0f522e79-d79a-b034-ec6a-efb0554ed60b" testName="ZlecenieConstructorTest" computerName="OKRM-KOMPUTER" duration="00:00:00.0019652" startTime="2012-01-12T15:59:36.3212890+01:00" endTime="2012-01-12T15:59:36.3476562+01:00" testType="13cdc9d9-ddb5-4fa4-a97d-d965ccfc6d4b" outcome="Inconclusive" testListId="8c84fa94-04c1-424b-9868-57a2d4851a1d" relativeResultsDirectory="6e62a69a-acf5-4611-8844-9ce38bc22f43">
      <Output>
        <ErrorInfo>
          <Message>Assert.Inconclusive failed. TODO: Implement code to verify target</Message>
          <StackTrace>   w Zarzadzanie.Test.ZlecenieTest.ZlecenieConstructorTest() w C:\Users\Okrm\Desktop\Projekt - zarzadzania uzytkownikami\saturas-Zarzadzanie-Uzytkownikami-975c2b5\saturas-Zarzadzanie-Uzytkownikami-975c2b5\Zarzadzanie.Test\ZlecenieTest.cs:wiersz 74
</StackTrace>
        </ErrorInfo>
      </Output>
    </UnitTestResult>
    <UnitTestResult executionId="d11ffb16-f152-461f-826f-10dbb54918f0" testId="1039187c-4e14-537e-ab54-518aeb80ee71" testName="MeldujPostepPracyTest" computerName="OKRM-KOMPUTER" duration="00:00:00.0074394" startTime="2012-01-12T15:59:36.3613281+01:00" endTime="2012-01-12T15:59:36.3740234+01:00" testType="13cdc9d9-ddb5-4fa4-a97d-d965ccfc6d4b" outcome="Inconclusive" testListId="8c84fa94-04c1-424b-9868-57a2d4851a1d" relativeResultsDirectory="d11ffb16-f152-461f-826f-10dbb54918f0">
      <Output>
        <ErrorInfo>
          <Message>Assert.Inconclusive failed. A method that does not return a value cannot be verified.</Message>
          <StackTrace>   w Zarzadzanie.Test.RolaTlumaczTest.MeldujPostepPracyTest() w C:\Users\Okrm\Desktop\Projekt - zarzadzania uzytkownikami\saturas-Zarzadzanie-Uzytkownikami-975c2b5\saturas-Zarzadzanie-Uzytkownikami-975c2b5\Zarzadzanie.Test\RolaTlumaczTest.cs:wiersz 87
</StackTrace>
        </ErrorInfo>
      </Output>
    </UnitTestResult>
    <UnitTestResult executionId="2356f7e5-5d33-4eb0-a9e9-be4b6400e9e3" testId="1386703f-b382-8725-4778-6e515b13e85e" testName="WeryfikujPrzydzialRoliTest" computerName="OKRM-KOMPUTER" duration="00:00:00.0077986" startTime="2012-01-12T15:59:36.3886718+01:00" endTime="2012-01-12T15:59:36.4023437+01:00" testType="13cdc9d9-ddb5-4fa4-a97d-d965ccfc6d4b" outcome="Failed" testListId="8c84fa94-04c1-424b-9868-57a2d4851a1d" relativeResultsDirectory="2356f7e5-5d33-4eb0-a9e9-be4b6400e9e3">
      <Output>
        <ErrorInfo>
          <Message>Test method Zarzadzanie_Uzytkownikami.Tests.RolaAdministratorTest.WeryfikujPrzydzialRoliTest threw exception: 
System.NullReferenceException: Odwołanie do obiektu nie zostało ustawione na wystąpienie obiektu.</Message>
          <StackTrace>    w Zarzadzanie_uzytkownikami.RolaAdministrator.WeryfikujPrzydzialRoli(LinkedList`1 users) w C:\Users\Okrm\Desktop\Projekt - zarzadzania uzytkownikami\saturas-Zarzadzanie-Uzytkownikami-975c2b5\saturas-Zarzadzanie-Uzytkownikami-975c2b5\Zarzadzanie uzytkownikami\Role\RolaAdministrator.cs:wiersz 40
   w Zarzadzanie_Uzytkownikami.Tests.RolaAdministratorTest.WeryfikujPrzydzialRoliTest() w C:\Users\Okrm\Desktop\Projekt - zarzadzania uzytkownikami\saturas-Zarzadzanie-Uzytkownikami-975c2b5\saturas-Zarzadzanie-Uzytkownikami-975c2b5\Zarzadzanie.Test\RolaAdministratorTest.cs:wiersz 151
</StackTrace>
        </ErrorInfo>
      </Output>
    </UnitTestResult>
    <UnitTestResult executionId="1df56cad-7a0b-42d0-bb50-a5e3756b6dba" testId="14974ae4-1e40-88d9-f966-53ea169ebefd" testName="RoleTest" computerName="OKRM-KOMPUTER" duration="00:00:00.0018203" startTime="2012-01-12T15:59:36.4160156+01:00" endTime="2012-01-12T15:59:36.4287109+01:00" testType="13cdc9d9-ddb5-4fa4-a97d-d965ccfc6d4b" outcome="Passed" testListId="8c84fa94-04c1-424b-9868-57a2d4851a1d" relativeResultsDirectory="1df56cad-7a0b-42d0-bb50-a5e3756b6dba">
    </UnitTestResult>
    <UnitTestResult executionId="440b80bc-aaf1-43b3-af08-6d4bea7a377a" testId="166ea43c-aada-9251-f431-64b4b4d587e8" testName="RolaAdministratorConstructorTest" computerName="OKRM-KOMPUTER" duration="00:00:00.0003634" startTime="2012-01-12T15:59:36.4326171+01:00" endTime="2012-01-12T15:59:36.4384765+01:00" testType="13cdc9d9-ddb5-4fa4-a97d-d965ccfc6d4b" outcome="Passed" testListId="8c84fa94-04c1-424b-9868-57a2d4851a1d" relativeResultsDirectory="440b80bc-aaf1-43b3-af08-6d4bea7a377a">
    </UnitTestResult>
    <UnitTestResult executionId="f6c56bbb-7343-4c87-988c-32d3c4ec734d" testId="173c2bf1-7b82-ff5b-5118-99785ebbfb00" testName="DodajNowegoAdministratoraTest" computerName="OKRM-KOMPUTER" duration="00:00:00.0059813" startTime="2012-01-12T15:59:36.4501953+01:00" endTime="2012-01-12T15:59:36.4667968+01:00" testType="13cdc9d9-ddb5-4fa4-a97d-d965ccfc6d4b" outcome="Passed" testListId="8c84fa94-04c1-424b-9868-57a2d4851a1d" relativeResultsDirectory="f6c56bbb-7343-4c87-988c-32d3c4ec734d">
    </UnitTestResult>
    <UnitTestResult executionId="b452f851-c342-429c-ab15-bf0d350a7024" testId="1b42ff37-c4f8-ae7a-b181-95870af37981" testName="NameTest" computerName="OKRM-KOMPUTER" duration="00:00:00.0018421" startTime="2012-01-12T15:59:36.4804687+01:00" endTime="2012-01-12T15:59:36.4882812+01:00" testType="13cdc9d9-ddb5-4fa4-a97d-d965ccfc6d4b" outcome="Inconclusive" testListId="8c84fa94-04c1-424b-9868-57a2d4851a1d" relativeResultsDirectory="b452f851-c342-429c-ab15-bf0d350a7024">
      <Output>
        <ErrorInfo>
          <Message>Assert.Inconclusive failed. Verify the correctness of this test method.</Message>
          <StackTrace>   w Zarzadzanie.Test.DokumentTest.NameTest() w C:\Users\Okrm\Desktop\Projekt - zarzadzania uzytkownikami\saturas-Zarzadzanie-Uzytkownikami-975c2b5\saturas-Zarzadzanie-Uzytkownikami-975c2b5\Zarzadzanie.Test\DokumentTest.cs:wiersz 89
</StackTrace>
        </ErrorInfo>
      </Output>
    </UnitTestResult>
    <UnitTestResult executionId="6aaba232-6912-45f9-8ba6-51339f91b644" testId="2111cdec-b51e-64d0-89a1-592f3f795f84" testName="PrzydzielZlecenieTest" computerName="OKRM-KOMPUTER" duration="00:00:00.0028089" startTime="2012-01-12T15:59:36.4980468+01:00" endTime="2012-01-12T15:59:36.5068359+01:00" testType="13cdc9d9-ddb5-4fa4-a97d-d965ccfc6d4b" outcome="Inconclusive" testListId="8c84fa94-04c1-424b-9868-57a2d4851a1d" relativeResultsDirectory="6aaba232-6912-45f9-8ba6-51339f91b644">
      <Output>
        <ErrorInfo>
          <Message>Assert.Inconclusive failed. A method that does not return a value cannot be verified.</Message>
          <StackTrace>   w Zarzadzanie.Test.RolaPracownikTest.PrzydzielZlecenieTest() w C:\Users\Okrm\Desktop\Projekt - zarzadzania uzytkownikami\saturas-Zarzadzanie-Uzytkownikami-975c2b5\saturas-Zarzadzanie-Uzytkownikami-975c2b5\Zarzadzanie.Test\RolaPracownikTest.cs:wiersz 113
</StackTrace>
        </ErrorInfo>
      </Output>
    </UnitTestResult>
    <UnitTestResult executionId="54733334-6b0b-4279-9d53-175f1836c205" testId="2b3e95f9-c9b1-d453-5455-7d833cc84a4e" testName="LoginTest" computerName="OKRM-KOMPUTER" duration="00:00:00.0008154" startTime="2012-01-12T15:59:36.5126953+01:00" endTime="2012-01-12T15:59:36.5224609+01:00" testType="13cdc9d9-ddb5-4fa4-a97d-d965ccfc6d4b" outcome="Passed" testListId="8c84fa94-04c1-424b-9868-57a2d4851a1d" relativeResultsDirectory="54733334-6b0b-4279-9d53-175f1836c205">
    </UnitTestResult>
    <UnitTestResult executionId="64eb21db-f2d1-4e3c-8fe8-36a7f53e1ea1" testId="3178001c-65da-5894-4de5-45f2a7c6ef84" testName="WeryfikujTest" computerName="OKRM-KOMPUTER" duration="00:00:00.0012238" startTime="2012-01-12T15:59:36.5322265+01:00" endTime="2012-01-12T15:59:36.5429687+01:00" testType="13cdc9d9-ddb5-4fa4-a97d-d965ccfc6d4b" outcome="Passed" testListId="8c84fa94-04c1-424b-9868-57a2d4851a1d" relativeResultsDirectory="64eb21db-f2d1-4e3c-8fe8-36a7f53e1ea1">
    </UnitTestResult>
    <UnitTestResult executionId="e3e61695-04eb-4060-bb6c-6160a42dcaac" testId="37ebaf08-dd55-e711-3c19-92a17dcbf0d3" testName="ListaNumerowTlumaczyKtorzyTlumaczyliTest" computerName="OKRM-KOMPUTER" duration="00:00:00.0029932" startTime="2012-01-12T15:59:36.5449218+01:00" endTime="2012-01-12T15:59:36.5673828+01:00" testType="13cdc9d9-ddb5-4fa4-a97d-d965ccfc6d4b" outcome="Inconclusive" testListId="8c84fa94-04c1-424b-9868-57a2d4851a1d" relativeResultsDirectory="e3e61695-04eb-4060-bb6c-6160a42dcaac">
      <Output>
        <ErrorInfo>
          <Message>Assert.Inconclusive failed. Verify the correctness of this test method.</Message>
          <StackTrace>   w Zarzadzanie.Test.ZlecenieArchiwalneTest.ListaNumerowTlumaczyKtorzyTlumaczyliTest() w C:\Users\Okrm\Desktop\Projekt - zarzadzania uzytkownikami\saturas-Zarzadzanie-Uzytkownikami-975c2b5\saturas-Zarzadzanie-Uzytkownikami-975c2b5\Zarzadzanie.Test\ZlecenieArchiwalneTest.cs:wiersz 101
</StackTrace>
        </ErrorInfo>
      </Output>
    </UnitTestResult>
    <UnitTestResult executionId="e8dc6a0d-0d3a-4791-852a-c95e657d723d" testId="3a59bfc9-041e-7e33-1650-a76f67410120" testName="RoleOczekujaceTest" computerName="OKRM-KOMPUTER" duration="00:00:00.0004648" startTime="2012-01-12T15:59:36.5703125+01:00" endTime="2012-01-12T15:59:36.5859375+01:00" testType="13cdc9d9-ddb5-4fa4-a97d-d965ccfc6d4b" outcome="Passed" testListId="8c84fa94-04c1-424b-9868-57a2d4851a1d" relativeResultsDirectory="e8dc6a0d-0d3a-4791-852a-c95e657d723d">
    </UnitTestResult>
    <UnitTestResult executionId="dd2b82ba-21db-4393-9821-1c9b345aae13" testId="3ae8f7a2-c929-8faf-e22c-fd5470e548a1" testName="UzytkownikConstructorTest" computerName="OKRM-KOMPUTER" duration="00:00:00.0004767" startTime="2012-01-12T15:59:36.5927734+01:00" endTime="2012-01-12T15:59:36.6005859+01:00" testType="13cdc9d9-ddb5-4fa4-a97d-d965ccfc6d4b" outcome="Passed" testListId="8c84fa94-04c1-424b-9868-57a2d4851a1d" relativeResultsDirectory="dd2b82ba-21db-4393-9821-1c9b345aae13">
    </UnitTestResult>
    <UnitTestResult executionId="f18cc0e6-b1d8-4dfd-b3c7-f77c162a94f5" testId="3b5582b3-d303-8198-b4f7-2bd9cee90085" testName="DodajZlecenieTest" computerName="OKRM-KOMPUTER" duration="00:00:00.0018848" startTime="2012-01-12T15:59:36.6064453+01:00" endTime="2012-01-12T15:59:36.6181640+01:00" testType="13cdc9d9-ddb5-4fa4-a97d-d965ccfc6d4b" outcome="Failed" testListId="8c84fa94-04c1-424b-9868-57a2d4851a1d" relativeResultsDirectory="f18cc0e6-b1d8-4dfd-b3c7-f77c162a94f5">
      <Output>
        <ErrorInfo>
          <Message>Test method Zarzadzanie.Test.RolaPracownikTest.DodajZlecenieTest threw exception: 
System.ArgumentNullException: Klucz nie może być zerowy.
Nazwa parametru: key</Message>
          <StackTrace>    w System.Collections.Hashtable.Insert(Object key, Object nvalue, Boolean add)
   w System.Collections.Hashtable.Add(Object key, Object value)
   w Zarzadzanie_uzytkownikami.RolaPracownik.DodajZlecenie(ZlecenieBiezace z, RolaKlient k) w C:\Users\Okrm\Desktop\Projekt - zarzadzania uzytkownikami\saturas-Zarzadzanie-Uzytkownikami-975c2b5\saturas-Zarzadzanie-Uzytkownikami-975c2b5\Zarzadzanie uzytkownikami\Role\RolaPracownik.cs:wiersz 68
   w Zarzadzanie.Test.RolaPracownikTest.DodajZlecenieTest() w C:\Users\Okrm\Desktop\Projekt - zarzadzania uzytkownikami\saturas-Zarzadzanie-Uzytkownikami-975c2b5\saturas-Zarzadzanie-Uzytkownikami-975c2b5\Zarzadzanie.Test\RolaPracownikTest.cs:wiersz 99
</StackTrace>
        </ErrorInfo>
      </Output>
    </UnitTestResult>
    <UnitTestResult executionId="330d0609-84b9-4bbe-97ac-8353ef81cce8" testId="3b6ec050-6969-750d-e6d6-acec7372d75a" testName="ListaUzytkownikowNiezalogowanychTest" computerName="OKRM-KOMPUTER" duration="00:00:00.0004023" startTime="2012-01-12T15:59:36.6289062+01:00" endTime="2012-01-12T15:59:36.6367187+01:00" testType="13cdc9d9-ddb5-4fa4-a97d-d965ccfc6d4b" outcome="Passed" testListId="8c84fa94-04c1-424b-9868-57a2d4851a1d" relativeResultsDirectory="330d0609-84b9-4bbe-97ac-8353ef81cce8">
    </UnitTestResult>
    <UnitTestResult executionId="df000eb5-b359-4a3b-b696-207f8c141850" testId="3b85baef-cf6a-4dc9-48f8-7079d3fabb57" testName="HasloTest" computerName="OKRM-KOMPUTER" duration="00:00:00.0002775" startTime="2012-01-12T15:59:36.6455078+01:00" endTime="2012-01-12T15:59:36.6533203+01:00" testType="13cdc9d9-ddb5-4fa4-a97d-d965ccfc6d4b" outcome="Passed" testListId="8c84fa94-04c1-424b-9868-57a2d4851a1d" relativeResultsDirectory="df000eb5-b359-4a3b-b696-207f8c141850">
    </UnitTestResult>
    <UnitTestResult executionId="9d229a92-60ee-45d0-9dbe-fdf789d825e7" testId="3bded695-a44d-d000-f8bd-32e5d3767d74" testName="ListaUzytkownikowZalogowanychTest" computerName="OKRM-KOMPUTER" duration="00:00:00.0013277" startTime="2012-01-12T15:59:36.6660156+01:00" endTime="2012-01-12T15:59:36.6826171+01:00" testType="13cdc9d9-ddb5-4fa4-a97d-d965ccfc6d4b" outcome="Passed" testListId="8c84fa94-04c1-424b-9868-57a2d4851a1d" relativeResultsDirectory="9d229a92-60ee-45d0-9dbe-fdf789d825e7">
    </UnitTestResult>
    <UnitTestResult executionId="45d9a6a4-0897-46f0-9c74-e7014bae788c" testId="3e4dd43f-c71e-ac33-2983-bf0bbad2c8ba" testName="ImieTest" computerName="OKRM-KOMPUTER" duration="00:00:00.0002681" startTime="2012-01-12T15:59:36.6953125+01:00" endTime="2012-01-12T15:59:36.7089843+01:00" testType="13cdc9d9-ddb5-4fa4-a97d-d965ccfc6d4b" outcome="Passed" testListId="8c84fa94-04c1-424b-9868-57a2d4851a1d" relativeResultsDirectory="45d9a6a4-0897-46f0-9c74-e7014bae788c">
    </UnitTestResult>
    <UnitTestResult executionId="1eaed203-cf06-4bfe-9169-6cb1eb91a48f" testId="3eec3270-513e-8277-3d4a-f4dfd8b693f3" testName="ListaNazwDokumentowTest" computerName="OKRM-KOMPUTER" duration="00:00:00.0009710" startTime="2012-01-12T15:59:36.7207031+01:00" endTime="2012-01-12T15:59:36.7304687+01:00" testType="13cdc9d9-ddb5-4fa4-a97d-d965ccfc6d4b" outcome="Inconclusive" testListId="8c84fa94-04c1-424b-9868-57a2d4851a1d" relativeResultsDirectory="1eaed203-cf06-4bfe-9169-6cb1eb91a48f">
      <Output>
        <ErrorInfo>
          <Message>Assert.Inconclusive failed. Verify the correctness of this test method.</Message>
          <StackTrace>   w Zarzadzanie.Test.ZlecenieArchiwalneTest.ListaNazwDokumentowTest() w C:\Users\Okrm\Desktop\Projekt - zarzadzania uzytkownikami\saturas-Zarzadzanie-Uzytkownikami-975c2b5\saturas-Zarzadzanie-Uzytkownikami-975c2b5\Zarzadzanie.Test\ZlecenieArchiwalneTest.cs:wiersz 119
</StackTrace>
        </ErrorInfo>
      </Output>
    </UnitTestResult>
    <UnitTestResult executionId="6ea780b8-1aab-46af-b979-87025f0f5dbd" testId="48cda8c2-9ebd-6efc-17bf-b926ccdc6b8c" testName="RolaKlientConstructorTest" computerName="OKRM-KOMPUTER" duration="00:00:00.0009441" startTime="2012-01-12T15:59:36.7314453+01:00" endTime="2012-01-12T15:59:36.7480468+01:00" testType="13cdc9d9-ddb5-4fa4-a97d-d965ccfc6d4b" outcome="Passed" testListId="8c84fa94-04c1-424b-9868-57a2d4851a1d" relativeResultsDirectory="6ea780b8-1aab-46af-b979-87025f0f5dbd">
    </UnitTestResult>
    <UnitTestResult executionId="d4b93812-9792-4585-b6c7-9fc6e9b750a9" testId="49773854-983f-3153-1426-cb816c08b596" testName="ListaWykonywanychZlecenTest" computerName="OKRM-KOMPUTER" duration="00:00:00.0009407" startTime="2012-01-12T15:59:36.7539062+01:00" endTime="2012-01-12T15:59:36.7656250+01:00" testType="13cdc9d9-ddb5-4fa4-a97d-d965ccfc6d4b" outcome="Inconclusive" testListId="8c84fa94-04c1-424b-9868-57a2d4851a1d" relativeResultsDirectory="d4b93812-9792-4585-b6c7-9fc6e9b750a9">
      <Output>
        <ErrorInfo>
          <Message>Assert.Inconclusive failed. Verify the correctness of this test method.</Message>
          <StackTrace>   w Zarzadzanie.Test.RolaTlumaczTest.ListaWykonywanychZlecenTest() w C:\Users\Okrm\Desktop\Projekt - zarzadzania uzytkownikami\saturas-Zarzadzanie-Uzytkownikami-975c2b5\saturas-Zarzadzanie-Uzytkownikami-975c2b5\Zarzadzanie.Test\RolaTlumaczTest.cs:wiersz 102
</StackTrace>
        </ErrorInfo>
      </Output>
    </UnitTestResult>
    <UnitTestResult executionId="d9cb0ecd-9799-4fa6-b900-f6428b6aaf58" testId="49f53d69-db2d-f5da-10a3-ae5515be3bbf" testName="NumerKlientaTest" computerName="OKRM-KOMPUTER" duration="00:00:00.0017317" startTime="2012-01-12T15:59:36.7675781+01:00" endTime="2012-01-12T15:59:36.7841796+01:00" testType="13cdc9d9-ddb5-4fa4-a97d-d965ccfc6d4b" outcome="Inconclusive" testListId="8c84fa94-04c1-424b-9868-57a2d4851a1d" relativeResultsDirectory="d9cb0ecd-9799-4fa6-b900-f6428b6aaf58">
      <Output>
        <ErrorInfo>
          <Message>Assert.Inconclusive failed. Verify the correctness of this test method.</Message>
          <StackTrace>   w Zarzadzanie.Test.ZlecenieArchiwalneTest.NumerKlientaTest() w C:\Users\Okrm\Desktop\Projekt - zarzadzania uzytkownikami\saturas-Zarzadzanie-Uzytkownikami-975c2b5\saturas-Zarzadzanie-Uzytkownikami-975c2b5\Zarzadzanie.Test\ZlecenieArchiwalneTest.cs:wiersz 83
</StackTrace>
        </ErrorInfo>
      </Output>
    </UnitTestResult>
    <UnitTestResult executionId="736ba9bb-c72f-40f2-b08e-83c9c83d6a7e" testId="504c366e-44a7-ec81-265a-60e486898e6e" testName="RolaPracownikConstructorTest" computerName="OKRM-KOMPUTER" duration="00:00:00.0006559" startTime="2012-01-12T15:59:36.7949218+01:00" endTime="2012-01-12T15:59:36.8066406+01:00" testType="13cdc9d9-ddb5-4fa4-a97d-d965ccfc6d4b" outcome="Inconclusive" testListId="8c84fa94-04c1-424b-9868-57a2d4851a1d" relativeResultsDirectory="736ba9bb-c72f-40f2-b08e-83c9c83d6a7e">
      <Output>
        <ErrorInfo>
          <Message>Assert.Inconclusive failed. TODO: Implement code to verify target</Message>
          <StackTrace>   w Zarzadzanie.Test.RolaPracownikTest.RolaPracownikConstructorTest() w C:\Users\Okrm\Desktop\Projekt - zarzadzania uzytkownikami\saturas-Zarzadzanie-Uzytkownikami-975c2b5\saturas-Zarzadzanie-Uzytkownikami-975c2b5\Zarzadzanie.Test\RolaPracownikTest.cs:wiersz 76
</StackTrace>
        </ErrorInfo>
      </Output>
    </UnitTestResult>
    <UnitTestResult executionId="94aab33b-e220-4b0e-9a23-3234963e6ebf" testId="519de9e3-74d7-1d8e-7964-df05b50898a6" testName="ListaUzytkownikowNiezweryfikowanychTest" computerName="OKRM-KOMPUTER" duration="00:00:00.0003630" startTime="2012-01-12T15:59:36.8164062+01:00" endTime="2012-01-12T15:59:36.8251953+01:00" testType="13cdc9d9-ddb5-4fa4-a97d-d965ccfc6d4b" outcome="Passed" testListId="8c84fa94-04c1-424b-9868-57a2d4851a1d" relativeResultsDirectory="94aab33b-e220-4b0e-9a23-3234963e6ebf">
    </UnitTestResult>
    <UnitTestResult executionId="15572efd-00b4-42f5-8e03-b6e6a113ab58" testId="56219019-affe-595a-6416-48f9287dd9eb" testName="PrzegladajHistorieZLecenTest" computerName="OKRM-KOMPUTER" duration="00:00:00.0077605" startTime="2012-01-12T15:59:36.8320312+01:00" endTime="2012-01-12T15:59:36.8583984+01:00" testType="13cdc9d9-ddb5-4fa4-a97d-d965ccfc6d4b" outcome="Failed" testListId="8c84fa94-04c1-424b-9868-57a2d4851a1d" relativeResultsDirectory="15572efd-00b4-42f5-8e03-b6e6a113ab58">
      <Output>
        <ErrorInfo>
          <Message>Assert.AreEqual failed. Expected:&lt;(null)&gt;. Actual:&lt;System.Collections.Generic.LinkedList`1[Zarzadzanie_uzytkownikami.ZlecenieArchiwalne]&gt;. </Message>
          <StackTrace>   w Zarzadzanie_Uzytkownikami.Tests.RolaKlientTest.PrzegladajHistorieZLecenTest() w C:\Users\Okrm\Desktop\Projekt - zarzadzania uzytkownikami\saturas-Zarzadzanie-Uzytkownikami-975c2b5\saturas-Zarzadzanie-Uzytkownikami-975c2b5\Zarzadzanie.Test\RolaKlientTest.cs:wiersz 90
</StackTrace>
        </ErrorInfo>
      </Output>
    </UnitTestResult>
    <UnitTestResult executionId="754679de-d527-471a-8a4a-3e9bb95c9e67" testId="56334147-1f5c-1d82-bf78-6e17cdd1fdcc" testName="WeryfikujPoprawnoscTest" computerName="OKRM-KOMPUTER" duration="00:00:00.0142781" startTime="2012-01-12T15:59:36.8857421+01:00" endTime="2012-01-12T15:59:36.9199218+01:00" testType="13cdc9d9-ddb5-4fa4-a97d-d965ccfc6d4b" outcome="Passed" testListId="8c84fa94-04c1-424b-9868-57a2d4851a1d" relativeResultsDirectory="754679de-d527-471a-8a4a-3e9bb95c9e67">
    </UnitTestResult>
    <UnitTestResult executionId="9431aacb-41c0-4ab3-a1a7-051fdfd4bc08" testId="5b7704fd-a0e4-ed35-63c8-c95a40ae20ce" testName="getInstanceTest" computerName="OKRM-KOMPUTER" duration="00:00:00.0001988" startTime="2012-01-12T15:59:36.9296875+01:00" endTime="2012-01-12T15:59:36.9423828+01:00" testType="13cdc9d9-ddb5-4fa4-a97d-d965ccfc6d4b" outcome="Passed" testListId="8c84fa94-04c1-424b-9868-57a2d4851a1d" relativeResultsDirectory="9431aacb-41c0-4ab3-a1a7-051fdfd4bc08">
    </UnitTestResult>
    <UnitTestResult executionId="33843ec4-00cb-4252-9694-b89376a8481e" testId="5e956492-2229-1a7d-1256-c3a43fe464f9" testName="ZlozZlecenieTest" computerName="OKRM-KOMPUTER" duration="00:00:00.0023180" startTime="2012-01-12T15:59:36.9443359+01:00" endTime="2012-01-12T15:59:36.9599609+01:00" testType="13cdc9d9-ddb5-4fa4-a97d-d965ccfc6d4b" outcome="Failed" testListId="8c84fa94-04c1-424b-9868-57a2d4851a1d" relativeResultsDirectory="33843ec4-00cb-4252-9694-b89376a8481e">
      <Output>
        <ErrorInfo>
          <Message>Test method Zarzadzanie_Uzytkownikami.Tests.RolaKlientTest.ZlozZlecenieTest threw exception: 
System.NullReferenceException: Odwołanie do obiektu nie zostało ustawione na wystąpienie obiektu.</Message>
          <StackTrace>    w Zarzadzanie_uzytkownikami.RolaKlient.ZlozZlecenie(LinkedList`1 dokumenty, DateTime terminUkonczenia) w C:\Users\Okrm\Desktop\Projekt - zarzadzania uzytkownikami\saturas-Zarzadzanie-Uzytkownikami-975c2b5\saturas-Zarzadzanie-Uzytkownikami-975c2b5\Zarzadzanie uzytkownikami\Role\RolaKlient.cs:wiersz 46
   w Zarzadzanie_Uzytkownikami.Tests.RolaKlientTest.ZlozZlecenieTest() w C:\Users\Okrm\Desktop\Projekt - zarzadzania uzytkownikami\saturas-Zarzadzanie-Uzytkownikami-975c2b5\saturas-Zarzadzanie-Uzytkownikami-975c2b5\Zarzadzanie.Test\RolaKlientTest.cs:wiersz 117
</StackTrace>
        </ErrorInfo>
      </Output>
    </UnitTestResult>
    <UnitTestResult executionId="c09716a7-db9e-4504-b021-b473e0ba850e" testId="6b11ba16-22e8-dd16-4e4e-6827b12fc0bc" testName="NazwiskoTest" computerName="OKRM-KOMPUTER" duration="00:00:00.0010493" startTime="2012-01-12T15:59:36.9619140+01:00" endTime="2012-01-12T15:59:36.9824218+01:00" testType="13cdc9d9-ddb5-4fa4-a97d-d965ccfc6d4b" outcome="Passed" testListId="8c84fa94-04c1-424b-9868-57a2d4851a1d" relativeResultsDirectory="c09716a7-db9e-4504-b021-b473e0ba850e">
    </UnitTestResult>
    <UnitTestResult executionId="c4805891-bbfe-4fc0-8d17-5afc16715ae5" testId="6c257bae-a8df-31ac-b3f4-3f9ca8bdbf93" testName="RejestrujNowegoTlumaczaTest" computerName="OKRM-KOMPUTER" duration="00:00:00.0008954" startTime="2012-01-12T15:59:36.9912109+01:00" endTime="2012-01-12T15:59:37.0000000+01:00" testType="13cdc9d9-ddb5-4fa4-a97d-d965ccfc6d4b" outcome="Passed" testListId="8c84fa94-04c1-424b-9868-57a2d4851a1d" relativeResultsDirectory="c4805891-bbfe-4fc0-8d17-5afc16715ae5">
    </UnitTestResult>
    <UnitTestResult executionId="f2a6738e-93de-482b-9217-dc0f4c981f6c" testId="7aaa9e5d-f821-2b44-afa3-7b32fefca889" testName="ListaUzytkownikowZNowymiRolamiTest" computerName="OKRM-KOMPUTER" duration="00:00:00.0003544" startTime="2012-01-12T15:59:37.0048828+01:00" endTime="2012-01-12T15:59:37.0156250+01:00" testType="13cdc9d9-ddb5-4fa4-a97d-d965ccfc6d4b" outcome="Passed" testListId="8c84fa94-04c1-424b-9868-57a2d4851a1d" relativeResultsDirectory="f2a6738e-93de-482b-9217-dc0f4c981f6c">
    </UnitTestResult>
    <UnitTestResult executionId="c09e0f96-311d-4b3f-bb1d-677157b74bff" testId="7b939219-f612-895a-caab-ad286d6b7074" testName="NumeratorTest" computerName="OKRM-KOMPUTER" duration="00:00:00.0008633" startTime="2012-01-12T15:59:37.0166015+01:00" endTime="2012-01-12T15:59:37.0312500+01:00" testType="13cdc9d9-ddb5-4fa4-a97d-d965ccfc6d4b" outcome="Inconclusive" testListId="8c84fa94-04c1-424b-9868-57a2d4851a1d" relativeResultsDirectory="c09e0f96-311d-4b3f-bb1d-677157b74bff">
      <Output>
        <ErrorInfo>
          <Message>Assert.Inconclusive failed. Verify the correctness of this test method.</Message>
          <StackTrace>   w Zarzadzanie.Test.RolaTlumaczTest.NumeratorTest() w C:\Users\Okrm\Desktop\Projekt - zarzadzania uzytkownikami\saturas-Zarzadzanie-Uzytkownikami-975c2b5\saturas-Zarzadzanie-Uzytkownikami-975c2b5\Zarzadzanie.Test\RolaTlumaczTest.cs:wiersz 132
</StackTrace>
        </ErrorInfo>
      </Output>
    </UnitTestResult>
    <UnitTestResult executionId="4aeb7ba6-61d2-4e97-9d15-08dfb21fb477" testId="7f142f7d-2b12-19ca-6126-9fc25dceeeb4" testName="DodajPracownikaTest" computerName="OKRM-KOMPUTER" duration="00:00:00.0017809" startTime="2012-01-12T15:59:37.0332031+01:00" endTime="2012-01-12T15:59:37.0537109+01:00" testType="13cdc9d9-ddb5-4fa4-a97d-d965ccfc6d4b" outcome="Passed" testListId="8c84fa94-04c1-424b-9868-57a2d4851a1d" relativeResultsDirectory="4aeb7ba6-61d2-4e97-9d15-08dfb21fb477">
    </UnitTestResult>
    <UnitTestResult executionId="965cb3ed-1f67-428d-bfff-f00e76e13dce" testId="8cd14aed-2c28-4319-a8ad-3ad65c3ac7ca" testName="DokumentConstructorTest" computerName="OKRM-KOMPUTER" duration="00:00:00.0006991" startTime="2012-01-12T15:59:37.0615234+01:00" endTime="2012-01-12T15:59:37.0673828+01:00" testType="13cdc9d9-ddb5-4fa4-a97d-d965ccfc6d4b" outcome="Inconclusive" testListId="8c84fa94-04c1-424b-9868-57a2d4851a1d" relativeResultsDirectory="965cb3ed-1f67-428d-bfff-f00e76e13dce">
      <Output>
        <ErrorInfo>
          <Message>Assert.Inconclusive failed. TODO: Implement code to verify target</Message>
          <StackTrace>   w Zarzadzanie.Test.DokumentTest.DokumentConstructorTest() w C:\Users\Okrm\Desktop\Projekt - zarzadzania uzytkownikami\saturas-Zarzadzanie-Uzytkownikami-975c2b5\saturas-Zarzadzanie-Uzytkownikami-975c2b5\Zarzadzanie.Test\DokumentTest.cs:wiersz 74
</StackTrace>
        </ErrorInfo>
      </Output>
    </UnitTestResult>
    <UnitTestResult executionId="27bf692a-fdb2-42e6-8b39-d3e6ef6b24df" testId="9537e62d-8a43-33e3-f7b1-9fd832d01126" testName="DodajAdministratoraTest" computerName="OKRM-KOMPUTER" duration="00:00:00.0003737" startTime="2012-01-12T15:59:37.0781250+01:00" endTime="2012-01-12T15:59:37.0869140+01:00" testType="13cdc9d9-ddb5-4fa4-a97d-d965ccfc6d4b" outcome="Passed" testListId="8c84fa94-04c1-424b-9868-57a2d4851a1d" relativeResultsDirectory="27bf692a-fdb2-42e6-8b39-d3e6ef6b24df">
    </UnitTestResult>
    <UnitTestResult executionId="63bb2dc5-840a-46fd-af3a-0b914ff536cb" testId="992b2dc9-2ec3-8482-6862-5625ed92f6cc" testName="ZlecenieBiezaceConstructorTest" computerName="OKRM-KOMPUTER" duration="00:00:00.0010224" startTime="2012-01-12T15:59:37.0947265+01:00" endTime="2012-01-12T15:59:37.1035156+01:00" testType="13cdc9d9-ddb5-4fa4-a97d-d965ccfc6d4b" outcome="Inconclusive" testListId="8c84fa94-04c1-424b-9868-57a2d4851a1d" relativeResultsDirectory="63bb2dc5-840a-46fd-af3a-0b914ff536cb">
      <Output>
        <ErrorInfo>
          <Message>Assert.Inconclusive failed. TODO: Implement code to verify target</Message>
          <StackTrace>   w Zarzadzanie.Test.ZlecenieBiezaceTest.ZlecenieBiezaceConstructorTest() w C:\Users\Okrm\Desktop\Projekt - zarzadzania uzytkownikami\saturas-Zarzadzanie-Uzytkownikami-975c2b5\saturas-Zarzadzanie-Uzytkownikami-975c2b5\Zarzadzanie.Test\ZlecenieBiezaceTest.cs:wiersz 79
</StackTrace>
        </ErrorInfo>
      </Output>
    </UnitTestResult>
    <UnitTestResult executionId="a2b1ac44-d16d-4214-88bf-cb1f16b6d7f0" testId="9c97b3a4-4c72-95fe-740e-5c12ee2c3741" testName="DodajNowegoPracownikaTest" computerName="OKRM-KOMPUTER" duration="00:00:00.0005396" startTime="2012-01-12T15:59:37.1044921+01:00" endTime="2012-01-12T15:59:37.1201171+01:00" testType="13cdc9d9-ddb5-4fa4-a97d-d965ccfc6d4b" outcome="Passed" testListId="8c84fa94-04c1-424b-9868-57a2d4851a1d" relativeResultsDirectory="a2b1ac44-d16d-4214-88bf-cb1f16b6d7f0">
    </UnitTestResult>
    <UnitTestResult executionId="36af1696-ee8b-4518-a37c-e0982acb306a" testId="9e7a6284-d084-1251-0587-2e5b35dc81bb" testName="ListaZlecenBiezacychNieprzydzielonychTest" computerName="OKRM-KOMPUTER" duration="00:00:00.0008419" startTime="2012-01-12T15:59:37.1210937+01:00" endTime="2012-01-12T15:59:37.1337890+01:00" testType="13cdc9d9-ddb5-4fa4-a97d-d965ccfc6d4b" outcome="Inconclusive" testListId="8c84fa94-04c1-424b-9868-57a2d4851a1d" relativeResultsDirectory="36af1696-ee8b-4518-a37c-e0982acb306a">
      <Output>
        <ErrorInfo>
          <Message>Assert.Inconclusive failed. Verify the correctness of this test method.</Message>
          <StackTrace>   w Zarzadzanie.Test.RolaPracownikTest.ListaZlecenBiezacychNieprzydzielonychTest() w C:\Users\Okrm\Desktop\Projekt - zarzadzania uzytkownikami\saturas-Zarzadzanie-Uzytkownikami-975c2b5\saturas-Zarzadzanie-Uzytkownikami-975c2b5\Zarzadzanie.Test\RolaPracownikTest.cs:wiersz 142
</StackTrace>
        </ErrorInfo>
      </Output>
    </UnitTestResult>
    <UnitTestResult executionId="39f41691-e4f6-4a37-adf7-cbb9b231b9c4" testId="a2afdcef-aa1e-be44-1bdb-2104424d4f22" testName="ArchiwizujTest" computerName="OKRM-KOMPUTER" duration="00:00:00.0011511" startTime="2012-01-12T15:59:37.1347656+01:00" endTime="2012-01-12T15:59:37.1523437+01:00" testType="13cdc9d9-ddb5-4fa4-a97d-d965ccfc6d4b" outcome="Inconclusive" testListId="8c84fa94-04c1-424b-9868-57a2d4851a1d" relativeResultsDirectory="39f41691-e4f6-4a37-adf7-cbb9b231b9c4">
      <Output>
        <ErrorInfo>
          <Message>Assert.Inconclusive failed. A method that does not return a value cannot be verified.</Message>
          <StackTrace>   w Zarzadzanie.Test.ZlecenieBiezaceTest.ArchiwizujTest() w C:\Users\Okrm\Desktop\Projekt - zarzadzania uzytkownikami\saturas-Zarzadzanie-Uzytkownikami-975c2b5\saturas-Zarzadzanie-Uzytkownikami-975c2b5\Zarzadzanie.Test\ZlecenieBiezaceTest.cs:wiersz 93
</StackTrace>
        </ErrorInfo>
      </Output>
    </UnitTestResult>
    <UnitTestResult executionId="9f5dbcde-15f4-40ca-8bb6-a520b5f276d4" testId="a5e6cfdc-d03b-f615-c8e0-28221302a5bf" testName="RejestrujNowegoKlientaTest" computerName="OKRM-KOMPUTER" duration="00:00:00.0004421" startTime="2012-01-12T15:59:37.1542968+01:00" endTime="2012-01-12T15:59:37.1699218+01:00" testType="13cdc9d9-ddb5-4fa4-a97d-d965ccfc6d4b" outcome="Passed" testListId="8c84fa94-04c1-424b-9868-57a2d4851a1d" relativeResultsDirectory="9f5dbcde-15f4-40ca-8bb6-a520b5f276d4">
    </UnitTestResult>
    <UnitTestResult executionId="130cd2ca-6d20-46d5-86e5-b46e496248ae" testId="ac548309-2e88-c8a4-d705-4a7b24fb90ba" testName="ListaZlecenBiezacychPrzydzielonychTest" computerName="OKRM-KOMPUTER" duration="00:00:00.0008761" startTime="2012-01-12T15:59:37.1728515+01:00" endTime="2012-01-12T15:59:37.1875000+01:00" testType="13cdc9d9-ddb5-4fa4-a97d-d965ccfc6d4b" outcome="Inconclusive" testListId="8c84fa94-04c1-424b-9868-57a2d4851a1d" relativeResultsDirectory="130cd2ca-6d20-46d5-86e5-b46e496248ae">
      <Output>
        <ErrorInfo>
          <Message>Assert.Inconclusive failed. Verify the correctness of this test method.</Message>
          <StackTrace>   w Zarzadzanie.Test.RolaPracownikTest.ListaZlecenBiezacychPrzydzielonychTest() w C:\Users\Okrm\Desktop\Projekt - zarzadzania uzytkownikami\saturas-Zarzadzanie-Uzytkownikami-975c2b5\saturas-Zarzadzanie-Uzytkownikami-975c2b5\Zarzadzanie.Test\RolaPracownikTest.cs:wiersz 156
</StackTrace>
        </ErrorInfo>
      </Output>
    </UnitTestResult>
    <UnitTestResult executionId="0710b840-aab2-45de-9188-7f086015ec7b" testId="ad91cda9-9814-1a36-0f02-b54d9338290d" testName="PrzegladajPostepBiezacychZLecenTest" computerName="OKRM-KOMPUTER" duration="00:00:00.0030043" startTime="2012-01-12T15:59:37.1894531+01:00" endTime="2012-01-12T15:59:37.2060546+01:00" testType="13cdc9d9-ddb5-4fa4-a97d-d965ccfc6d4b" outcome="Failed" testListId="8c84fa94-04c1-424b-9868-57a2d4851a1d" relativeResultsDirectory="0710b840-aab2-45de-9188-7f086015ec7b">
      <Output>
        <ErrorInfo>
          <Message>Test method Zarzadzanie_Uzytkownikami.Tests.RolaKlientTest.PrzegladajPostepBiezacychZLecenTest threw exception: 
System.NullReferenceException: Odwołanie do obiektu nie zostało ustawione na wystąpienie obiektu.</Message>
          <StackTrace>    w Zarzadzanie_uzytkownikami.RolaKlient.PrzegladajPostepBiezacychZLecen() w C:\Users\Okrm\Desktop\Projekt - zarzadzania uzytkownikami\saturas-Zarzadzanie-Uzytkownikami-975c2b5\saturas-Zarzadzanie-Uzytkownikami-975c2b5\Zarzadzanie uzytkownikami\Role\RolaKlient.cs:wiersz 62
   w Zarzadzanie_Uzytkownikami.Tests.RolaKlientTest.PrzegladajPostepBiezacychZLecenTest() w C:\Users\Okrm\Desktop\Projekt - zarzadzania uzytkownikami\saturas-Zarzadzanie-Uzytkownikami-975c2b5\saturas-Zarzadzanie-Uzytkownikami-975c2b5\Zarzadzanie.Test\RolaKlientTest.cs:wiersz 103
</StackTrace>
        </ErrorInfo>
      </Output>
    </UnitTestResult>
    <UnitTestResult executionId="3a9e20a2-0f52-433a-80be-a257b4a30473" testId="b1da090b-a3db-9650-592a-e5225ba14f6b" testName="NumerKlientaTest" computerName="OKRM-KOMPUTER" duration="00:00:00.0008492" startTime="2012-01-12T15:59:37.2158203+01:00" endTime="2012-01-12T15:59:37.2255859+01:00" testType="13cdc9d9-ddb5-4fa4-a97d-d965ccfc6d4b" outcome="Inconclusive" testListId="8c84fa94-04c1-424b-9868-57a2d4851a1d" relativeResultsDirectory="3a9e20a2-0f52-433a-80be-a257b4a30473">
      <Output>
        <ErrorInfo>
          <Message>Assert.Inconclusive failed. Verify the correctness of this test method.</Message>
          <StackTrace>   w Zarzadzanie.Test.ZlecenieBiezaceTest.NumerKlientaTest() w C:\Users\Okrm\Desktop\Projekt - zarzadzania uzytkownikami\saturas-Zarzadzanie-Uzytkownikami-975c2b5\saturas-Zarzadzanie-Uzytkownikami-975c2b5\Zarzadzanie.Test\ZlecenieBiezaceTest.cs:wiersz 146
</StackTrace>
        </ErrorInfo>
      </Output>
    </UnitTestResult>
    <UnitTestResult executionId="6d76b5cf-79c9-4dc9-8cd5-02573491c77c" testId="b8acfc95-0d6c-ab8f-a160-166bb04d6eb2" testName="ListaZlecenTest" computerName="OKRM-KOMPUTER" duration="00:00:00.0049939" startTime="2012-01-12T15:59:37.2275390+01:00" endTime="2012-01-12T15:59:37.2460937+01:00" testType="13cdc9d9-ddb5-4fa4-a97d-d965ccfc6d4b" outcome="Passed" testListId="8c84fa94-04c1-424b-9868-57a2d4851a1d" relativeResultsDirectory="6d76b5cf-79c9-4dc9-8cd5-02573491c77c">
    </UnitTestResult>
    <UnitTestResult executionId="17e3ea8a-b868-48e4-b968-4123cbd05b01" testId="bb3a00e2-007f-1587-d564-f9594eb6983d" testName="GetInstanceTest" computerName="OKRM-KOMPUTER" duration="00:00:00.0001928" startTime="2012-01-12T15:59:37.2480468+01:00" endTime="2012-01-12T15:59:37.2626953+01:00" testType="13cdc9d9-ddb5-4fa4-a97d-d965ccfc6d4b" outcome="Passed" testListId="8c84fa94-04c1-424b-9868-57a2d4851a1d" relativeResultsDirectory="17e3ea8a-b868-48e4-b968-4123cbd05b01">
    </UnitTestResult>
    <UnitTestResult executionId="4c4cd9cb-3625-4c4c-9e18-aa7903f220dc" testId="c133290d-b738-c98a-dbf7-467c8ddc68ad" testName="ListaTlumaczyTest" computerName="OKRM-KOMPUTER" duration="00:00:00.0009689" startTime="2012-01-12T15:59:37.2636718+01:00" endTime="2012-01-12T15:59:37.2792968+01:00" testType="13cdc9d9-ddb5-4fa4-a97d-d965ccfc6d4b" outcome="Inconclusive" testListId="8c84fa94-04c1-424b-9868-57a2d4851a1d" relativeResultsDirectory="4c4cd9cb-3625-4c4c-9e18-aa7903f220dc">
      <Output>
        <ErrorInfo>
          <Message>Assert.Inconclusive failed. Verify the correctness of this test method.</Message>
          <StackTrace>   w Zarzadzanie.Test.RolaPracownikTest.ListaTlumaczyTest() w C:\Users\Okrm\Desktop\Projekt - zarzadzania uzytkownikami\saturas-Zarzadzanie-Uzytkownikami-975c2b5\saturas-Zarzadzanie-Uzytkownikami-975c2b5\Zarzadzanie.Test\RolaPracownikTest.cs:wiersz 128
</StackTrace>
        </ErrorInfo>
      </Output>
    </UnitTestResult>
    <UnitTestResult executionId="9f70e6f5-0c33-441e-9e95-3bfc57af25be" testId="c1ee7504-b576-9e6b-517e-ffa1dda8ffc2" testName="ZwrocRekordyKlientaTest" computerName="OKRM-KOMPUTER" duration="00:00:00.0017429" startTime="2012-01-12T15:59:37.2910156+01:00" endTime="2012-01-12T15:59:37.2998046+01:00" testType="13cdc9d9-ddb5-4fa4-a97d-d965ccfc6d4b" outcome="Failed" testListId="8c84fa94-04c1-424b-9868-57a2d4851a1d" relativeResultsDirectory="9f70e6f5-0c33-441e-9e95-3bfc57af25be">
      <Output>
        <ErrorInfo>
          <Message>Assert.AreEqual failed. Expected:&lt;System.Collections.Generic.LinkedList`1[Zarzadzanie_uzytkownikami.ZlecenieArchiwalne]&gt;. Actual:&lt;System.Collections.Generic.LinkedList`1[Zarzadzanie_uzytkownikami.ZlecenieArchiwalne]&gt;. </Message>
          <StackTrace>   w Zarzadzanie_Uzytkownikami.Tests.HistoriaZlecenTest.ZwrocRekordyKlientaTest() w C:\Users\Okrm\Desktop\Projekt - zarzadzania uzytkownikami\saturas-Zarzadzanie-Uzytkownikami-975c2b5\saturas-Zarzadzanie-Uzytkownikami-975c2b5\Zarzadzanie.Test\HistoriaZlecenTest.cs:wiersz 111
</StackTrace>
        </ErrorInfo>
      </Output>
    </UnitTestResult>
    <UnitTestResult executionId="5bea2c78-db94-4486-a10a-c7f29b87f5d9" testId="ce4cdb06-9a83-c9ce-a36f-f93949e7db7a" testName="ZlecenieArchiwalneConstructorTest" computerName="OKRM-KOMPUTER" duration="00:00:00.0007316" startTime="2012-01-12T15:59:37.3017578+01:00" endTime="2012-01-12T15:59:37.3173828+01:00" testType="13cdc9d9-ddb5-4fa4-a97d-d965ccfc6d4b" outcome="Inconclusive" testListId="8c84fa94-04c1-424b-9868-57a2d4851a1d" relativeResultsDirectory="5bea2c78-db94-4486-a10a-c7f29b87f5d9">
      <Output>
        <ErrorInfo>
          <Message>Assert.Inconclusive failed. TODO: Implement code to verify target</Message>
          <StackTrace>   w Zarzadzanie.Test.ZlecenieArchiwalneTest.ZlecenieArchiwalneConstructorTest() w C:\Users\Okrm\Desktop\Projekt - zarzadzania uzytkownikami\saturas-Zarzadzanie-Uzytkownikami-975c2b5\saturas-Zarzadzanie-Uzytkownikami-975c2b5\Zarzadzanie.Test\ZlecenieArchiwalneTest.cs:wiersz 150
</StackTrace>
        </ErrorInfo>
      </Output>
    </UnitTestResult>
    <UnitTestResult executionId="bcc872f3-5556-4c45-84d7-72b548d4b446" testId="d0d8aac3-5b85-92dc-1991-733ca49d9a47" testName="ListaZlecenBiezacychTest" computerName="OKRM-KOMPUTER" duration="00:00:00.0016274" startTime="2012-01-12T15:59:37.3193359+01:00" endTime="2012-01-12T15:59:37.3369140+01:00" testType="13cdc9d9-ddb5-4fa4-a97d-d965ccfc6d4b" outcome="Inconclusive" testListId="8c84fa94-04c1-424b-9868-57a2d4851a1d" relativeResultsDirectory="bcc872f3-5556-4c45-84d7-72b548d4b446">
      <Output>
        <ErrorInfo>
          <Message>Assert.Inconclusive failed. Verify the correctness of this test method.</Message>
          <StackTrace>   w Zarzadzanie_Uzytkownikami.Tests.RolaKlientTest.ListaZlecenBiezacychTest() w C:\Users\Okrm\Desktop\Projekt - zarzadzania uzytkownikami\saturas-Zarzadzanie-Uzytkownikami-975c2b5\saturas-Zarzadzanie-Uzytkownikami-975c2b5\Zarzadzanie.Test\RolaKlientTest.cs:wiersz 133
</StackTrace>
        </ErrorInfo>
      </Output>
    </UnitTestResult>
    <UnitTestResult executionId="0d401c19-155e-4a88-9f89-4c38afae332e" testId="d8262a8e-d89e-2b9f-e798-821fadf1aba8" testName="DodajRoleTest" computerName="OKRM-KOMPUTER" duration="00:00:00.0002929" startTime="2012-01-12T15:59:37.3486328+01:00" endTime="2012-01-12T15:59:37.3564453+01:00" testType="13cdc9d9-ddb5-4fa4-a97d-d965ccfc6d4b" outcome="Passed" testListId="8c84fa94-04c1-424b-9868-57a2d4851a1d" relativeResultsDirectory="0d401c19-155e-4a88-9f89-4c38afae332e">
    </UnitTestResult>
    <UnitTestResult executionId="cecc9fde-076a-4566-b036-2afc5f5818c6" testId="df3766e4-d9d5-4033-f867-72f676a21b6f" testName="DataRealizacjiTest" computerName="OKRM-KOMPUTER" duration="00:00:00.0013144" startTime="2012-01-12T15:59:37.3574218+01:00" endTime="2012-01-12T15:59:37.3720703+01:00" testType="13cdc9d9-ddb5-4fa4-a97d-d965ccfc6d4b" outcome="Inconclusive" testListId="8c84fa94-04c1-424b-9868-57a2d4851a1d" relativeResultsDirectory="cecc9fde-076a-4566-b036-2afc5f5818c6">
      <Output>
        <ErrorInfo>
          <Message>Assert.Inconclusive failed. Verify the correctness of this test method.</Message>
          <StackTrace>   w Zarzadzanie.Test.ZlecenieArchiwalneTest.DataRealizacjiTest() w C:\Users\Okrm\Desktop\Projekt - zarzadzania uzytkownikami\saturas-Zarzadzanie-Uzytkownikami-975c2b5\saturas-Zarzadzanie-Uzytkownikami-975c2b5\Zarzadzanie.Test\ZlecenieArchiwalneTest.cs:wiersz 137
</StackTrace>
        </ErrorInfo>
      </Output>
    </UnitTestResult>
    <UnitTestResult executionId="87d54557-ff97-4bbf-853c-9b43661550cd" testId="e72c788c-f2e6-cdf4-0db3-f9780ecf9952" testName="NumerTest" computerName="OKRM-KOMPUTER" duration="00:00:00.0009018" startTime="2012-01-12T15:59:37.3730468+01:00" endTime="2012-01-12T15:59:37.3896484+01:00" testType="13cdc9d9-ddb5-4fa4-a97d-d965ccfc6d4b" outcome="Inconclusive" testListId="8c84fa94-04c1-424b-9868-57a2d4851a1d" relativeResultsDirectory="87d54557-ff97-4bbf-853c-9b43661550cd">
      <Output>
        <ErrorInfo>
          <Message>Assert.Inconclusive failed. Verify the correctness of this test method.</Message>
          <StackTrace>   w Zarzadzanie.Test.RolaTlumaczTest.NumerTest() w C:\Users\Okrm\Desktop\Projekt - zarzadzania uzytkownikami\saturas-Zarzadzanie-Uzytkownikami-975c2b5\saturas-Zarzadzanie-Uzytkownikami-975c2b5\Zarzadzanie.Test\RolaTlumaczTest.cs:wiersz 117
</StackTrace>
        </ErrorInfo>
      </Output>
    </UnitTestResult>
    <UnitTestResult executionId="21a6987c-a4fb-4ebf-8320-fe550d710902" testId="e9739bf6-987e-f1b9-877f-28f6763a05d1" testName="NumeratorTest" computerName="OKRM-KOMPUTER" duration="00:00:00.0012648" startTime="2012-01-12T15:59:37.3916015+01:00" endTime="2012-01-12T15:59:37.4072265+01:00" testType="13cdc9d9-ddb5-4fa4-a97d-d965ccfc6d4b" outcome="Inconclusive" testListId="8c84fa94-04c1-424b-9868-57a2d4851a1d" relativeResultsDirectory="21a6987c-a4fb-4ebf-8320-fe550d710902">
      <Output>
        <ErrorInfo>
          <Message>Assert.Inconclusive failed. Verify the correctness of this test method.</Message>
          <StackTrace>   w Zarzadzanie_Uzytkownikami.Tests.RolaKlientTest.NumeratorTest() w C:\Users\Okrm\Desktop\Projekt - zarzadzania uzytkownikami\saturas-Zarzadzanie-Uzytkownikami-975c2b5\saturas-Zarzadzanie-Uzytkownikami-975c2b5\Zarzadzanie.Test\RolaKlientTest.cs:wiersz 163
</StackTrace>
        </ErrorInfo>
      </Output>
    </UnitTestResult>
    <UnitTestResult executionId="274c8f4a-26c6-4c70-ac01-0e3b126af0f2" testId="eabaa878-b3d8-ba0f-f5ec-66030ff1054c" testName="ArchiwizujZlecenieTest" computerName="OKRM-KOMPUTER" duration="00:00:00.0029453" startTime="2012-01-12T15:59:37.4082031+01:00" endTime="2012-01-12T15:59:37.4257812+01:00" testType="13cdc9d9-ddb5-4fa4-a97d-d965ccfc6d4b" outcome="Failed" testListId="8c84fa94-04c1-424b-9868-57a2d4851a1d" relativeResultsDirectory="274c8f4a-26c6-4c70-ac01-0e3b126af0f2">
      <Output>
        <ErrorInfo>
          <Message>Test method Zarzadzanie.Test.RolaPracownikTest.ArchiwizujZlecenieTest threw exception: 
System.NullReferenceException: Odwołanie do obiektu nie zostało ustawione na wystąpienie obiektu.</Message>
          <StackTrace>    w Zarzadzanie_uzytkownikami.RolaPracownik.ArchiwizujZlecenie(ZlecenieBiezace z) w C:\Users\Okrm\Desktop\Projekt - zarzadzania uzytkownikami\saturas-Zarzadzanie-Uzytkownikami-975c2b5\saturas-Zarzadzanie-Uzytkownikami-975c2b5\Zarzadzanie uzytkownikami\Role\RolaPracownik.cs:wiersz 76
   w Zarzadzanie.Test.RolaPracownikTest.ArchiwizujZlecenieTest() w C:\Users\Okrm\Desktop\Projekt - zarzadzania uzytkownikami\saturas-Zarzadzanie-Uzytkownikami-975c2b5\saturas-Zarzadzanie-Uzytkownikami-975c2b5\Zarzadzanie.Test\RolaPracownikTest.cs:wiersz 87
</StackTrace>
        </ErrorInfo>
      </Output>
    </UnitTestResult>
    <UnitTestResult executionId="0bd80d4c-0a8d-4e21-979a-060ea7932a7d" testId="f414574b-b094-fe02-704e-e2acfca1649c" testName="ProgresTest" computerName="OKRM-KOMPUTER" duration="00:00:00.0010164" startTime="2012-01-12T15:59:37.4375000+01:00" endTime="2012-01-12T15:59:37.4453125+01:00" testType="13cdc9d9-ddb5-4fa4-a97d-d965ccfc6d4b" outcome="Inconclusive" testListId="8c84fa94-04c1-424b-9868-57a2d4851a1d" relativeResultsDirectory="0bd80d4c-0a8d-4e21-979a-060ea7932a7d">
      <Output>
        <ErrorInfo>
          <Message>Assert.Inconclusive failed. Verify the correctness of this test method.</Message>
          <StackTrace>   w Zarzadzanie.Test.DokumentTest.ProgresTest() w C:\Users\Okrm\Desktop\Projekt - zarzadzania uzytkownikami\saturas-Zarzadzanie-Uzytkownikami-975c2b5\saturas-Zarzadzanie-Uzytkownikami-975c2b5\Zarzadzanie.Test\DokumentTest.cs:wiersz 104
</StackTrace>
        </ErrorInfo>
      </Output>
    </UnitTestResult>
    <UnitTestResult executionId="d0ca3dde-4470-4810-a368-711ae1cf512c" testId="f862bd14-606d-98a7-90b6-ba1671d10bcb" testName="StopienRealizacjiTest" computerName="OKRM-KOMPUTER" duration="00:00:00.0031890" startTime="2012-01-12T15:59:37.4462890+01:00" endTime="2012-01-12T15:59:37.4667968+01:00" testType="13cdc9d9-ddb5-4fa4-a97d-d965ccfc6d4b" outcome="Failed" testListId="8c84fa94-04c1-424b-9868-57a2d4851a1d" relativeResultsDirectory="d0ca3dde-4470-4810-a368-711ae1cf512c">
      <Output>
        <ErrorInfo>
          <Message>Test method Zarzadzanie.Test.ZlecenieBiezaceTest.StopienRealizacjiTest threw exception: 
System.NullReferenceException: Odwołanie do obiektu nie zostało ustawione na wystąpienie obiektu.</Message>
          <StackTrace>    w Zarzadzanie_uzytkownikami.ZlecenieBiezace.StopienRealizacji() w C:\Users\Okrm\Desktop\Projekt - zarzadzania uzytkownikami\saturas-Zarzadzanie-Uzytkownikami-975c2b5\saturas-Zarzadzanie-Uzytkownikami-975c2b5\Zarzadzanie uzytkownikami\ZlecenieBiezace.cs:wiersz 53
   w Zarzadzanie.Test.ZlecenieBiezaceTest.StopienRealizacjiTest() w C:\Users\Okrm\Desktop\Projekt - zarzadzania uzytkownikami\saturas-Zarzadzanie-Uzytkownikami-975c2b5\saturas-Zarzadzanie-Uzytkownikami-975c2b5\Zarzadzanie.Test\ZlecenieBiezaceTest.cs:wiersz 108
</StackTrace>
        </ErrorInfo>
      </Output>
    </UnitTestResult>
    <UnitTestResult executionId="5fd3ceda-d52d-4fba-b617-39cb7141ebb8" testId="f8963391-2a9e-7606-1d73-db13060dc7cf" testName="HistoriaZlecenConstructorTest" computerName="OKRM-KOMPUTER" duration="00:00:00.0042264" startTime="2012-01-12T15:59:37.4794921+01:00" endTime="2012-01-12T15:59:37.4912109+01:00" testType="13cdc9d9-ddb5-4fa4-a97d-d965ccfc6d4b" outcome="Passed" testListId="8c84fa94-04c1-424b-9868-57a2d4851a1d" relativeResultsDirectory="5fd3ceda-d52d-4fba-b617-39cb7141ebb8">
    </UnitTestResult>
    <UnitTestResult executionId="633a95fd-c9ba-4cd4-a92c-a13739f00987" testId="f98565ef-7220-7c96-475e-4b1ff3a90883" testName="RolaTlumaczConstructorTest" computerName="OKRM-KOMPUTER" duration="00:00:00.0006927" startTime="2012-01-12T15:59:37.4921875+01:00" endTime="2012-01-12T15:59:37.5048828+01:00" testType="13cdc9d9-ddb5-4fa4-a97d-d965ccfc6d4b" outcome="Inconclusive" testListId="8c84fa94-04c1-424b-9868-57a2d4851a1d" relativeResultsDirectory="633a95fd-c9ba-4cd4-a92c-a13739f00987">
      <Output>
        <ErrorInfo>
          <Message>Assert.Inconclusive failed. TODO: Implement code to verify target</Message>
          <StackTrace>   w Zarzadzanie.Test.RolaTlumaczTest.RolaTlumaczConstructorTest() w C:\Users\Okrm\Desktop\Projekt - zarzadzania uzytkownikami\saturas-Zarzadzanie-Uzytkownikami-975c2b5\saturas-Zarzadzanie-Uzytkownikami-975c2b5\Zarzadzanie.Test\RolaTlumaczTest.cs:wiersz 75
</StackTrace>
        </ErrorInfo>
      </Output>
    </UnitTestResult>
    <UnitTestResult executionId="cec8c6d5-469b-4832-9e8a-0b32fff6d29d" testId="fcb43331-0844-8756-08fe-c9f6b6f6a25c" testName="DokumentyDoPrzetlumaczeniaTest" computerName="OKRM-KOMPUTER" duration="00:00:00.0016975" startTime="2012-01-12T15:59:37.5068359+01:00" endTime="2012-01-12T15:59:37.5273437+01:00" testType="13cdc9d9-ddb5-4fa4-a97d-d965ccfc6d4b" outcome="Inconclusive" testListId="8c84fa94-04c1-424b-9868-57a2d4851a1d" relativeResultsDirectory="cec8c6d5-469b-4832-9e8a-0b32fff6d29d">
      <Output>
        <ErrorInfo>
          <Message>Assert.Inconclusive failed. Verify the correctness of this test method.</Message>
          <StackTrace>   w Zarzadzanie.Test.ZlecenieBiezaceTest.DokumentyDoPrzetlumaczeniaTest() w C:\Users\Okrm\Desktop\Projekt - zarzadzania uzytkownikami\saturas-Zarzadzanie-Uzytkownikami-975c2b5\saturas-Zarzadzanie-Uzytkownikami-975c2b5\Zarzadzanie.Test\ZlecenieBiezaceTest.cs:wiersz 128
</StackTrace>
        </ErrorInfo>
      </Output>
    </UnitTestResult>
  </Results>
</TestRun>