<?xml version="1.0" encoding="UTF-8"?>
<TestRun id="ca5cd036-4b1f-4b75-bdfa-bc23b4db8767" name="Okrm@OKRM-KOMPUTER 2012-01-12 15:50:10" runUser="Okrm-Komputer\Okrm" xmlns="http://microsoft.com/schemas/VisualStudio/TeamTest/2010">
  <TestSettings name="Local" id="41c0aacb-8128-43b7-a8f9-312aaf052968">
    <Description>These are default test settings for a local test run.</Description>
    <Deployment enabled="false" runDeploymentRoot="Okrm_OKRM-KOMPUTER 2012-01-12 15_50_10">
      <DeploymentItem filename="C:\Users\Okrm\Desktop\Projekt - zarzadzania uzytkownikami\nmock2-2.0.0.44-net-2.0\bin\NMock2.Test.dll" />
      <DeploymentItem filename="C:\Users\Okrm\Desktop\Projekt - zarzadzania uzytkownikami\nmock2-2.0.0.44-net-2.0\bin\NMock2.dll" />
      <DeploymentItem filename="C:\Users\Okrm\Desktop\Projekt - zarzadzania uzytkownikami\saturas-Zarzadzanie-Uzytkownikami-975c2b5\saturas-Zarzadzanie-Uzytkownikami-975c2b5\Zarzadzanie uzytkownikami\bin\Debug\Zarzadzanie uzytkownikami.exe" />
      <DeploymentItem filename="C:\Users\Okrm\Desktop\Projekt - zarzadzania uzytkownikami\nmock2-2.0.0.44-net-2.0\bin\NMock2.AcceptanceTests.dll" />
    </Deployment>
    <Execution>
      <TestTypeSpecific />
      <AgentRule name="Execution Agents">
      </AgentRule>
    </Execution>
  </TestSettings>
  <Times creation="2012-01-12T15:50:10.4599609+01:00" queuing="2012-01-12T15:50:10.4912109+01:00" start="2012-01-12T15:50:10.5468750+01:00" finish="2012-01-12T15:50:11.8291015+01:00" />
  <ResultSummary outcome="Failed">
    <Counters total="60" executed="60" passed="21" error="0" failed="11" timeout="0" aborted="0" inconclusive="28" passedButRunAborted="0" notRunnable="0" notExecuted="0" disconnected="0" warning="0" completed="0" inProgress="0" pending="0" />
  </ResultSummary>
  <TestDefinitions>
    <UnitTest name="DokumentyDoPrzetlumaczeniaTest" storage="c:\users\okrm\desktop\projekt - zarzadzania uzytkownikami\saturas-zarzadzanie-uzytkownikami-975c2b5\saturas-zarzadzanie-uzytkownikami-975c2b5\zarzadzanie.test\bin\debug\zarzadzanie.test.dll" id="fcb43331-0844-8756-08fe-c9f6b6f6a25c">
      <Execution id="99f746f7-0f53-47ee-ac3f-42af96664f04" />
      <TestMethod codeBase="C:/Users/Okrm/Desktop/Projekt - zarzadzania uzytkownikami/saturas-Zarzadzanie-Uzytkownikami-975c2b5/saturas-Zarzadzanie-Uzytkownikami-975c2b5/Zarzadzanie.Test/bin/Debug/Zarzadzanie.Test.DLL" adapterTypeName="Microsoft.VisualStudio.TestTools.TestTypes.Unit.UnitTestAdapter, Microsoft.VisualStudio.QualityTools.Tips.UnitTest.Adapter, Version=10.0.0.0, Culture=neutral, PublicKeyToken=b03f5f7f11d50a3a" className="Zarzadzanie.Test.ZlecenieBiezaceTest, Zarzadzanie.Test, Version=1.0.0.0, Culture=neutral, PublicKeyToken=null" name="DokumentyDoPrzetlumaczeniaTest" />
    </UnitTest>
    <UnitTest name="PrzegladajHistorieZLecenTest" storage="c:\users\okrm\desktop\projekt - zarzadzania uzytkownikami\saturas-zarzadzanie-uzytkownikami-975c2b5\saturas-zarzadzanie-uzytkownikami-975c2b5\zarzadzanie.test\bin\debug\zarzadzanie.test.dll" id="58baebd9-3bed-4891-ea2b-a4d59294957f">
      <Execution id="f73e65e2-6b89-4709-8c4d-07449b9bcedd" />
      <TestMethod codeBase="C:/Users/Okrm/Desktop/Projekt - zarzadzania uzytkownikami/saturas-Zarzadzanie-Uzytkownikami-975c2b5/saturas-Zarzadzanie-Uzytkownikami-975c2b5/Zarzadzanie.Test/bin/Debug/Zarzadzanie.Test.DLL" adapterTypeName="Microsoft.VisualStudio.TestTools.TestTypes.Unit.UnitTestAdapter, Microsoft.VisualStudio.QualityTools.Tips.UnitTest.Adapter, Version=10.0.0.0, Culture=neutral, PublicKeyToken=b03f5f7f11d50a3a" className="Zarzadzanie.Test.RolaKlientTest, Zarzadzanie.Test, Version=1.0.0.0, Culture=neutral, PublicKeyToken=null" name="PrzegladajHistorieZLecenTest" />
    </UnitTest>
    <UnitTest name="RejestrujNowegoKlientaTest" storage="c:\users\okrm\desktop\projekt - zarzadzania uzytkownikami\saturas-zarzadzanie-uzytkownikami-975c2b5\saturas-zarzadzanie-uzytkownikami-975c2b5\zarzadzanie.test\bin\debug\zarzadzanie.test.dll" id="a5e6cfdc-d03b-f615-c8e0-28221302a5bf">
      <Execution id="aa3f6446-b4fe-4348-b087-b6601f681ef8" />
      <TestMethod codeBase="C:/Users/Okrm/Desktop/Projekt - zarzadzania uzytkownikami/saturas-Zarzadzanie-Uzytkownikami-975c2b5/saturas-Zarzadzanie-Uzytkownikami-975c2b5/Zarzadzanie.Test/bin/Debug/Zarzadzanie.Test.DLL" adapterTypeName="Microsoft.VisualStudio.TestTools.TestTypes.Unit.UnitTestAdapter, Microsoft.VisualStudio.QualityTools.Tips.UnitTest.Adapter, Version=10.0.0.0, Culture=neutral, PublicKeyToken=b03f5f7f11d50a3a" className="Zarzadzanie_Uzytkownikami.Tests.ManagerLogowaniaTest, Zarzadzanie.Test, Version=1.0.0.0, Culture=neutral, PublicKeyToken=null" name="RejestrujNowegoKlientaTest" />
    </UnitTest>
    <UnitTest name="ArchiwizujTest" storage="c:\users\okrm\desktop\projekt - zarzadzania uzytkownikami\saturas-zarzadzanie-uzytkownikami-975c2b5\saturas-zarzadzanie-uzytkownikami-975c2b5\zarzadzanie.test\bin\debug\zarzadzanie.test.dll" id="a2afdcef-aa1e-be44-1bdb-2104424d4f22">
      <Execution id="0b6fa2f0-a368-4c37-aeda-d1665d3f16bb" />
      <TestMethod codeBase="C:/Users/Okrm/Desktop/Projekt - zarzadzania uzytkownikami/saturas-Zarzadzanie-Uzytkownikami-975c2b5/saturas-Zarzadzanie-Uzytkownikami-975c2b5/Zarzadzanie.Test/bin/Debug/Zarzadzanie.Test.DLL" adapterTypeName="Microsoft.VisualStudio.TestTools.TestTypes.Unit.UnitTestAdapter, Microsoft.VisualStudio.QualityTools.Tips.UnitTest.Adapter, Version=10.0.0.0, Culture=neutral, PublicKeyToken=b03f5f7f11d50a3a" className="Zarzadzanie.Test.ZlecenieBiezaceTest, Zarzadzanie.Test, Version=1.0.0.0, Culture=neutral, PublicKeyToken=null" name="ArchiwizujTest" />
    </UnitTest>
    <UnitTest name="RejestrujNowegoTlumaczaTest" storage="c:\users\okrm\desktop\projekt - zarzadzania uzytkownikami\saturas-zarzadzanie-uzytkownikami-975c2b5\saturas-zarzadzanie-uzytkownikami-975c2b5\zarzadzanie.test\bin\debug\zarzadzanie.test.dll" id="6c257bae-a8df-31ac-b3f4-3f9ca8bdbf93">
      <Execution id="6cb13c07-507f-49de-bc58-312cd6c243c6" />
      <TestMethod codeBase="C:/Users/Okrm/Desktop/Projekt - zarzadzania uzytkownikami/saturas-Zarzadzanie-Uzytkownikami-975c2b5/saturas-Zarzadzanie-Uzytkownikami-975c2b5/Zarzadzanie.Test/bin/Debug/Zarzadzanie.Test.DLL" adapterTypeName="Microsoft.VisualStudio.TestTools.TestTypes.Unit.UnitTestAdapter, Microsoft.VisualStudio.QualityTools.Tips.UnitTest.Adapter, Version=10.0.0.0, Culture=neutral, PublicKeyToken=b03f5f7f11d50a3a" className="Zarzadzanie_Uzytkownikami.Tests.ManagerLogowaniaTest, Zarzadzanie.Test, Version=1.0.0.0, Culture=neutral, PublicKeyToken=null" name="RejestrujNowegoTlumaczaTest" />
    </UnitTest>
    <UnitTest name="ListaUzytkownikowNiezalogowanychTest" storage="c:\users\okrm\desktop\projekt - zarzadzania uzytkownikami\saturas-zarzadzanie-uzytkownikami-975c2b5\saturas-zarzadzanie-uzytkownikami-975c2b5\zarzadzanie.test\bin\debug\zarzadzanie.test.dll" id="3b6ec050-6969-750d-e6d6-acec7372d75a">
      <Execution id="5dd6b327-cf25-42e9-bc10-7e4a88220eca" />
      <TestMethod codeBase="C:/Users/Okrm/Desktop/Projekt - zarzadzania uzytkownikami/saturas-Zarzadzanie-Uzytkownikami-975c2b5/saturas-Zarzadzanie-Uzytkownikami-975c2b5/Zarzadzanie.Test/bin/Debug/Zarzadzanie.Test.DLL" adapterTypeName="Microsoft.VisualStudio.TestTools.TestTypes.Unit.UnitTestAdapter, Microsoft.VisualStudio.QualityTools.Tips.UnitTest.Adapter, Version=10.0.0.0, Culture=neutral, PublicKeyToken=b03f5f7f11d50a3a" className="Zarzadzanie_Uzytkownikami.Tests.ManagerLogowaniaTest, Zarzadzanie.Test, Version=1.0.0.0, Culture=neutral, PublicKeyToken=null" name="ListaUzytkownikowNiezalogowanychTest" />
    </UnitTest>
    <UnitTest name="MeldujPostepPracyTest" storage="c:\users\okrm\desktop\projekt - zarzadzania uzytkownikami\saturas-zarzadzanie-uzytkownikami-975c2b5\saturas-zarzadzanie-uzytkownikami-975c2b5\zarzadzanie.test\bin\debug\zarzadzanie.test.dll" id="1039187c-4e14-537e-ab54-518aeb80ee71">
      <Execution id="7cd29cd8-6bd6-461c-bdb4-475d99547b06" />
      <TestMethod codeBase="C:/Users/Okrm/Desktop/Projekt - zarzadzania uzytkownikami/saturas-Zarzadzanie-Uzytkownikami-975c2b5/saturas-Zarzadzanie-Uzytkownikami-975c2b5/Zarzadzanie.Test/bin/Debug/Zarzadzanie.Test.DLL" adapterTypeName="Microsoft.VisualStudio.TestTools.TestTypes.Unit.UnitTestAdapter, Microsoft.VisualStudio.QualityTools.Tips.UnitTest.Adapter, Version=10.0.0.0, Culture=neutral, PublicKeyToken=b03f5f7f11d50a3a" className="Zarzadzanie.Test.RolaTlumaczTest, Zarzadzanie.Test, Version=1.0.0.0, Culture=neutral, PublicKeyToken=null" name="MeldujPostepPracyTest" />
    </UnitTest>
    <UnitTest name="HasloTest" storage="c:\users\okrm\desktop\projekt - zarzadzania uzytkownikami\saturas-zarzadzanie-uzytkownikami-975c2b5\saturas-zarzadzanie-uzytkownikami-975c2b5\zarzadzanie.test\bin\debug\zarzadzanie.test.dll" id="3b85baef-cf6a-4dc9-48f8-7079d3fabb57">
      <Execution id="bf7cd189-d149-4545-b5b7-3ae235b0bf19" />
      <TestMethod codeBase="C:/Users/Okrm/Desktop/Projekt - zarzadzania uzytkownikami/saturas-Zarzadzanie-Uzytkownikami-975c2b5/saturas-Zarzadzanie-Uzytkownikami-975c2b5/Zarzadzanie.Test/bin/Debug/Zarzadzanie.Test.DLL" adapterTypeName="Microsoft.VisualStudio.TestTools.TestTypes.Unit.UnitTestAdapter, Microsoft.VisualStudio.QualityTools.Tips.UnitTest.Adapter, Version=10.0.0.0, Culture=neutral, PublicKeyToken=b03f5f7f11d50a3a" className="Zarzadzanie_Uzytkownikami.Tests.UzytkownikTest, Zarzadzanie.Test, Version=1.0.0.0, Culture=neutral, PublicKeyToken=null" name="HasloTest" />
    </UnitTest>
    <UnitTest name="RoleTest" storage="c:\users\okrm\desktop\projekt - zarzadzania uzytkownikami\saturas-zarzadzanie-uzytkownikami-975c2b5\saturas-zarzadzanie-uzytkownikami-975c2b5\zarzadzanie.test\bin\debug\zarzadzanie.test.dll" id="14974ae4-1e40-88d9-f966-53ea169ebefd">
      <Execution id="68ef3fe3-eba1-494d-84ef-b0c396b0be6f" />
      <TestMethod codeBase="C:/Users/Okrm/Desktop/Projekt - zarzadzania uzytkownikami/saturas-Zarzadzanie-Uzytkownikami-975c2b5/saturas-Zarzadzanie-Uzytkownikami-975c2b5/Zarzadzanie.Test/bin/Debug/Zarzadzanie.Test.DLL" adapterTypeName="Microsoft.VisualStudio.TestTools.TestTypes.Unit.UnitTestAdapter, Microsoft.VisualStudio.QualityTools.Tips.UnitTest.Adapter, Version=10.0.0.0, Culture=neutral, PublicKeyToken=b03f5f7f11d50a3a" className="Zarzadzanie_Uzytkownikami.Tests.UzytkownikTest, Zarzadzanie.Test, Version=1.0.0.0, Culture=neutral, PublicKeyToken=null" name="RoleTest" />
    </UnitTest>
    <UnitTest name="NumerTest" storage="c:\users\okrm\desktop\projekt - zarzadzania uzytkownikami\saturas-zarzadzanie-uzytkownikami-975c2b5\saturas-zarzadzanie-uzytkownikami-975c2b5\zarzadzanie.test\bin\debug\zarzadzanie.test.dll" id="9fa2a185-8021-aee1-eccf-a20f09e4d8c0">
      <Execution id="fbc16c1b-7400-48f7-ac76-45bb05f3cbee" />
      <TestMethod codeBase="C:/Users/Okrm/Desktop/Projekt - zarzadzania uzytkownikami/saturas-Zarzadzanie-Uzytkownikami-975c2b5/saturas-Zarzadzanie-Uzytkownikami-975c2b5/Zarzadzanie.Test/bin/Debug/Zarzadzanie.Test.DLL" adapterTypeName="Microsoft.VisualStudio.TestTools.TestTypes.Unit.UnitTestAdapter, Microsoft.VisualStudio.QualityTools.Tips.UnitTest.Adapter, Version=10.0.0.0, Culture=neutral, PublicKeyToken=b03f5f7f11d50a3a" className="Zarzadzanie.Test.RolaKlientTest, Zarzadzanie.Test, Version=1.0.0.0, Culture=neutral, PublicKeyToken=null" name="NumerTest" />
    </UnitTest>
    <UnitTest name="RolaKlientConstructorTest" storage="c:\users\okrm\desktop\projekt - zarzadzania uzytkownikami\saturas-zarzadzanie-uzytkownikami-975c2b5\saturas-zarzadzanie-uzytkownikami-975c2b5\zarzadzanie.test\bin\debug\zarzadzanie.test.dll" id="e75dfd00-d175-70e0-a7f6-d5943e8bcd9b">
      <Execution id="3a6f9256-0312-4bb6-b3cf-919ce7db6d71" />
      <TestMethod codeBase="C:/Users/Okrm/Desktop/Projekt - zarzadzania uzytkownikami/saturas-Zarzadzanie-Uzytkownikami-975c2b5/saturas-Zarzadzanie-Uzytkownikami-975c2b5/Zarzadzanie.Test/bin/Debug/Zarzadzanie.Test.DLL" adapterTypeName="Microsoft.VisualStudio.TestTools.TestTypes.Unit.UnitTestAdapter, Microsoft.VisualStudio.QualityTools.Tips.UnitTest.Adapter, Version=10.0.0.0, Culture=neutral, PublicKeyToken=b03f5f7f11d50a3a" className="Zarzadzanie.Test.RolaKlientTest, Zarzadzanie.Test, Version=1.0.0.0, Culture=neutral, PublicKeyToken=null" name="RolaKlientConstructorTest" />
    </UnitTest>
    <UnitTest name="NumerKlientaTest" storage="c:\users\okrm\desktop\projekt - zarzadzania uzytkownikami\saturas-zarzadzanie-uzytkownikami-975c2b5\saturas-zarzadzanie-uzytkownikami-975c2b5\zarzadzanie.test\bin\debug\zarzadzanie.test.dll" id="49f53d69-db2d-f5da-10a3-ae5515be3bbf">
      <Execution id="a0fa1d7b-5d14-415e-b2ff-1a90adf20108" />
      <TestMethod codeBase="C:/Users/Okrm/Desktop/Projekt - zarzadzania uzytkownikami/saturas-Zarzadzanie-Uzytkownikami-975c2b5/saturas-Zarzadzanie-Uzytkownikami-975c2b5/Zarzadzanie.Test/bin/Debug/Zarzadzanie.Test.DLL" adapterTypeName="Microsoft.VisualStudio.TestTools.TestTypes.Unit.UnitTestAdapter, Microsoft.VisualStudio.QualityTools.Tips.UnitTest.Adapter, Version=10.0.0.0, Culture=neutral, PublicKeyToken=b03f5f7f11d50a3a" className="Zarzadzanie.Test.ZlecenieArchiwalneTest, Zarzadzanie.Test, Version=1.0.0.0, Culture=neutral, PublicKeyToken=null" name="NumerKlientaTest" />
    </UnitTest>
    <UnitTest name="ListaUzytkownikowNiezweryfikowanychTest" storage="c:\users\okrm\desktop\projekt - zarzadzania uzytkownikami\saturas-zarzadzanie-uzytkownikami-975c2b5\saturas-zarzadzanie-uzytkownikami-975c2b5\zarzadzanie.test\bin\debug\zarzadzanie.test.dll" id="519de9e3-74d7-1d8e-7964-df05b50898a6">
      <Execution id="8abda3dd-dde4-4c49-9c8a-a99bbfc2719b" />
      <TestMethod codeBase="C:/Users/Okrm/Desktop/Projekt - zarzadzania uzytkownikami/saturas-Zarzadzanie-Uzytkownikami-975c2b5/saturas-Zarzadzanie-Uzytkownikami-975c2b5/Zarzadzanie.Test/bin/Debug/Zarzadzanie.Test.DLL" adapterTypeName="Microsoft.VisualStudio.TestTools.TestTypes.Unit.UnitTestAdapter, Microsoft.VisualStudio.QualityTools.Tips.UnitTest.Adapter, Version=10.0.0.0, Culture=neutral, PublicKeyToken=b03f5f7f11d50a3a" className="Zarzadzanie_Uzytkownikami.Tests.ManagerLogowaniaTest, Zarzadzanie.Test, Version=1.0.0.0, Culture=neutral, PublicKeyToken=null" name="ListaUzytkownikowNiezweryfikowanychTest" />
    </UnitTest>
    <UnitTest name="PrzegladajPostepBiezacychZLecenTest" storage="c:\users\okrm\desktop\projekt - zarzadzania uzytkownikami\saturas-zarzadzanie-uzytkownikami-975c2b5\saturas-zarzadzanie-uzytkownikami-975c2b5\zarzadzanie.test\bin\debug\zarzadzanie.test.dll" id="aec15c2c-4694-dffa-3310-6e0f3a468888">
      <Execution id="ddc5054a-22a0-4b6f-aba2-9afcfaca699f" />
      <TestMethod codeBase="C:/Users/Okrm/Desktop/Projekt - zarzadzania uzytkownikami/saturas-Zarzadzanie-Uzytkownikami-975c2b5/saturas-Zarzadzanie-Uzytkownikami-975c2b5/Zarzadzanie.Test/bin/Debug/Zarzadzanie.Test.DLL" adapterTypeName="Microsoft.VisualStudio.TestTools.TestTypes.Unit.UnitTestAdapter, Microsoft.VisualStudio.QualityTools.Tips.UnitTest.Adapter, Version=10.0.0.0, Culture=neutral, PublicKeyToken=b03f5f7f11d50a3a" className="Zarzadzanie.Test.RolaKlientTest, Zarzadzanie.Test, Version=1.0.0.0, Culture=neutral, PublicKeyToken=null" name="PrzegladajPostepBiezacychZLecenTest" />
    </UnitTest>
    <UnitTest name="ListaZlecenTest" storage="c:\users\okrm\desktop\projekt - zarzadzania uzytkownikami\saturas-zarzadzanie-uzytkownikami-975c2b5\saturas-zarzadzanie-uzytkownikami-975c2b5\zarzadzanie.test\bin\debug\zarzadzanie.test.dll" id="b8acfc95-0d6c-ab8f-a160-166bb04d6eb2">
      <Execution id="ab5caa66-ad94-4f3f-87d1-da10824b7cf2" />
      <TestMethod codeBase="C:/Users/Okrm/Desktop/Projekt - zarzadzania uzytkownikami/saturas-Zarzadzanie-Uzytkownikami-975c2b5/saturas-Zarzadzanie-Uzytkownikami-975c2b5/Zarzadzanie.Test/bin/Debug/Zarzadzanie.Test.DLL" adapterTypeName="Microsoft.VisualStudio.TestTools.TestTypes.Unit.UnitTestAdapter, Microsoft.VisualStudio.QualityTools.Tips.UnitTest.Adapter, Version=10.0.0.0, Culture=neutral, PublicKeyToken=b03f5f7f11d50a3a" className="Zarzadzanie_Uzytkownikami.Tests.HistoriaZlecenTest, Zarzadzanie.Test, Version=1.0.0.0, Culture=neutral, PublicKeyToken=null" name="ListaZlecenTest" />
    </UnitTest>
    <UnitTest name="ListaNazwDokumentowTest" storage="c:\users\okrm\desktop\projekt - zarzadzania uzytkownikami\saturas-zarzadzanie-uzytkownikami-975c2b5\saturas-zarzadzanie-uzytkownikami-975c2b5\zarzadzanie.test\bin\debug\zarzadzanie.test.dll" id="3eec3270-513e-8277-3d4a-f4dfd8b693f3">
      <Execution id="9a07b0a9-c8b0-4569-b573-cffad839e625" />
      <TestMethod codeBase="C:/Users/Okrm/Desktop/Projekt - zarzadzania uzytkownikami/saturas-Zarzadzanie-Uzytkownikami-975c2b5/saturas-Zarzadzanie-Uzytkownikami-975c2b5/Zarzadzanie.Test/bin/Debug/Zarzadzanie.Test.DLL" adapterTypeName="Microsoft.VisualStudio.TestTools.TestTypes.Unit.UnitTestAdapter, Microsoft.VisualStudio.QualityTools.Tips.UnitTest.Adapter, Version=10.0.0.0, Culture=neutral, PublicKeyToken=b03f5f7f11d50a3a" className="Zarzadzanie.Test.ZlecenieArchiwalneTest, Zarzadzanie.Test, Version=1.0.0.0, Culture=neutral, PublicKeyToken=null" name="ListaNazwDokumentowTest" />
    </UnitTest>
    <UnitTest name="ListaZlecenBiezacychTest" storage="c:\users\okrm\desktop\projekt - zarzadzania uzytkownikami\saturas-zarzadzanie-uzytkownikami-975c2b5\saturas-zarzadzanie-uzytkownikami-975c2b5\zarzadzanie.test\bin\debug\zarzadzanie.test.dll" id="49c05f9e-5a5d-fe7b-af8e-25af946d5b7c">
      <Execution id="99205f8a-e45d-49bc-ab06-e695f6924ccc" />
      <TestMethod codeBase="C:/Users/Okrm/Desktop/Projekt - zarzadzania uzytkownikami/saturas-Zarzadzanie-Uzytkownikami-975c2b5/saturas-Zarzadzanie-Uzytkownikami-975c2b5/Zarzadzanie.Test/bin/Debug/Zarzadzanie.Test.DLL" adapterTypeName="Microsoft.VisualStudio.TestTools.TestTypes.Unit.UnitTestAdapter, Microsoft.VisualStudio.QualityTools.Tips.UnitTest.Adapter, Version=10.0.0.0, Culture=neutral, PublicKeyToken=b03f5f7f11d50a3a" className="Zarzadzanie.Test.RolaKlientTest, Zarzadzanie.Test, Version=1.0.0.0, Culture=neutral, PublicKeyToken=null" name="ListaZlecenBiezacychTest" />
    </UnitTest>
    <UnitTest name="NameTest" storage="c:\users\okrm\desktop\projekt - zarzadzania uzytkownikami\saturas-zarzadzanie-uzytkownikami-975c2b5\saturas-zarzadzanie-uzytkownikami-975c2b5\zarzadzanie.test\bin\debug\zarzadzanie.test.dll" id="05978091-f0ac-01b3-83aa-028d3b669724">
      <Execution id="300f0117-6b39-45fb-9f11-50a468b3f9ec" />
      <TestMethod codeBase="C:/Users/Okrm/Desktop/Projekt - zarzadzania uzytkownikami/saturas-Zarzadzanie-Uzytkownikami-975c2b5/saturas-Zarzadzanie-Uzytkownikami-975c2b5/Zarzadzanie.Test/bin/Debug/Zarzadzanie.Test.DLL" adapterTypeName="Microsoft.VisualStudio.TestTools.TestTypes.Unit.UnitTestAdapter, Microsoft.VisualStudio.QualityTools.Tips.UnitTest.Adapter, Version=10.0.0.0, Culture=neutral, PublicKeyToken=b03f5f7f11d50a3a" className="Zarzadzanie.Test.RolaTest, Zarzadzanie.Test, Version=1.0.0.0, Culture=neutral, PublicKeyToken=null" name="NameTest" />
    </UnitTest>
    <UnitTest name="DodajPraocwnikaTest" storage="c:\users\okrm\desktop\projekt - zarzadzania uzytkownikami\saturas-zarzadzanie-uzytkownikami-975c2b5\saturas-zarzadzanie-uzytkownikami-975c2b5\zarzadzanie.test\bin\debug\zarzadzanie.test.dll" id="ed66ac2e-cd34-50dd-17be-7de2ecdc0503">
      <Execution id="3896bc1f-e802-4cf1-96f1-6070415fe9c9" />
      <TestMethod codeBase="C:/Users/Okrm/Desktop/Projekt - zarzadzania uzytkownikami/saturas-Zarzadzanie-Uzytkownikami-975c2b5/saturas-Zarzadzanie-Uzytkownikami-975c2b5/Zarzadzanie.Test/bin/Debug/Zarzadzanie.Test.DLL" adapterTypeName="Microsoft.VisualStudio.TestTools.TestTypes.Unit.UnitTestAdapter, Microsoft.VisualStudio.QualityTools.Tips.UnitTest.Adapter, Version=10.0.0.0, Culture=neutral, PublicKeyToken=b03f5f7f11d50a3a" className="Zarzadzanie.Test.RolaAdministratorTest, Zarzadzanie.Test, Version=1.0.0.0, Culture=neutral, PublicKeyToken=null" name="DodajPraocwnikaTest" />
    </UnitTest>
    <UnitTest name="ListaUzytkownikowZalogowanychTest" storage="c:\users\okrm\desktop\projekt - zarzadzania uzytkownikami\saturas-zarzadzanie-uzytkownikami-975c2b5\saturas-zarzadzanie-uzytkownikami-975c2b5\zarzadzanie.test\bin\debug\zarzadzanie.test.dll" id="3bded695-a44d-d000-f8bd-32e5d3767d74">
      <Execution id="b028abaf-04de-4af3-9a6b-9ed8e929e197" />
      <TestMethod codeBase="C:/Users/Okrm/Desktop/Projekt - zarzadzania uzytkownikami/saturas-Zarzadzanie-Uzytkownikami-975c2b5/saturas-Zarzadzanie-Uzytkownikami-975c2b5/Zarzadzanie.Test/bin/Debug/Zarzadzanie.Test.DLL" adapterTypeName="Microsoft.VisualStudio.TestTools.TestTypes.Unit.UnitTestAdapter, Microsoft.VisualStudio.QualityTools.Tips.UnitTest.Adapter, Version=10.0.0.0, Culture=neutral, PublicKeyToken=b03f5f7f11d50a3a" className="Zarzadzanie_Uzytkownikami.Tests.ManagerLogowaniaTest, Zarzadzanie.Test, Version=1.0.0.0, Culture=neutral, PublicKeyToken=null" name="ListaUzytkownikowZalogowanychTest" />
    </UnitTest>
    <UnitTest name="RolaTlumaczConstructorTest" storage="c:\users\okrm\desktop\projekt - zarzadzania uzytkownikami\saturas-zarzadzanie-uzytkownikami-975c2b5\saturas-zarzadzanie-uzytkownikami-975c2b5\zarzadzanie.test\bin\debug\zarzadzanie.test.dll" id="f98565ef-7220-7c96-475e-4b1ff3a90883">
      <Execution id="5b1ee36b-db34-406e-b50a-71df349ea508" />
      <TestMethod codeBase="C:/Users/Okrm/Desktop/Projekt - zarzadzania uzytkownikami/saturas-Zarzadzanie-Uzytkownikami-975c2b5/saturas-Zarzadzanie-Uzytkownikami-975c2b5/Zarzadzanie.Test/bin/Debug/Zarzadzanie.Test.DLL" adapterTypeName="Microsoft.VisualStudio.TestTools.TestTypes.Unit.UnitTestAdapter, Microsoft.VisualStudio.QualityTools.Tips.UnitTest.Adapter, Version=10.0.0.0, Culture=neutral, PublicKeyToken=b03f5f7f11d50a3a" className="Zarzadzanie.Test.RolaTlumaczTest, Zarzadzanie.Test, Version=1.0.0.0, Culture=neutral, PublicKeyToken=null" name="RolaTlumaczConstructorTest" />
    </UnitTest>
    <UnitTest name="ZlecenieConstructorTest" storage="c:\users\okrm\desktop\projekt - zarzadzania uzytkownikami\saturas-zarzadzanie-uzytkownikami-975c2b5\saturas-zarzadzanie-uzytkownikami-975c2b5\zarzadzanie.test\bin\debug\zarzadzanie.test.dll" id="0f522e79-d79a-b034-ec6a-efb0554ed60b">
      <Execution id="08401a1c-ad97-4360-8709-34025838ddd9" />
      <TestMethod codeBase="C:/Users/Okrm/Desktop/Projekt - zarzadzania uzytkownikami/saturas-Zarzadzanie-Uzytkownikami-975c2b5/saturas-Zarzadzanie-Uzytkownikami-975c2b5/Zarzadzanie.Test/bin/Debug/Zarzadzanie.Test.DLL" adapterTypeName="Microsoft.VisualStudio.TestTools.TestTypes.Unit.UnitTestAdapter, Microsoft.VisualStudio.QualityTools.Tips.UnitTest.Adapter, Version=10.0.0.0, Culture=neutral, PublicKeyToken=b03f5f7f11d50a3a" className="Zarzadzanie.Test.ZlecenieTest, Zarzadzanie.Test, Version=1.0.0.0, Culture=neutral, PublicKeyToken=null" name="ZlecenieConstructorTest" />
    </UnitTest>
    <UnitTest name="NumerKlientaTest" storage="c:\users\okrm\desktop\projekt - zarzadzania uzytkownikami\saturas-zarzadzanie-uzytkownikami-975c2b5\saturas-zarzadzanie-uzytkownikami-975c2b5\zarzadzanie.test\bin\debug\zarzadzanie.test.dll" id="b1da090b-a3db-9650-592a-e5225ba14f6b">
      <Execution id="f098d7b9-8ac3-4e0e-ba94-66ab5da1b0af" />
      <TestMethod codeBase="C:/Users/Okrm/Desktop/Projekt - zarzadzania uzytkownikami/saturas-Zarzadzanie-Uzytkownikami-975c2b5/saturas-Zarzadzanie-Uzytkownikami-975c2b5/Zarzadzanie.Test/bin/Debug/Zarzadzanie.Test.DLL" adapterTypeName="Microsoft.VisualStudio.TestTools.TestTypes.Unit.UnitTestAdapter, Microsoft.VisualStudio.QualityTools.Tips.UnitTest.Adapter, Version=10.0.0.0, Culture=neutral, PublicKeyToken=b03f5f7f11d50a3a" className="Zarzadzanie.Test.ZlecenieBiezaceTest, Zarzadzanie.Test, Version=1.0.0.0, Culture=neutral, PublicKeyToken=null" name="NumerKlientaTest" />
    </UnitTest>
    <UnitTest name="NumerTest" storage="c:\users\okrm\desktop\projekt - zarzadzania uzytkownikami\saturas-zarzadzanie-uzytkownikami-975c2b5\saturas-zarzadzanie-uzytkownikami-975c2b5\zarzadzanie.test\bin\debug\zarzadzanie.test.dll" id="e72c788c-f2e6-cdf4-0db3-f9780ecf9952">
      <Execution id="e720fa97-9f96-4bd8-940b-2cb2e67184b7" />
      <TestMethod codeBase="C:/Users/Okrm/Desktop/Projekt - zarzadzania uzytkownikami/saturas-Zarzadzanie-Uzytkownikami-975c2b5/saturas-Zarzadzanie-Uzytkownikami-975c2b5/Zarzadzanie.Test/bin/Debug/Zarzadzanie.Test.DLL" adapterTypeName="Microsoft.VisualStudio.TestTools.TestTypes.Unit.UnitTestAdapter, Microsoft.VisualStudio.QualityTools.Tips.UnitTest.Adapter, Version=10.0.0.0, Culture=neutral, PublicKeyToken=b03f5f7f11d50a3a" className="Zarzadzanie.Test.RolaTlumaczTest, Zarzadzanie.Test, Version=1.0.0.0, Culture=neutral, PublicKeyToken=null" name="NumerTest" />
    </UnitTest>
    <UnitTest name="ListaWykonywanychZlecenTest" storage="c:\users\okrm\desktop\projekt - zarzadzania uzytkownikami\saturas-zarzadzanie-uzytkownikami-975c2b5\saturas-zarzadzanie-uzytkownikami-975c2b5\zarzadzanie.test\bin\debug\zarzadzanie.test.dll" id="49773854-983f-3153-1426-cb816c08b596">
      <Execution id="347e4887-a28d-4899-89a8-cad59dd69f2b" />
      <TestMethod codeBase="C:/Users/Okrm/Desktop/Projekt - zarzadzania uzytkownikami/saturas-Zarzadzanie-Uzytkownikami-975c2b5/saturas-Zarzadzanie-Uzytkownikami-975c2b5/Zarzadzanie.Test/bin/Debug/Zarzadzanie.Test.DLL" adapterTypeName="Microsoft.VisualStudio.TestTools.TestTypes.Unit.UnitTestAdapter, Microsoft.VisualStudio.QualityTools.Tips.UnitTest.Adapter, Version=10.0.0.0, Culture=neutral, PublicKeyToken=b03f5f7f11d50a3a" className="Zarzadzanie.Test.RolaTlumaczTest, Zarzadzanie.Test, Version=1.0.0.0, Culture=neutral, PublicKeyToken=null" name="ListaWykonywanychZlecenTest" />
    </UnitTest>
    <UnitTest name="ListaTlumaczyTest" storage="c:\users\okrm\desktop\projekt - zarzadzania uzytkownikami\saturas-zarzadzanie-uzytkownikami-975c2b5\saturas-zarzadzanie-uzytkownikami-975c2b5\zarzadzanie.test\bin\debug\zarzadzanie.test.dll" id="c133290d-b738-c98a-dbf7-467c8ddc68ad">
      <Execution id="8f283643-4c1b-46d5-aa5b-d9a00ad8ef79" />
      <TestMethod codeBase="C:/Users/Okrm/Desktop/Projekt - zarzadzania uzytkownikami/saturas-Zarzadzanie-Uzytkownikami-975c2b5/saturas-Zarzadzanie-Uzytkownikami-975c2b5/Zarzadzanie.Test/bin/Debug/Zarzadzanie.Test.DLL" adapterTypeName="Microsoft.VisualStudio.TestTools.TestTypes.Unit.UnitTestAdapter, Microsoft.VisualStudio.QualityTools.Tips.UnitTest.Adapter, Version=10.0.0.0, Culture=neutral, PublicKeyToken=b03f5f7f11d50a3a" className="Zarzadzanie.Test.RolaPracownikTest, Zarzadzanie.Test, Version=1.0.0.0, Culture=neutral, PublicKeyToken=null" name="ListaTlumaczyTest" />
    </UnitTest>
    <UnitTest name="WeryfikujPoprawnoscTest" storage="c:\users\okrm\desktop\projekt - zarzadzania uzytkownikami\saturas-zarzadzanie-uzytkownikami-975c2b5\saturas-zarzadzanie-uzytkownikami-975c2b5\zarzadzanie.test\bin\debug\zarzadzanie.test.dll" id="bcc1aa2b-708f-ba29-980f-1425fe705685">
      <Execution id="8a97a99d-c7d0-4f30-b004-5c13c93c9e1c" />
      <TestMethod codeBase="C:/Users/Okrm/Desktop/Projekt - zarzadzania uzytkownikami/saturas-Zarzadzanie-Uzytkownikami-975c2b5/saturas-Zarzadzanie-Uzytkownikami-975c2b5/Zarzadzanie.Test/bin/Debug/Zarzadzanie.Test.DLL" adapterTypeName="Microsoft.VisualStudio.TestTools.TestTypes.Unit.UnitTestAdapter, Microsoft.VisualStudio.QualityTools.Tips.UnitTest.Adapter, Version=10.0.0.0, Culture=neutral, PublicKeyToken=b03f5f7f11d50a3a" className="Zarzadzanie.Test.RolaAdministratorTest, Zarzadzanie.Test, Version=1.0.0.0, Culture=neutral, PublicKeyToken=null" name="WeryfikujPoprawnoscTest" />
    </UnitTest>
    <UnitTest name="DodajZlecenieTest" storage="c:\users\okrm\desktop\projekt - zarzadzania uzytkownikami\saturas-zarzadzanie-uzytkownikami-975c2b5\saturas-zarzadzanie-uzytkownikami-975c2b5\zarzadzanie.test\bin\debug\zarzadzanie.test.dll" id="3b5582b3-d303-8198-b4f7-2bd9cee90085">
      <Execution id="c3556915-d7bc-4263-87b4-7dbc6aaf12fc" />
      <TestMethod codeBase="C:/Users/Okrm/Desktop/Projekt - zarzadzania uzytkownikami/saturas-Zarzadzanie-Uzytkownikami-975c2b5/saturas-Zarzadzanie-Uzytkownikami-975c2b5/Zarzadzanie.Test/bin/Debug/Zarzadzanie.Test.DLL" adapterTypeName="Microsoft.VisualStudio.TestTools.TestTypes.Unit.UnitTestAdapter, Microsoft.VisualStudio.QualityTools.Tips.UnitTest.Adapter, Version=10.0.0.0, Culture=neutral, PublicKeyToken=b03f5f7f11d50a3a" className="Zarzadzanie.Test.RolaPracownikTest, Zarzadzanie.Test, Version=1.0.0.0, Culture=neutral, PublicKeyToken=null" name="DodajZlecenieTest" />
    </UnitTest>
    <UnitTest name="ArchiwizujZlecenieTest" storage="c:\users\okrm\desktop\projekt - zarzadzania uzytkownikami\saturas-zarzadzanie-uzytkownikami-975c2b5\saturas-zarzadzanie-uzytkownikami-975c2b5\zarzadzanie.test\bin\debug\zarzadzanie.test.dll" id="eabaa878-b3d8-ba0f-f5ec-66030ff1054c">
      <Execution id="cfbaac77-7e72-43ce-b021-284fd51c6524" />
      <TestMethod codeBase="C:/Users/Okrm/Desktop/Projekt - zarzadzania uzytkownikami/saturas-Zarzadzanie-Uzytkownikami-975c2b5/saturas-Zarzadzanie-Uzytkownikami-975c2b5/Zarzadzanie.Test/bin/Debug/Zarzadzanie.Test.DLL" adapterTypeName="Microsoft.VisualStudio.TestTools.TestTypes.Unit.UnitTestAdapter, Microsoft.VisualStudio.QualityTools.Tips.UnitTest.Adapter, Version=10.0.0.0, Culture=neutral, PublicKeyToken=b03f5f7f11d50a3a" className="Zarzadzanie.Test.RolaPracownikTest, Zarzadzanie.Test, Version=1.0.0.0, Culture=neutral, PublicKeyToken=null" name="ArchiwizujZlecenieTest" />
    </UnitTest>
    <UnitTest name="NameTest" storage="c:\users\okrm\desktop\projekt - zarzadzania uzytkownikami\saturas-zarzadzanie-uzytkownikami-975c2b5\saturas-zarzadzanie-uzytkownikami-975c2b5\zarzadzanie.test\bin\debug\zarzadzanie.test.dll" id="1b42ff37-c4f8-ae7a-b181-95870af37981">
      <Execution id="4337ce25-6948-40b8-bbb3-40013e177ee1" />
      <TestMethod codeBase="C:/Users/Okrm/Desktop/Projekt - zarzadzania uzytkownikami/saturas-Zarzadzanie-Uzytkownikami-975c2b5/saturas-Zarzadzanie-Uzytkownikami-975c2b5/Zarzadzanie.Test/bin/Debug/Zarzadzanie.Test.DLL" adapterTypeName="Microsoft.VisualStudio.TestTools.TestTypes.Unit.UnitTestAdapter, Microsoft.VisualStudio.QualityTools.Tips.UnitTest.Adapter, Version=10.0.0.0, Culture=neutral, PublicKeyToken=b03f5f7f11d50a3a" className="Zarzadzanie.Test.DokumentTest, Zarzadzanie.Test, Version=1.0.0.0, Culture=neutral, PublicKeyToken=null" name="NameTest" />
    </UnitTest>
    <UnitTest name="NumeratorTest" storage="c:\users\okrm\desktop\projekt - zarzadzania uzytkownikami\saturas-zarzadzanie-uzytkownikami-975c2b5\saturas-zarzadzanie-uzytkownikami-975c2b5\zarzadzanie.test\bin\debug\zarzadzanie.test.dll" id="c723663c-8551-4923-1f7f-1d2f087d05d3">
      <Execution id="10c01d49-0a4a-4c2d-b7c3-f985c7dd6812" />
      <TestMethod codeBase="C:/Users/Okrm/Desktop/Projekt - zarzadzania uzytkownikami/saturas-Zarzadzanie-Uzytkownikami-975c2b5/saturas-Zarzadzanie-Uzytkownikami-975c2b5/Zarzadzanie.Test/bin/Debug/Zarzadzanie.Test.DLL" adapterTypeName="Microsoft.VisualStudio.TestTools.TestTypes.Unit.UnitTestAdapter, Microsoft.VisualStudio.QualityTools.Tips.UnitTest.Adapter, Version=10.0.0.0, Culture=neutral, PublicKeyToken=b03f5f7f11d50a3a" className="Zarzadzanie.Test.RolaKlientTest, Zarzadzanie.Test, Version=1.0.0.0, Culture=neutral, PublicKeyToken=null" name="NumeratorTest" />
    </UnitTest>
    <UnitTest name="HistoriaZlecenConstructorTest" storage="c:\users\okrm\desktop\projekt - zarzadzania uzytkownikami\saturas-zarzadzanie-uzytkownikami-975c2b5\saturas-zarzadzanie-uzytkownikami-975c2b5\zarzadzanie.test\bin\debug\zarzadzanie.test.dll" id="f8963391-2a9e-7606-1d73-db13060dc7cf">
      <DeploymentItems>
        <DeploymentItem filename="Zarzadzanie uzytkownikami.exe" />
      </DeploymentItems>
      <Execution id="497f0528-276d-4167-b45a-6fe335ec8434" />
      <TestMethod codeBase="C:/Users/Okrm/Desktop/Projekt - zarzadzania uzytkownikami/saturas-Zarzadzanie-Uzytkownikami-975c2b5/saturas-Zarzadzanie-Uzytkownikami-975c2b5/Zarzadzanie.Test/bin/Debug/Zarzadzanie.Test.DLL" adapterTypeName="Microsoft.VisualStudio.TestTools.TestTypes.Unit.UnitTestAdapter, Microsoft.VisualStudio.QualityTools.Tips.UnitTest.Adapter, Version=10.0.0.0, Culture=neutral, PublicKeyToken=b03f5f7f11d50a3a" className="Zarzadzanie_Uzytkownikami.Tests.HistoriaZlecenTest, Zarzadzanie.Test, Version=1.0.0.0, Culture=neutral, PublicKeyToken=null" name="HistoriaZlecenConstructorTest" />
    </UnitTest>
    <UnitTest name="ZlecenieBiezaceConstructorTest" storage="c:\users\okrm\desktop\projekt - zarzadzania uzytkownikami\saturas-zarzadzanie-uzytkownikami-975c2b5\saturas-zarzadzanie-uzytkownikami-975c2b5\zarzadzanie.test\bin\debug\zarzadzanie.test.dll" id="992b2dc9-2ec3-8482-6862-5625ed92f6cc">
      <Execution id="9a7dcf09-4b72-44b9-a790-dcd44617c360" />
      <TestMethod codeBase="C:/Users/Okrm/Desktop/Projekt - zarzadzania uzytkownikami/saturas-Zarzadzanie-Uzytkownikami-975c2b5/saturas-Zarzadzanie-Uzytkownikami-975c2b5/Zarzadzanie.Test/bin/Debug/Zarzadzanie.Test.DLL" adapterTypeName="Microsoft.VisualStudio.TestTools.TestTypes.Unit.UnitTestAdapter, Microsoft.VisualStudio.QualityTools.Tips.UnitTest.Adapter, Version=10.0.0.0, Culture=neutral, PublicKeyToken=b03f5f7f11d50a3a" className="Zarzadzanie.Test.ZlecenieBiezaceTest, Zarzadzanie.Test, Version=1.0.0.0, Culture=neutral, PublicKeyToken=null" name="ZlecenieBiezaceConstructorTest" />
    </UnitTest>
    <UnitTest name="NazwiskoTest" storage="c:\users\okrm\desktop\projekt - zarzadzania uzytkownikami\saturas-zarzadzanie-uzytkownikami-975c2b5\saturas-zarzadzanie-uzytkownikami-975c2b5\zarzadzanie.test\bin\debug\zarzadzanie.test.dll" id="6b11ba16-22e8-dd16-4e4e-6827b12fc0bc">
      <Execution id="784b140f-3193-4758-91b4-6a64bdf520e7" />
      <TestMethod codeBase="C:/Users/Okrm/Desktop/Projekt - zarzadzania uzytkownikami/saturas-Zarzadzanie-Uzytkownikami-975c2b5/saturas-Zarzadzanie-Uzytkownikami-975c2b5/Zarzadzanie.Test/bin/Debug/Zarzadzanie.Test.DLL" adapterTypeName="Microsoft.VisualStudio.TestTools.TestTypes.Unit.UnitTestAdapter, Microsoft.VisualStudio.QualityTools.Tips.UnitTest.Adapter, Version=10.0.0.0, Culture=neutral, PublicKeyToken=b03f5f7f11d50a3a" className="Zarzadzanie_Uzytkownikami.Tests.UzytkownikTest, Zarzadzanie.Test, Version=1.0.0.0, Culture=neutral, PublicKeyToken=null" name="NazwiskoTest" />
    </UnitTest>
    <UnitTest name="WeryfikujTest" storage="c:\users\okrm\desktop\projekt - zarzadzania uzytkownikami\saturas-zarzadzanie-uzytkownikami-975c2b5\saturas-zarzadzanie-uzytkownikami-975c2b5\zarzadzanie.test\bin\debug\zarzadzanie.test.dll" id="3178001c-65da-5894-4de5-45f2a7c6ef84">
      <Execution id="1d2b53aa-dd19-49d5-81a0-f7d46980d02c" />
      <TestMethod codeBase="C:/Users/Okrm/Desktop/Projekt - zarzadzania uzytkownikami/saturas-Zarzadzanie-Uzytkownikami-975c2b5/saturas-Zarzadzanie-Uzytkownikami-975c2b5/Zarzadzanie.Test/bin/Debug/Zarzadzanie.Test.DLL" adapterTypeName="Microsoft.VisualStudio.TestTools.TestTypes.Unit.UnitTestAdapter, Microsoft.VisualStudio.QualityTools.Tips.UnitTest.Adapter, Version=10.0.0.0, Culture=neutral, PublicKeyToken=b03f5f7f11d50a3a" className="Zarzadzanie_Uzytkownikami.Tests.ManagerLogowaniaTest, Zarzadzanie.Test, Version=1.0.0.0, Culture=neutral, PublicKeyToken=null" name="WeryfikujTest" />
    </UnitTest>
    <UnitTest name="getInstanceTest" storage="c:\users\okrm\desktop\projekt - zarzadzania uzytkownikami\saturas-zarzadzanie-uzytkownikami-975c2b5\saturas-zarzadzanie-uzytkownikami-975c2b5\zarzadzanie.test\bin\debug\zarzadzanie.test.dll" id="5b7704fd-a0e4-ed35-63c8-c95a40ae20ce">
      <Execution id="4f1cde43-0a03-4f1b-be48-abe9d82652e4" />
      <TestMethod codeBase="C:/Users/Okrm/Desktop/Projekt - zarzadzania uzytkownikami/saturas-Zarzadzanie-Uzytkownikami-975c2b5/saturas-Zarzadzanie-Uzytkownikami-975c2b5/Zarzadzanie.Test/bin/Debug/Zarzadzanie.Test.DLL" adapterTypeName="Microsoft.VisualStudio.TestTools.TestTypes.Unit.UnitTestAdapter, Microsoft.VisualStudio.QualityTools.Tips.UnitTest.Adapter, Version=10.0.0.0, Culture=neutral, PublicKeyToken=b03f5f7f11d50a3a" className="Zarzadzanie_Uzytkownikami.Tests.ManagerLogowaniaTest, Zarzadzanie.Test, Version=1.0.0.0, Culture=neutral, PublicKeyToken=null" name="getInstanceTest" />
    </UnitTest>
    <UnitTest name="DodajAdministratoraTest" storage="c:\users\okrm\desktop\projekt - zarzadzania uzytkownikami\saturas-zarzadzanie-uzytkownikami-975c2b5\saturas-zarzadzanie-uzytkownikami-975c2b5\zarzadzanie.test\bin\debug\zarzadzanie.test.dll" id="5d40562c-6f14-da2b-98f9-cd7d26e5b79c">
      <Execution id="7c400709-a61a-4063-b034-6533b6c9b1df" />
      <TestMethod codeBase="C:/Users/Okrm/Desktop/Projekt - zarzadzania uzytkownikami/saturas-Zarzadzanie-Uzytkownikami-975c2b5/saturas-Zarzadzanie-Uzytkownikami-975c2b5/Zarzadzanie.Test/bin/Debug/Zarzadzanie.Test.DLL" adapterTypeName="Microsoft.VisualStudio.TestTools.TestTypes.Unit.UnitTestAdapter, Microsoft.VisualStudio.QualityTools.Tips.UnitTest.Adapter, Version=10.0.0.0, Culture=neutral, PublicKeyToken=b03f5f7f11d50a3a" className="Zarzadzanie.Test.RolaAdministratorTest, Zarzadzanie.Test, Version=1.0.0.0, Culture=neutral, PublicKeyToken=null" name="DodajAdministratoraTest" />
    </UnitTest>
    <UnitTest name="LoginTest" storage="c:\users\okrm\desktop\projekt - zarzadzania uzytkownikami\saturas-zarzadzanie-uzytkownikami-975c2b5\saturas-zarzadzanie-uzytkownikami-975c2b5\zarzadzanie.test\bin\debug\zarzadzanie.test.dll" id="2b3e95f9-c9b1-d453-5455-7d833cc84a4e">
      <Execution id="23527714-3871-4664-993e-5124677ae947" />
      <TestMethod codeBase="C:/Users/Okrm/Desktop/Projekt - zarzadzania uzytkownikami/saturas-Zarzadzanie-Uzytkownikami-975c2b5/saturas-Zarzadzanie-Uzytkownikami-975c2b5/Zarzadzanie.Test/bin/Debug/Zarzadzanie.Test.DLL" adapterTypeName="Microsoft.VisualStudio.TestTools.TestTypes.Unit.UnitTestAdapter, Microsoft.VisualStudio.QualityTools.Tips.UnitTest.Adapter, Version=10.0.0.0, Culture=neutral, PublicKeyToken=b03f5f7f11d50a3a" className="Zarzadzanie_Uzytkownikami.Tests.UzytkownikTest, Zarzadzanie.Test, Version=1.0.0.0, Culture=neutral, PublicKeyToken=null" name="LoginTest" />
    </UnitTest>
    <UnitTest name="ListaZlecenBiezacychPrzydzielonychTest" storage="c:\users\okrm\desktop\projekt - zarzadzania uzytkownikami\saturas-zarzadzanie-uzytkownikami-975c2b5\saturas-zarzadzanie-uzytkownikami-975c2b5\zarzadzanie.test\bin\debug\zarzadzanie.test.dll" id="ac548309-2e88-c8a4-d705-4a7b24fb90ba">
      <Execution id="ceff0907-398d-4e27-a94b-c622a01da106" />
      <TestMethod codeBase="C:/Users/Okrm/Desktop/Projekt - zarzadzania uzytkownikami/saturas-Zarzadzanie-Uzytkownikami-975c2b5/saturas-Zarzadzanie-Uzytkownikami-975c2b5/Zarzadzanie.Test/bin/Debug/Zarzadzanie.Test.DLL" adapterTypeName="Microsoft.VisualStudio.TestTools.TestTypes.Unit.UnitTestAdapter, Microsoft.VisualStudio.QualityTools.Tips.UnitTest.Adapter, Version=10.0.0.0, Culture=neutral, PublicKeyToken=b03f5f7f11d50a3a" className="Zarzadzanie.Test.RolaPracownikTest, Zarzadzanie.Test, Version=1.0.0.0, Culture=neutral, PublicKeyToken=null" name="ListaZlecenBiezacychPrzydzielonychTest" />
    </UnitTest>
    <UnitTest name="DokumentConstructorTest" storage="c:\users\okrm\desktop\projekt - zarzadzania uzytkownikami\saturas-zarzadzanie-uzytkownikami-975c2b5\saturas-zarzadzanie-uzytkownikami-975c2b5\zarzadzanie.test\bin\debug\zarzadzanie.test.dll" id="8cd14aed-2c28-4319-a8ad-3ad65c3ac7ca">
      <Execution id="74693f66-adc1-4381-b83b-5abfb2d252bc" />
      <TestMethod codeBase="C:/Users/Okrm/Desktop/Projekt - zarzadzania uzytkownikami/saturas-Zarzadzanie-Uzytkownikami-975c2b5/saturas-Zarzadzanie-Uzytkownikami-975c2b5/Zarzadzanie.Test/bin/Debug/Zarzadzanie.Test.DLL" adapterTypeName="Microsoft.VisualStudio.TestTools.TestTypes.Unit.UnitTestAdapter, Microsoft.VisualStudio.QualityTools.Tips.UnitTest.Adapter, Version=10.0.0.0, Culture=neutral, PublicKeyToken=b03f5f7f11d50a3a" className="Zarzadzanie.Test.DokumentTest, Zarzadzanie.Test, Version=1.0.0.0, Culture=neutral, PublicKeyToken=null" name="DokumentConstructorTest" />
    </UnitTest>
    <UnitTest name="DodajNowegoAdministratoraTest" storage="c:\users\okrm\desktop\projekt - zarzadzania uzytkownikami\saturas-zarzadzanie-uzytkownikami-975c2b5\saturas-zarzadzanie-uzytkownikami-975c2b5\zarzadzanie.test\bin\debug\zarzadzanie.test.dll" id="173c2bf1-7b82-ff5b-5118-99785ebbfb00">
      <Execution id="78627f71-3431-4b04-b69f-d57a6e2ea371" />
      <TestMethod codeBase="C:/Users/Okrm/Desktop/Projekt - zarzadzania uzytkownikami/saturas-Zarzadzanie-Uzytkownikami-975c2b5/saturas-Zarzadzanie-Uzytkownikami-975c2b5/Zarzadzanie.Test/bin/Debug/Zarzadzanie.Test.DLL" adapterTypeName="Microsoft.VisualStudio.TestTools.TestTypes.Unit.UnitTestAdapter, Microsoft.VisualStudio.QualityTools.Tips.UnitTest.Adapter, Version=10.0.0.0, Culture=neutral, PublicKeyToken=b03f5f7f11d50a3a" className="Zarzadzanie_Uzytkownikami.Tests.ManagerLogowaniaTest, Zarzadzanie.Test, Version=1.0.0.0, Culture=neutral, PublicKeyToken=null" name="DodajNowegoAdministratoraTest" />
    </UnitTest>
    <UnitTest name="ZlozZlecenieTest" storage="c:\users\okrm\desktop\projekt - zarzadzania uzytkownikami\saturas-zarzadzanie-uzytkownikami-975c2b5\saturas-zarzadzanie-uzytkownikami-975c2b5\zarzadzanie.test\bin\debug\zarzadzanie.test.dll" id="005845ea-0d3c-8a04-b548-045d3c8dc0c2">
      <Execution id="a15c55a0-938f-4632-a53c-d1638f652825" />
      <TestMethod codeBase="C:/Users/Okrm/Desktop/Projekt - zarzadzania uzytkownikami/saturas-Zarzadzanie-Uzytkownikami-975c2b5/saturas-Zarzadzanie-Uzytkownikami-975c2b5/Zarzadzanie.Test/bin/Debug/Zarzadzanie.Test.DLL" adapterTypeName="Microsoft.VisualStudio.TestTools.TestTypes.Unit.UnitTestAdapter, Microsoft.VisualStudio.QualityTools.Tips.UnitTest.Adapter, Version=10.0.0.0, Culture=neutral, PublicKeyToken=b03f5f7f11d50a3a" className="Zarzadzanie.Test.RolaKlientTest, Zarzadzanie.Test, Version=1.0.0.0, Culture=neutral, PublicKeyToken=null" name="ZlozZlecenieTest" />
    </UnitTest>
    <UnitTest name="RolaAdministratorConstructorTest" storage="c:\users\okrm\desktop\projekt - zarzadzania uzytkownikami\saturas-zarzadzanie-uzytkownikami-975c2b5\saturas-zarzadzanie-uzytkownikami-975c2b5\zarzadzanie.test\bin\debug\zarzadzanie.test.dll" id="0830cac9-02f7-c591-d840-2ca3674b1852">
      <Execution id="74366ce7-0579-4d20-b2dc-e36eff23d385" />
      <TestMethod codeBase="C:/Users/Okrm/Desktop/Projekt - zarzadzania uzytkownikami/saturas-Zarzadzanie-Uzytkownikami-975c2b5/saturas-Zarzadzanie-Uzytkownikami-975c2b5/Zarzadzanie.Test/bin/Debug/Zarzadzanie.Test.DLL" adapterTypeName="Microsoft.VisualStudio.TestTools.TestTypes.Unit.UnitTestAdapter, Microsoft.VisualStudio.QualityTools.Tips.UnitTest.Adapter, Version=10.0.0.0, Culture=neutral, PublicKeyToken=b03f5f7f11d50a3a" className="Zarzadzanie.Test.RolaAdministratorTest, Zarzadzanie.Test, Version=1.0.0.0, Culture=neutral, PublicKeyToken=null" name="RolaAdministratorConstructorTest" />
    </UnitTest>
    <UnitTest name="RoleOczekujaceTest" storage="c:\users\okrm\desktop\projekt - zarzadzania uzytkownikami\saturas-zarzadzanie-uzytkownikami-975c2b5\saturas-zarzadzanie-uzytkownikami-975c2b5\zarzadzanie.test\bin\debug\zarzadzanie.test.dll" id="3a59bfc9-041e-7e33-1650-a76f67410120">
      <Execution id="5b292a63-637c-4699-b1c0-b2cc9ad81f47" />
      <TestMethod codeBase="C:/Users/Okrm/Desktop/Projekt - zarzadzania uzytkownikami/saturas-Zarzadzanie-Uzytkownikami-975c2b5/saturas-Zarzadzanie-Uzytkownikami-975c2b5/Zarzadzanie.Test/bin/Debug/Zarzadzanie.Test.DLL" adapterTypeName="Microsoft.VisualStudio.TestTools.TestTypes.Unit.UnitTestAdapter, Microsoft.VisualStudio.QualityTools.Tips.UnitTest.Adapter, Version=10.0.0.0, Culture=neutral, PublicKeyToken=b03f5f7f11d50a3a" className="Zarzadzanie_Uzytkownikami.Tests.UzytkownikTest, Zarzadzanie.Test, Version=1.0.0.0, Culture=neutral, PublicKeyToken=null" name="RoleOczekujaceTest" />
    </UnitTest>
    <UnitTest name="ProgresTest" storage="c:\users\okrm\desktop\projekt - zarzadzania uzytkownikami\saturas-zarzadzanie-uzytkownikami-975c2b5\saturas-zarzadzanie-uzytkownikami-975c2b5\zarzadzanie.test\bin\debug\zarzadzanie.test.dll" id="f414574b-b094-fe02-704e-e2acfca1649c">
      <Execution id="65895c4c-388f-4a02-8f78-5cc9cf55d748" />
      <TestMethod codeBase="C:/Users/Okrm/Desktop/Projekt - zarzadzania uzytkownikami/saturas-Zarzadzanie-Uzytkownikami-975c2b5/saturas-Zarzadzanie-Uzytkownikami-975c2b5/Zarzadzanie.Test/bin/Debug/Zarzadzanie.Test.DLL" adapterTypeName="Microsoft.VisualStudio.TestTools.TestTypes.Unit.UnitTestAdapter, Microsoft.VisualStudio.QualityTools.Tips.UnitTest.Adapter, Version=10.0.0.0, Culture=neutral, PublicKeyToken=b03f5f7f11d50a3a" className="Zarzadzanie.Test.DokumentTest, Zarzadzanie.Test, Version=1.0.0.0, Culture=neutral, PublicKeyToken=null" name="ProgresTest" />
    </UnitTest>
    <UnitTest name="DodajNowegoPracownikaTest" storage="c:\users\okrm\desktop\projekt - zarzadzania uzytkownikami\saturas-zarzadzanie-uzytkownikami-975c2b5\saturas-zarzadzanie-uzytkownikami-975c2b5\zarzadzanie.test\bin\debug\zarzadzanie.test.dll" id="9c97b3a4-4c72-95fe-740e-5c12ee2c3741">
      <Execution id="4185e4e6-c8ca-4828-bacd-99bc207b4251" />
      <TestMethod codeBase="C:/Users/Okrm/Desktop/Projekt - zarzadzania uzytkownikami/saturas-Zarzadzanie-Uzytkownikami-975c2b5/saturas-Zarzadzanie-Uzytkownikami-975c2b5/Zarzadzanie.Test/bin/Debug/Zarzadzanie.Test.DLL" adapterTypeName="Microsoft.VisualStudio.TestTools.TestTypes.Unit.UnitTestAdapter, Microsoft.VisualStudio.QualityTools.Tips.UnitTest.Adapter, Version=10.0.0.0, Culture=neutral, PublicKeyToken=b03f5f7f11d50a3a" className="Zarzadzanie_Uzytkownikami.Tests.ManagerLogowaniaTest, Zarzadzanie.Test, Version=1.0.0.0, Culture=neutral, PublicKeyToken=null" name="DodajNowegoPracownikaTest" />
    </UnitTest>
    <UnitTest name="RolaPracownikConstructorTest" storage="c:\users\okrm\desktop\projekt - zarzadzania uzytkownikami\saturas-zarzadzanie-uzytkownikami-975c2b5\saturas-zarzadzanie-uzytkownikami-975c2b5\zarzadzanie.test\bin\debug\zarzadzanie.test.dll" id="504c366e-44a7-ec81-265a-60e486898e6e">
      <Execution id="0dd7c6f6-b99d-45ad-9fc1-f1afc7df260f" />
      <TestMethod codeBase="C:/Users/Okrm/Desktop/Projekt - zarzadzania uzytkownikami/saturas-Zarzadzanie-Uzytkownikami-975c2b5/saturas-Zarzadzanie-Uzytkownikami-975c2b5/Zarzadzanie.Test/bin/Debug/Zarzadzanie.Test.DLL" adapterTypeName="Microsoft.VisualStudio.TestTools.TestTypes.Unit.UnitTestAdapter, Microsoft.VisualStudio.QualityTools.Tips.UnitTest.Adapter, Version=10.0.0.0, Culture=neutral, PublicKeyToken=b03f5f7f11d50a3a" className="Zarzadzanie.Test.RolaPracownikTest, Zarzadzanie.Test, Version=1.0.0.0, Culture=neutral, PublicKeyToken=null" name="RolaPracownikConstructorTest" />
    </UnitTest>
    <UnitTest name="ImieTest" storage="c:\users\okrm\desktop\projekt - zarzadzania uzytkownikami\saturas-zarzadzanie-uzytkownikami-975c2b5\saturas-zarzadzanie-uzytkownikami-975c2b5\zarzadzanie.test\bin\debug\zarzadzanie.test.dll" id="3e4dd43f-c71e-ac33-2983-bf0bbad2c8ba">
      <Execution id="c22146f4-ff73-457a-b436-cd0e92427611" />
      <TestMethod codeBase="C:/Users/Okrm/Desktop/Projekt - zarzadzania uzytkownikami/saturas-Zarzadzanie-Uzytkownikami-975c2b5/saturas-Zarzadzanie-Uzytkownikami-975c2b5/Zarzadzanie.Test/bin/Debug/Zarzadzanie.Test.DLL" adapterTypeName="Microsoft.VisualStudio.TestTools.TestTypes.Unit.UnitTestAdapter, Microsoft.VisualStudio.QualityTools.Tips.UnitTest.Adapter, Version=10.0.0.0, Culture=neutral, PublicKeyToken=b03f5f7f11d50a3a" className="Zarzadzanie_Uzytkownikami.Tests.UzytkownikTest, Zarzadzanie.Test, Version=1.0.0.0, Culture=neutral, PublicKeyToken=null" name="ImieTest" />
    </UnitTest>
    <UnitTest name="ZlecenieArchiwalneConstructorTest" storage="c:\users\okrm\desktop\projekt - zarzadzania uzytkownikami\saturas-zarzadzanie-uzytkownikami-975c2b5\saturas-zarzadzanie-uzytkownikami-975c2b5\zarzadzanie.test\bin\debug\zarzadzanie.test.dll" id="ce4cdb06-9a83-c9ce-a36f-f93949e7db7a">
      <Execution id="b7f0c64a-4e89-431b-873f-11e7faff2b6d" />
      <TestMethod codeBase="C:/Users/Okrm/Desktop/Projekt - zarzadzania uzytkownikami/saturas-Zarzadzanie-Uzytkownikami-975c2b5/saturas-Zarzadzanie-Uzytkownikami-975c2b5/Zarzadzanie.Test/bin/Debug/Zarzadzanie.Test.DLL" adapterTypeName="Microsoft.VisualStudio.TestTools.TestTypes.Unit.UnitTestAdapter, Microsoft.VisualStudio.QualityTools.Tips.UnitTest.Adapter, Version=10.0.0.0, Culture=neutral, PublicKeyToken=b03f5f7f11d50a3a" className="Zarzadzanie.Test.ZlecenieArchiwalneTest, Zarzadzanie.Test, Version=1.0.0.0, Culture=neutral, PublicKeyToken=null" name="ZlecenieArchiwalneConstructorTest" />
    </UnitTest>
    <UnitTest name="GetInstanceTest" storage="c:\users\okrm\desktop\projekt - zarzadzania uzytkownikami\saturas-zarzadzanie-uzytkownikami-975c2b5\saturas-zarzadzanie-uzytkownikami-975c2b5\zarzadzanie.test\bin\debug\zarzadzanie.test.dll" id="bb3a00e2-007f-1587-d564-f9594eb6983d">
      <Execution id="4efb63bd-bef2-4685-bdfb-23ce51325442" />
      <TestMethod codeBase="C:/Users/Okrm/Desktop/Projekt - zarzadzania uzytkownikami/saturas-Zarzadzanie-Uzytkownikami-975c2b5/saturas-Zarzadzanie-Uzytkownikami-975c2b5/Zarzadzanie.Test/bin/Debug/Zarzadzanie.Test.DLL" adapterTypeName="Microsoft.VisualStudio.TestTools.TestTypes.Unit.UnitTestAdapter, Microsoft.VisualStudio.QualityTools.Tips.UnitTest.Adapter, Version=10.0.0.0, Culture=neutral, PublicKeyToken=b03f5f7f11d50a3a" className="Zarzadzanie_Uzytkownikami.Tests.HistoriaZlecenTest, Zarzadzanie.Test, Version=1.0.0.0, Culture=neutral, PublicKeyToken=null" name="GetInstanceTest" />
    </UnitTest>
    <UnitTest name="DodajRoleTest" storage="c:\users\okrm\desktop\projekt - zarzadzania uzytkownikami\saturas-zarzadzanie-uzytkownikami-975c2b5\saturas-zarzadzanie-uzytkownikami-975c2b5\zarzadzanie.test\bin\debug\zarzadzanie.test.dll" id="d8262a8e-d89e-2b9f-e798-821fadf1aba8">
      <Execution id="c4dc231d-b1b3-412f-a902-55d87deaa548" />
      <TestMethod codeBase="C:/Users/Okrm/Desktop/Projekt - zarzadzania uzytkownikami/saturas-Zarzadzanie-Uzytkownikami-975c2b5/saturas-Zarzadzanie-Uzytkownikami-975c2b5/Zarzadzanie.Test/bin/Debug/Zarzadzanie.Test.DLL" adapterTypeName="Microsoft.VisualStudio.TestTools.TestTypes.Unit.UnitTestAdapter, Microsoft.VisualStudio.QualityTools.Tips.UnitTest.Adapter, Version=10.0.0.0, Culture=neutral, PublicKeyToken=b03f5f7f11d50a3a" className="Zarzadzanie_Uzytkownikami.Tests.UzytkownikTest, Zarzadzanie.Test, Version=1.0.0.0, Culture=neutral, PublicKeyToken=null" name="DodajRoleTest" />
    </UnitTest>
    <UnitTest name="ListaZlecenBiezacychNieprzydzielonychTest" storage="c:\users\okrm\desktop\projekt - zarzadzania uzytkownikami\saturas-zarzadzanie-uzytkownikami-975c2b5\saturas-zarzadzanie-uzytkownikami-975c2b5\zarzadzanie.test\bin\debug\zarzadzanie.test.dll" id="9e7a6284-d084-1251-0587-2e5b35dc81bb">
      <Execution id="f16048d5-c287-4f76-8f73-0f52e9c7aa1a" />
      <TestMethod codeBase="C:/Users/Okrm/Desktop/Projekt - zarzadzania uzytkownikami/saturas-Zarzadzanie-Uzytkownikami-975c2b5/saturas-Zarzadzanie-Uzytkownikami-975c2b5/Zarzadzanie.Test/bin/Debug/Zarzadzanie.Test.DLL" adapterTypeName="Microsoft.VisualStudio.TestTools.TestTypes.Unit.UnitTestAdapter, Microsoft.VisualStudio.QualityTools.Tips.UnitTest.Adapter, Version=10.0.0.0, Culture=neutral, PublicKeyToken=b03f5f7f11d50a3a" className="Zarzadzanie.Test.RolaPracownikTest, Zarzadzanie.Test, Version=1.0.0.0, Culture=neutral, PublicKeyToken=null" name="ListaZlecenBiezacychNieprzydzielonychTest" />
    </UnitTest>
    <UnitTest name="UzytkownikConstructorTest" storage="c:\users\okrm\desktop\projekt - zarzadzania uzytkownikami\saturas-zarzadzanie-uzytkownikami-975c2b5\saturas-zarzadzanie-uzytkownikami-975c2b5\zarzadzanie.test\bin\debug\zarzadzanie.test.dll" id="3ae8f7a2-c929-8faf-e22c-fd5470e548a1">
      <Execution id="ff22509d-1799-492f-bf00-d5dc54e0601e" />
      <TestMethod codeBase="C:/Users/Okrm/Desktop/Projekt - zarzadzania uzytkownikami/saturas-Zarzadzanie-Uzytkownikami-975c2b5/saturas-Zarzadzanie-Uzytkownikami-975c2b5/Zarzadzanie.Test/bin/Debug/Zarzadzanie.Test.DLL" adapterTypeName="Microsoft.VisualStudio.TestTools.TestTypes.Unit.UnitTestAdapter, Microsoft.VisualStudio.QualityTools.Tips.UnitTest.Adapter, Version=10.0.0.0, Culture=neutral, PublicKeyToken=b03f5f7f11d50a3a" className="Zarzadzanie_Uzytkownikami.Tests.UzytkownikTest, Zarzadzanie.Test, Version=1.0.0.0, Culture=neutral, PublicKeyToken=null" name="UzytkownikConstructorTest" />
    </UnitTest>
    <UnitTest name="NumeratorTest" storage="c:\users\okrm\desktop\projekt - zarzadzania uzytkownikami\saturas-zarzadzanie-uzytkownikami-975c2b5\saturas-zarzadzanie-uzytkownikami-975c2b5\zarzadzanie.test\bin\debug\zarzadzanie.test.dll" id="7b939219-f612-895a-caab-ad286d6b7074">
      <Execution id="32444c4f-8e43-4602-a66a-5511f0b59f9c" />
      <TestMethod codeBase="C:/Users/Okrm/Desktop/Projekt - zarzadzania uzytkownikami/saturas-Zarzadzanie-Uzytkownikami-975c2b5/saturas-Zarzadzanie-Uzytkownikami-975c2b5/Zarzadzanie.Test/bin/Debug/Zarzadzanie.Test.DLL" adapterTypeName="Microsoft.VisualStudio.TestTools.TestTypes.Unit.UnitTestAdapter, Microsoft.VisualStudio.QualityTools.Tips.UnitTest.Adapter, Version=10.0.0.0, Culture=neutral, PublicKeyToken=b03f5f7f11d50a3a" className="Zarzadzanie.Test.RolaTlumaczTest, Zarzadzanie.Test, Version=1.0.0.0, Culture=neutral, PublicKeyToken=null" name="NumeratorTest" />
    </UnitTest>
    <UnitTest name="ListaUzytkownikowZNowymiRolamiTest" storage="c:\users\okrm\desktop\projekt - zarzadzania uzytkownikami\saturas-zarzadzanie-uzytkownikami-975c2b5\saturas-zarzadzanie-uzytkownikami-975c2b5\zarzadzanie.test\bin\debug\zarzadzanie.test.dll" id="7aaa9e5d-f821-2b44-afa3-7b32fefca889">
      <Execution id="04511a42-c8dc-4f56-9a4b-d8efd94286d5" />
      <TestMethod codeBase="C:/Users/Okrm/Desktop/Projekt - zarzadzania uzytkownikami/saturas-Zarzadzanie-Uzytkownikami-975c2b5/saturas-Zarzadzanie-Uzytkownikami-975c2b5/Zarzadzanie.Test/bin/Debug/Zarzadzanie.Test.DLL" adapterTypeName="Microsoft.VisualStudio.TestTools.TestTypes.Unit.UnitTestAdapter, Microsoft.VisualStudio.QualityTools.Tips.UnitTest.Adapter, Version=10.0.0.0, Culture=neutral, PublicKeyToken=b03f5f7f11d50a3a" className="Zarzadzanie_Uzytkownikami.Tests.ManagerLogowaniaTest, Zarzadzanie.Test, Version=1.0.0.0, Culture=neutral, PublicKeyToken=null" name="ListaUzytkownikowZNowymiRolamiTest" />
    </UnitTest>
    <UnitTest name="ListaNumerowTlumaczyKtorzyTlumaczyliTest" storage="c:\users\okrm\desktop\projekt - zarzadzania uzytkownikami\saturas-zarzadzanie-uzytkownikami-975c2b5\saturas-zarzadzanie-uzytkownikami-975c2b5\zarzadzanie.test\bin\debug\zarzadzanie.test.dll" id="37ebaf08-dd55-e711-3c19-92a17dcbf0d3">
      <Execution id="e27f53ee-914d-4665-a16a-6b5ca482b1c1" />
      <TestMethod codeBase="C:/Users/Okrm/Desktop/Projekt - zarzadzania uzytkownikami/saturas-Zarzadzanie-Uzytkownikami-975c2b5/saturas-Zarzadzanie-Uzytkownikami-975c2b5/Zarzadzanie.Test/bin/Debug/Zarzadzanie.Test.DLL" adapterTypeName="Microsoft.VisualStudio.TestTools.TestTypes.Unit.UnitTestAdapter, Microsoft.VisualStudio.QualityTools.Tips.UnitTest.Adapter, Version=10.0.0.0, Culture=neutral, PublicKeyToken=b03f5f7f11d50a3a" className="Zarzadzanie.Test.ZlecenieArchiwalneTest, Zarzadzanie.Test, Version=1.0.0.0, Culture=neutral, PublicKeyToken=null" name="ListaNumerowTlumaczyKtorzyTlumaczyliTest" />
    </UnitTest>
    <UnitTest name="ZwrocRekordyKlientaTest" storage="c:\users\okrm\desktop\projekt - zarzadzania uzytkownikami\saturas-zarzadzanie-uzytkownikami-975c2b5\saturas-zarzadzanie-uzytkownikami-975c2b5\zarzadzanie.test\bin\debug\zarzadzanie.test.dll" id="c1ee7504-b576-9e6b-517e-ffa1dda8ffc2">
      <Execution id="fc6029df-450a-47eb-b9da-5ddcac5959f0" />
      <TestMethod codeBase="C:/Users/Okrm/Desktop/Projekt - zarzadzania uzytkownikami/saturas-Zarzadzanie-Uzytkownikami-975c2b5/saturas-Zarzadzanie-Uzytkownikami-975c2b5/Zarzadzanie.Test/bin/Debug/Zarzadzanie.Test.DLL" adapterTypeName="Microsoft.VisualStudio.TestTools.TestTypes.Unit.UnitTestAdapter, Microsoft.VisualStudio.QualityTools.Tips.UnitTest.Adapter, Version=10.0.0.0, Culture=neutral, PublicKeyToken=b03f5f7f11d50a3a" className="Zarzadzanie_Uzytkownikami.Tests.HistoriaZlecenTest, Zarzadzanie.Test, Version=1.0.0.0, Culture=neutral, PublicKeyToken=null" name="ZwrocRekordyKlientaTest" />
    </UnitTest>
    <UnitTest name="PrzydzielZlecenieTest" storage="c:\users\okrm\desktop\projekt - zarzadzania uzytkownikami\saturas-zarzadzanie-uzytkownikami-975c2b5\saturas-zarzadzanie-uzytkownikami-975c2b5\zarzadzanie.test\bin\debug\zarzadzanie.test.dll" id="2111cdec-b51e-64d0-89a1-592f3f795f84">
      <Execution id="bcdb20d8-25a5-4d35-b369-94e2f79dd14b" />
      <TestMethod codeBase="C:/Users/Okrm/Desktop/Projekt - zarzadzania uzytkownikami/saturas-Zarzadzanie-Uzytkownikami-975c2b5/saturas-Zarzadzanie-Uzytkownikami-975c2b5/Zarzadzanie.Test/bin/Debug/Zarzadzanie.Test.DLL" adapterTypeName="Microsoft.VisualStudio.TestTools.TestTypes.Unit.UnitTestAdapter, Microsoft.VisualStudio.QualityTools.Tips.UnitTest.Adapter, Version=10.0.0.0, Culture=neutral, PublicKeyToken=b03f5f7f11d50a3a" className="Zarzadzanie.Test.RolaPracownikTest, Zarzadzanie.Test, Version=1.0.0.0, Culture=neutral, PublicKeyToken=null" name="PrzydzielZlecenieTest" />
    </UnitTest>
    <UnitTest name="StopienRealizacjiTest" storage="c:\users\okrm\desktop\projekt - zarzadzania uzytkownikami\saturas-zarzadzanie-uzytkownikami-975c2b5\saturas-zarzadzanie-uzytkownikami-975c2b5\zarzadzanie.test\bin\debug\zarzadzanie.test.dll" id="f862bd14-606d-98a7-90b6-ba1671d10bcb">
      <Execution id="4804e666-844b-4c62-ad81-20ac6b394915" />
      <TestMethod codeBase="C:/Users/Okrm/Desktop/Projekt - zarzadzania uzytkownikami/saturas-Zarzadzanie-Uzytkownikami-975c2b5/saturas-Zarzadzanie-Uzytkownikami-975c2b5/Zarzadzanie.Test/bin/Debug/Zarzadzanie.Test.DLL" adapterTypeName="Microsoft.VisualStudio.TestTools.TestTypes.Unit.UnitTestAdapter, Microsoft.VisualStudio.QualityTools.Tips.UnitTest.Adapter, Version=10.0.0.0, Culture=neutral, PublicKeyToken=b03f5f7f11d50a3a" className="Zarzadzanie.Test.ZlecenieBiezaceTest, Zarzadzanie.Test, Version=1.0.0.0, Culture=neutral, PublicKeyToken=null" name="StopienRealizacjiTest" />
    </UnitTest>
    <UnitTest name="DataRealizacjiTest" storage="c:\users\okrm\desktop\projekt - zarzadzania uzytkownikami\saturas-zarzadzanie-uzytkownikami-975c2b5\saturas-zarzadzanie-uzytkownikami-975c2b5\zarzadzanie.test\bin\debug\zarzadzanie.test.dll" id="df3766e4-d9d5-4033-f867-72f676a21b6f">
      <Execution id="16f9a33b-7af2-4d6b-9616-315903b62fd0" />
      <TestMethod codeBase="C:/Users/Okrm/Desktop/Projekt - zarzadzania uzytkownikami/saturas-Zarzadzanie-Uzytkownikami-975c2b5/saturas-Zarzadzanie-Uzytkownikami-975c2b5/Zarzadzanie.Test/bin/Debug/Zarzadzanie.Test.DLL" adapterTypeName="Microsoft.VisualStudio.TestTools.TestTypes.Unit.UnitTestAdapter, Microsoft.VisualStudio.QualityTools.Tips.UnitTest.Adapter, Version=10.0.0.0, Culture=neutral, PublicKeyToken=b03f5f7f11d50a3a" className="Zarzadzanie.Test.ZlecenieArchiwalneTest, Zarzadzanie.Test, Version=1.0.0.0, Culture=neutral, PublicKeyToken=null" name="DataRealizacjiTest" />
    </UnitTest>
  </TestDefinitions>
  <TestLists>
    <TestList name="Results Not in a List" id="8c84fa94-04c1-424b-9868-57a2d4851a1d" />
    <TestList name="All Loaded Results" id="19431567-8539-422a-85d7-44ee4e166bda" />
  </TestLists>
  <TestEntries>
    <TestEntry testId="005845ea-0d3c-8a04-b548-045d3c8dc0c2" executionId="a15c55a0-938f-4632-a53c-d1638f652825" testListId="8c84fa94-04c1-424b-9868-57a2d4851a1d" />
    <TestEntry testId="05978091-f0ac-01b3-83aa-028d3b669724" executionId="300f0117-6b39-45fb-9f11-50a468b3f9ec" testListId="8c84fa94-04c1-424b-9868-57a2d4851a1d" />
    <TestEntry testId="0830cac9-02f7-c591-d840-2ca3674b1852" executionId="74366ce7-0579-4d20-b2dc-e36eff23d385" testListId="8c84fa94-04c1-424b-9868-57a2d4851a1d" />
    <TestEntry testId="0f522e79-d79a-b034-ec6a-efb0554ed60b" executionId="08401a1c-ad97-4360-8709-34025838ddd9" testListId="8c84fa94-04c1-424b-9868-57a2d4851a1d" />
    <TestEntry testId="1039187c-4e14-537e-ab54-518aeb80ee71" executionId="7cd29cd8-6bd6-461c-bdb4-475d99547b06" testListId="8c84fa94-04c1-424b-9868-57a2d4851a1d" />
    <TestEntry testId="14974ae4-1e40-88d9-f966-53ea169ebefd" executionId="68ef3fe3-eba1-494d-84ef-b0c396b0be6f" testListId="8c84fa94-04c1-424b-9868-57a2d4851a1d" />
    <TestEntry testId="173c2bf1-7b82-ff5b-5118-99785ebbfb00" executionId="78627f71-3431-4b04-b69f-d57a6e2ea371" testListId="8c84fa94-04c1-424b-9868-57a2d4851a1d" />
    <TestEntry testId="1b42ff37-c4f8-ae7a-b181-95870af37981" executionId="4337ce25-6948-40b8-bbb3-40013e177ee1" testListId="8c84fa94-04c1-424b-9868-57a2d4851a1d" />
    <TestEntry testId="2111cdec-b51e-64d0-89a1-592f3f795f84" executionId="bcdb20d8-25a5-4d35-b369-94e2f79dd14b" testListId="8c84fa94-04c1-424b-9868-57a2d4851a1d" />
    <TestEntry testId="2b3e95f9-c9b1-d453-5455-7d833cc84a4e" executionId="23527714-3871-4664-993e-5124677ae947" testListId="8c84fa94-04c1-424b-9868-57a2d4851a1d" />
    <TestEntry testId="3178001c-65da-5894-4de5-45f2a7c6ef84" executionId="1d2b53aa-dd19-49d5-81a0-f7d46980d02c" testListId="8c84fa94-04c1-424b-9868-57a2d4851a1d" />
    <TestEntry testId="37ebaf08-dd55-e711-3c19-92a17dcbf0d3" executionId="e27f53ee-914d-4665-a16a-6b5ca482b1c1" testListId="8c84fa94-04c1-424b-9868-57a2d4851a1d" />
    <TestEntry testId="3a59bfc9-041e-7e33-1650-a76f67410120" executionId="5b292a63-637c-4699-b1c0-b2cc9ad81f47" testListId="8c84fa94-04c1-424b-9868-57a2d4851a1d" />
    <TestEntry testId="3ae8f7a2-c929-8faf-e22c-fd5470e548a1" executionId="ff22509d-1799-492f-bf00-d5dc54e0601e" testListId="8c84fa94-04c1-424b-9868-57a2d4851a1d" />
    <TestEntry testId="3b5582b3-d303-8198-b4f7-2bd9cee90085" executionId="c3556915-d7bc-4263-87b4-7dbc6aaf12fc" testListId="8c84fa94-04c1-424b-9868-57a2d4851a1d" />
    <TestEntry testId="3b6ec050-6969-750d-e6d6-acec7372d75a" executionId="5dd6b327-cf25-42e9-bc10-7e4a88220eca" testListId="8c84fa94-04c1-424b-9868-57a2d4851a1d" />
    <TestEntry testId="3b85baef-cf6a-4dc9-48f8-7079d3fabb57" executionId="bf7cd189-d149-4545-b5b7-3ae235b0bf19" testListId="8c84fa94-04c1-424b-9868-57a2d4851a1d" />
    <TestEntry testId="3bded695-a44d-d000-f8bd-32e5d3767d74" executionId="b028abaf-04de-4af3-9a6b-9ed8e929e197" testListId="8c84fa94-04c1-424b-9868-57a2d4851a1d" />
    <TestEntry testId="3e4dd43f-c71e-ac33-2983-bf0bbad2c8ba" executionId="c22146f4-ff73-457a-b436-cd0e92427611" testListId="8c84fa94-04c1-424b-9868-57a2d4851a1d" />
    <TestEntry testId="3eec3270-513e-8277-3d4a-f4dfd8b693f3" executionId="9a07b0a9-c8b0-4569-b573-cffad839e625" testListId="8c84fa94-04c1-424b-9868-57a2d4851a1d" />
    <TestEntry testId="49773854-983f-3153-1426-cb816c08b596" executionId="347e4887-a28d-4899-89a8-cad59dd69f2b" testListId="8c84fa94-04c1-424b-9868-57a2d4851a1d" />
    <TestEntry testId="49c05f9e-5a5d-fe7b-af8e-25af946d5b7c" executionId="99205f8a-e45d-49bc-ab06-e695f6924ccc" testListId="8c84fa94-04c1-424b-9868-57a2d4851a1d" />
    <TestEntry testId="49f53d69-db2d-f5da-10a3-ae5515be3bbf" executionId="a0fa1d7b-5d14-415e-b2ff-1a90adf20108" testListId="8c84fa94-04c1-424b-9868-57a2d4851a1d" />
    <TestEntry testId="504c366e-44a7-ec81-265a-60e486898e6e" executionId="0dd7c6f6-b99d-45ad-9fc1-f1afc7df260f" testListId="8c84fa94-04c1-424b-9868-57a2d4851a1d" />
    <TestEntry testId="519de9e3-74d7-1d8e-7964-df05b50898a6" executionId="8abda3dd-dde4-4c49-9c8a-a99bbfc2719b" testListId="8c84fa94-04c1-424b-9868-57a2d4851a1d" />
    <TestEntry testId="58baebd9-3bed-4891-ea2b-a4d59294957f" executionId="f73e65e2-6b89-4709-8c4d-07449b9bcedd" testListId="8c84fa94-04c1-424b-9868-57a2d4851a1d" />
    <TestEntry testId="5b7704fd-a0e4-ed35-63c8-c95a40ae20ce" executionId="4f1cde43-0a03-4f1b-be48-abe9d82652e4" testListId="8c84fa94-04c1-424b-9868-57a2d4851a1d" />
    <TestEntry testId="5d40562c-6f14-da2b-98f9-cd7d26e5b79c" executionId="7c400709-a61a-4063-b034-6533b6c9b1df" testListId="8c84fa94-04c1-424b-9868-57a2d4851a1d" />
    <TestEntry testId="6b11ba16-22e8-dd16-4e4e-6827b12fc0bc" executionId="784b140f-3193-4758-91b4-6a64bdf520e7" testListId="8c84fa94-04c1-424b-9868-57a2d4851a1d" />
    <TestEntry testId="6c257bae-a8df-31ac-b3f4-3f9ca8bdbf93" executionId="6cb13c07-507f-49de-bc58-312cd6c243c6" testListId="8c84fa94-04c1-424b-9868-57a2d4851a1d" />
    <TestEntry testId="7aaa9e5d-f821-2b44-afa3-7b32fefca889" executionId="04511a42-c8dc-4f56-9a4b-d8efd94286d5" testListId="8c84fa94-04c1-424b-9868-57a2d4851a1d" />
    <TestEntry testId="7b939219-f612-895a-caab-ad286d6b7074" executionId="32444c4f-8e43-4602-a66a-5511f0b59f9c" testListId="8c84fa94-04c1-424b-9868-57a2d4851a1d" />
    <TestEntry testId="8cd14aed-2c28-4319-a8ad-3ad65c3ac7ca" executionId="74693f66-adc1-4381-b83b-5abfb2d252bc" testListId="8c84fa94-04c1-424b-9868-57a2d4851a1d" />
    <TestEntry testId="992b2dc9-2ec3-8482-6862-5625ed92f6cc" executionId="9a7dcf09-4b72-44b9-a790-dcd44617c360" testListId="8c84fa94-04c1-424b-9868-57a2d4851a1d" />
    <TestEntry testId="9c97b3a4-4c72-95fe-740e-5c12ee2c3741" executionId="4185e4e6-c8ca-4828-bacd-99bc207b4251" testListId="8c84fa94-04c1-424b-9868-57a2d4851a1d" />
    <TestEntry testId="9e7a6284-d084-1251-0587-2e5b35dc81bb" executionId="f16048d5-c287-4f76-8f73-0f52e9c7aa1a" testListId="8c84fa94-04c1-424b-9868-57a2d4851a1d" />
    <TestEntry testId="9fa2a185-8021-aee1-eccf-a20f09e4d8c0" executionId="fbc16c1b-7400-48f7-ac76-45bb05f3cbee" testListId="8c84fa94-04c1-424b-9868-57a2d4851a1d" />
    <TestEntry testId="a2afdcef-aa1e-be44-1bdb-2104424d4f22" executionId="0b6fa2f0-a368-4c37-aeda-d1665d3f16bb" testListId="8c84fa94-04c1-424b-9868-57a2d4851a1d" />
    <TestEntry testId="a5e6cfdc-d03b-f615-c8e0-28221302a5bf" executionId="aa3f6446-b4fe-4348-b087-b6601f681ef8" testListId="8c84fa94-04c1-424b-9868-57a2d4851a1d" />
    <TestEntry testId="ac548309-2e88-c8a4-d705-4a7b24fb90ba" executionId="ceff0907-398d-4e27-a94b-c622a01da106" testListId="8c84fa94-04c1-424b-9868-57a2d4851a1d" />
    <TestEntry testId="aec15c2c-4694-dffa-3310-6e0f3a468888" executionId="ddc5054a-22a0-4b6f-aba2-9afcfaca699f" testListId="8c84fa94-04c1-424b-9868-57a2d4851a1d" />
    <TestEntry testId="b1da090b-a3db-9650-592a-e5225ba14f6b" executionId="f098d7b9-8ac3-4e0e-ba94-66ab5da1b0af" testListId="8c84fa94-04c1-424b-9868-57a2d4851a1d" />
    <TestEntry testId="b8acfc95-0d6c-ab8f-a160-166bb04d6eb2" executionId="ab5caa66-ad94-4f3f-87d1-da10824b7cf2" testListId="8c84fa94-04c1-424b-9868-57a2d4851a1d" />
    <TestEntry testId="bb3a00e2-007f-1587-d564-f9594eb6983d" executionId="4efb63bd-bef2-4685-bdfb-23ce51325442" testListId="8c84fa94-04c1-424b-9868-57a2d4851a1d" />
    <TestEntry testId="bcc1aa2b-708f-ba29-980f-1425fe705685" executionId="8a97a99d-c7d0-4f30-b004-5c13c93c9e1c" testListId="8c84fa94-04c1-424b-9868-57a2d4851a1d" />
    <TestEntry testId="c133290d-b738-c98a-dbf7-467c8ddc68ad" executionId="8f283643-4c1b-46d5-aa5b-d9a00ad8ef79" testListId="8c84fa94-04c1-424b-9868-57a2d4851a1d" />
    <TestEntry testId="c1ee7504-b576-9e6b-517e-ffa1dda8ffc2" executionId="fc6029df-450a-47eb-b9da-5ddcac5959f0" testListId="8c84fa94-04c1-424b-9868-57a2d4851a1d" />
    <TestEntry testId="c723663c-8551-4923-1f7f-1d2f087d05d3" executionId="10c01d49-0a4a-4c2d-b7c3-f985c7dd6812" testListId="8c84fa94-04c1-424b-9868-57a2d4851a1d" />
    <TestEntry testId="ce4cdb06-9a83-c9ce-a36f-f93949e7db7a" executionId="b7f0c64a-4e89-431b-873f-11e7faff2b6d" testListId="8c84fa94-04c1-424b-9868-57a2d4851a1d" />
    <TestEntry testId="d8262a8e-d89e-2b9f-e798-821fadf1aba8" executionId="c4dc231d-b1b3-412f-a902-55d87deaa548" testListId="8c84fa94-04c1-424b-9868-57a2d4851a1d" />
    <TestEntry testId="df3766e4-d9d5-4033-f867-72f676a21b6f" executionId="16f9a33b-7af2-4d6b-9616-315903b62fd0" testListId="8c84fa94-04c1-424b-9868-57a2d4851a1d" />
    <TestEntry testId="e72c788c-f2e6-cdf4-0db3-f9780ecf9952" executionId="e720fa97-9f96-4bd8-940b-2cb2e67184b7" testListId="8c84fa94-04c1-424b-9868-57a2d4851a1d" />
    <TestEntry testId="e75dfd00-d175-70e0-a7f6-d5943e8bcd9b" executionId="3a6f9256-0312-4bb6-b3cf-919ce7db6d71" testListId="8c84fa94-04c1-424b-9868-57a2d4851a1d" />
    <TestEntry testId="eabaa878-b3d8-ba0f-f5ec-66030ff1054c" executionId="cfbaac77-7e72-43ce-b021-284fd51c6524" testListId="8c84fa94-04c1-424b-9868-57a2d4851a1d" />
    <TestEntry testId="ed66ac2e-cd34-50dd-17be-7de2ecdc0503" executionId="3896bc1f-e802-4cf1-96f1-6070415fe9c9" testListId="8c84fa94-04c1-424b-9868-57a2d4851a1d" />
    <TestEntry testId="f414574b-b094-fe02-704e-e2acfca1649c" executionId="65895c4c-388f-4a02-8f78-5cc9cf55d748" testListId="8c84fa94-04c1-424b-9868-57a2d4851a1d" />
    <TestEntry testId="f862bd14-606d-98a7-90b6-ba1671d10bcb" executionId="4804e666-844b-4c62-ad81-20ac6b394915" testListId="8c84fa94-04c1-424b-9868-57a2d4851a1d" />
    <TestEntry testId="f8963391-2a9e-7606-1d73-db13060dc7cf" executionId="497f0528-276d-4167-b45a-6fe335ec8434" testListId="8c84fa94-04c1-424b-9868-57a2d4851a1d" />
    <TestEntry testId="f98565ef-7220-7c96-475e-4b1ff3a90883" executionId="5b1ee36b-db34-406e-b50a-71df349ea508" testListId="8c84fa94-04c1-424b-9868-57a2d4851a1d" />
    <TestEntry testId="fcb43331-0844-8756-08fe-c9f6b6f6a25c" executionId="99f746f7-0f53-47ee-ac3f-42af96664f04" testListId="8c84fa94-04c1-424b-9868-57a2d4851a1d" />
  </TestEntries>
  <Results>
    <UnitTestResult executionId="a15c55a0-938f-4632-a53c-d1638f652825" testId="005845ea-0d3c-8a04-b548-045d3c8dc0c2" testName="ZlozZlecenieTest" computerName="OKRM-KOMPUTER" duration="00:00:00.0355817" startTime="2012-01-12T15:50:10.5996093+01:00" endTime="2012-01-12T15:50:10.8945312+01:00" testType="13cdc9d9-ddb5-4fa4-a97d-d965ccfc6d4b" outcome="Failed" testListId="8c84fa94-04c1-424b-9868-57a2d4851a1d" relativeResultsDirectory="a15c55a0-938f-4632-a53c-d1638f652825">
      <Output>
        <ErrorInfo>
          <Message>Test method Zarzadzanie.Test.RolaKlientTest.ZlozZlecenieTest threw exception: 
System.NullReferenceException: Odwołanie do obiektu nie zostało ustawione na wystąpienie obiektu.</Message>
          <StackTrace>    w Zarzadzanie_uzytkownikami.RolaKlient.ZlozZlecenie(LinkedList`1 dokumenty, DateTime terminUkonczenia) w C:\Users\Okrm\Desktop\Projekt - zarzadzania uzytkownikami\saturas-Zarzadzanie-Uzytkownikami-975c2b5\saturas-Zarzadzanie-Uzytkownikami-975c2b5\Zarzadzanie uzytkownikami\Role\RolaKlient.cs:wiersz 46
   w Zarzadzanie.Test.RolaKlientTest.ZlozZlecenieTest() w C:\Users\Okrm\Desktop\Projekt - zarzadzania uzytkownikami\saturas-Zarzadzanie-Uzytkownikami-975c2b5\saturas-Zarzadzanie-Uzytkownikami-975c2b5\Zarzadzanie.Test\RolaKlientTest.cs:wiersz 116
</StackTrace>
        </ErrorInfo>
      </Output>
    </UnitTestResult>
    <UnitTestResult executionId="300f0117-6b39-45fb-9f11-50a468b3f9ec" testId="05978091-f0ac-01b3-83aa-028d3b669724" testName="NameTest" computerName="OKRM-KOMPUTER" duration="00:00:00.0071905" startTime="2012-01-12T15:50:10.8974609+01:00" endTime="2012-01-12T15:50:10.9257812+01:00" testType="13cdc9d9-ddb5-4fa4-a97d-d965ccfc6d4b" outcome="Failed" testListId="8c84fa94-04c1-424b-9868-57a2d4851a1d" relativeResultsDirectory="300f0117-6b39-45fb-9f11-50a468b3f9ec">
      <Output>
        <ErrorInfo>
          <Message>Test method Zarzadzanie.Test.RolaTest.NameTest threw exception: 
System.NullReferenceException: Odwołanie do obiektu nie zostało ustawione na wystąpienie obiektu.</Message>
          <StackTrace>    w Zarzadzanie.Test.RolaTest.NameTest() w C:\Users\Okrm\Desktop\Projekt - zarzadzania uzytkownikami\saturas-Zarzadzanie-Uzytkownikami-975c2b5\saturas-Zarzadzanie-Uzytkownikami-975c2b5\Zarzadzanie.Test\RolaTest.cs:wiersz 83
</StackTrace>
        </ErrorInfo>
      </Output>
    </UnitTestResult>
    <UnitTestResult executionId="74366ce7-0579-4d20-b2dc-e36eff23d385" testId="0830cac9-02f7-c591-d840-2ca3674b1852" testName="RolaAdministratorConstructorTest" computerName="OKRM-KOMPUTER" duration="00:00:00.0109569" startTime="2012-01-12T15:50:10.9414062+01:00" endTime="2012-01-12T15:50:10.9619140+01:00" testType="13cdc9d9-ddb5-4fa4-a97d-d965ccfc6d4b" outcome="Inconclusive" testListId="8c84fa94-04c1-424b-9868-57a2d4851a1d" relativeResultsDirectory="74366ce7-0579-4d20-b2dc-e36eff23d385">
      <Output>
        <ErrorInfo>
          <Message>Assert.Inconclusive failed. TODO: Implement code to verify target</Message>
          <StackTrace>   w Zarzadzanie.Test.RolaAdministratorTest.RolaAdministratorConstructorTest() w C:\Users\Okrm\Desktop\Projekt - zarzadzania uzytkownikami\saturas-Zarzadzanie-Uzytkownikami-975c2b5\saturas-Zarzadzanie-Uzytkownikami-975c2b5\Zarzadzanie.Test\RolaAdministratorTest.cs:wiersz 76
</StackTrace>
        </ErrorInfo>
      </Output>
    </UnitTestResult>
    <UnitTestResult executionId="08401a1c-ad97-4360-8709-34025838ddd9" testId="0f522e79-d79a-b034-ec6a-efb0554ed60b" testName="ZlecenieConstructorTest" computerName="OKRM-KOMPUTER" duration="00:00:00.0008795" startTime="2012-01-12T15:50:10.9677734+01:00" endTime="2012-01-12T15:50:10.9755859+01:00" testType="13cdc9d9-ddb5-4fa4-a97d-d965ccfc6d4b" outcome="Inconclusive" testListId="8c84fa94-04c1-424b-9868-57a2d4851a1d" relativeResultsDirectory="08401a1c-ad97-4360-8709-34025838ddd9">
      <Output>
        <ErrorInfo>
          <Message>Assert.Inconclusive failed. TODO: Implement code to verify target</Message>
          <StackTrace>   w Zarzadzanie.Test.ZlecenieTest.ZlecenieConstructorTest() w C:\Users\Okrm\Desktop\Projekt - zarzadzania uzytkownikami\saturas-Zarzadzanie-Uzytkownikami-975c2b5\saturas-Zarzadzanie-Uzytkownikami-975c2b5\Zarzadzanie.Test\ZlecenieTest.cs:wiersz 74
</StackTrace>
        </ErrorInfo>
      </Output>
    </UnitTestResult>
    <UnitTestResult executionId="7cd29cd8-6bd6-461c-bdb4-475d99547b06" testId="1039187c-4e14-537e-ab54-518aeb80ee71" testName="MeldujPostepPracyTest" computerName="OKRM-KOMPUTER" duration="00:00:00.0011806" startTime="2012-01-12T15:50:10.9814453+01:00" endTime="2012-01-12T15:50:10.9902343+01:00" testType="13cdc9d9-ddb5-4fa4-a97d-d965ccfc6d4b" outcome="Inconclusive" testListId="8c84fa94-04c1-424b-9868-57a2d4851a1d" relativeResultsDirectory="7cd29cd8-6bd6-461c-bdb4-475d99547b06">
      <Output>
        <ErrorInfo>
          <Message>Assert.Inconclusive failed. A method that does not return a value cannot be verified.</Message>
          <StackTrace>   w Zarzadzanie.Test.RolaTlumaczTest.MeldujPostepPracyTest() w C:\Users\Okrm\Desktop\Projekt - zarzadzania uzytkownikami\saturas-Zarzadzanie-Uzytkownikami-975c2b5\saturas-Zarzadzanie-Uzytkownikami-975c2b5\Zarzadzanie.Test\RolaTlumaczTest.cs:wiersz 87
</StackTrace>
        </ErrorInfo>
      </Output>
    </UnitTestResult>
    <UnitTestResult executionId="68ef3fe3-eba1-494d-84ef-b0c396b0be6f" testId="14974ae4-1e40-88d9-f966-53ea169ebefd" testName="RoleTest" computerName="OKRM-KOMPUTER" duration="00:00:00.0016411" startTime="2012-01-12T15:50:10.9921875+01:00" endTime="2012-01-12T15:50:11.0097656+01:00" testType="13cdc9d9-ddb5-4fa4-a97d-d965ccfc6d4b" outcome="Passed" testListId="8c84fa94-04c1-424b-9868-57a2d4851a1d" relativeResultsDirectory="68ef3fe3-eba1-494d-84ef-b0c396b0be6f">
    </UnitTestResult>
    <UnitTestResult executionId="78627f71-3431-4b04-b69f-d57a6e2ea371" testId="173c2bf1-7b82-ff5b-5118-99785ebbfb00" testName="DodajNowegoAdministratoraTest" computerName="OKRM-KOMPUTER" duration="00:00:00.0025468" startTime="2012-01-12T15:50:11.0107421+01:00" endTime="2012-01-12T15:50:11.0234375+01:00" testType="13cdc9d9-ddb5-4fa4-a97d-d965ccfc6d4b" outcome="Passed" testListId="8c84fa94-04c1-424b-9868-57a2d4851a1d" relativeResultsDirectory="78627f71-3431-4b04-b69f-d57a6e2ea371">
    </UnitTestResult>
    <UnitTestResult executionId="4337ce25-6948-40b8-bbb3-40013e177ee1" testId="1b42ff37-c4f8-ae7a-b181-95870af37981" testName="NameTest" computerName="OKRM-KOMPUTER" duration="00:00:00.0035555" startTime="2012-01-12T15:50:11.0351562+01:00" endTime="2012-01-12T15:50:11.0556640+01:00" testType="13cdc9d9-ddb5-4fa4-a97d-d965ccfc6d4b" outcome="Inconclusive" testListId="8c84fa94-04c1-424b-9868-57a2d4851a1d" relativeResultsDirectory="4337ce25-6948-40b8-bbb3-40013e177ee1">
      <Output>
        <ErrorInfo>
          <Message>Assert.Inconclusive failed. Verify the correctness of this test method.</Message>
          <StackTrace>   w Zarzadzanie.Test.DokumentTest.NameTest() w C:\Users\Okrm\Desktop\Projekt - zarzadzania uzytkownikami\saturas-Zarzadzanie-Uzytkownikami-975c2b5\saturas-Zarzadzanie-Uzytkownikami-975c2b5\Zarzadzanie.Test\DokumentTest.cs:wiersz 89
</StackTrace>
        </ErrorInfo>
      </Output>
    </UnitTestResult>
    <UnitTestResult executionId="bcdb20d8-25a5-4d35-b369-94e2f79dd14b" testId="2111cdec-b51e-64d0-89a1-592f3f795f84" testName="PrzydzielZlecenieTest" computerName="OKRM-KOMPUTER" duration="00:00:00.0055237" startTime="2012-01-12T15:50:11.0605468+01:00" endTime="2012-01-12T15:50:11.0732421+01:00" testType="13cdc9d9-ddb5-4fa4-a97d-d965ccfc6d4b" outcome="Inconclusive" testListId="8c84fa94-04c1-424b-9868-57a2d4851a1d" relativeResultsDirectory="bcdb20d8-25a5-4d35-b369-94e2f79dd14b">
      <Output>
        <ErrorInfo>
          <Message>Assert.Inconclusive failed. A method that does not return a value cannot be verified.</Message>
          <StackTrace>   w Zarzadzanie.Test.RolaPracownikTest.PrzydzielZlecenieTest() w C:\Users\Okrm\Desktop\Projekt - zarzadzania uzytkownikami\saturas-Zarzadzanie-Uzytkownikami-975c2b5\saturas-Zarzadzanie-Uzytkownikami-975c2b5\Zarzadzanie.Test\RolaPracownikTest.cs:wiersz 113
</StackTrace>
        </ErrorInfo>
      </Output>
    </UnitTestResult>
    <UnitTestResult executionId="23527714-3871-4664-993e-5124677ae947" testId="2b3e95f9-c9b1-d453-5455-7d833cc84a4e" testName="LoginTest" computerName="OKRM-KOMPUTER" duration="00:00:00.0014008" startTime="2012-01-12T15:50:11.0742187+01:00" endTime="2012-01-12T15:50:11.0869140+01:00" testType="13cdc9d9-ddb5-4fa4-a97d-d965ccfc6d4b" outcome="Passed" testListId="8c84fa94-04c1-424b-9868-57a2d4851a1d" relativeResultsDirectory="23527714-3871-4664-993e-5124677ae947">
    </UnitTestResult>
    <UnitTestResult executionId="1d2b53aa-dd19-49d5-81a0-f7d46980d02c" testId="3178001c-65da-5894-4de5-45f2a7c6ef84" testName="WeryfikujTest" computerName="OKRM-KOMPUTER" duration="00:00:00.0011913" startTime="2012-01-12T15:50:11.0878906+01:00" endTime="2012-01-12T15:50:11.0986328+01:00" testType="13cdc9d9-ddb5-4fa4-a97d-d965ccfc6d4b" outcome="Passed" testListId="8c84fa94-04c1-424b-9868-57a2d4851a1d" relativeResultsDirectory="1d2b53aa-dd19-49d5-81a0-f7d46980d02c">
    </UnitTestResult>
    <UnitTestResult executionId="e27f53ee-914d-4665-a16a-6b5ca482b1c1" testId="37ebaf08-dd55-e711-3c19-92a17dcbf0d3" testName="ListaNumerowTlumaczyKtorzyTlumaczyliTest" computerName="OKRM-KOMPUTER" duration="00:00:00.0014457" startTime="2012-01-12T15:50:11.0996093+01:00" endTime="2012-01-12T15:50:11.1113281+01:00" testType="13cdc9d9-ddb5-4fa4-a97d-d965ccfc6d4b" outcome="Inconclusive" testListId="8c84fa94-04c1-424b-9868-57a2d4851a1d" relativeResultsDirectory="e27f53ee-914d-4665-a16a-6b5ca482b1c1">
      <Output>
        <ErrorInfo>
          <Message>Assert.Inconclusive failed. Verify the correctness of this test method.</Message>
          <StackTrace>   w Zarzadzanie.Test.ZlecenieArchiwalneTest.ListaNumerowTlumaczyKtorzyTlumaczyliTest() w C:\Users\Okrm\Desktop\Projekt - zarzadzania uzytkownikami\saturas-Zarzadzanie-Uzytkownikami-975c2b5\saturas-Zarzadzanie-Uzytkownikami-975c2b5\Zarzadzanie.Test\ZlecenieArchiwalneTest.cs:wiersz 101
</StackTrace>
        </ErrorInfo>
      </Output>
    </UnitTestResult>
    <UnitTestResult executionId="5b292a63-637c-4699-b1c0-b2cc9ad81f47" testId="3a59bfc9-041e-7e33-1650-a76f67410120" testName="RoleOczekujaceTest" computerName="OKRM-KOMPUTER" duration="00:00:00.0004742" startTime="2012-01-12T15:50:11.1162109+01:00" endTime="2012-01-12T15:50:11.1250000+01:00" testType="13cdc9d9-ddb5-4fa4-a97d-d965ccfc6d4b" outcome="Passed" testListId="8c84fa94-04c1-424b-9868-57a2d4851a1d" relativeResultsDirectory="5b292a63-637c-4699-b1c0-b2cc9ad81f47">
    </UnitTestResult>
    <UnitTestResult executionId="ff22509d-1799-492f-bf00-d5dc54e0601e" testId="3ae8f7a2-c929-8faf-e22c-fd5470e548a1" testName="UzytkownikConstructorTest" computerName="OKRM-KOMPUTER" duration="00:00:00.0005469" startTime="2012-01-12T15:50:11.1269531+01:00" endTime="2012-01-12T15:50:11.1357421+01:00" testType="13cdc9d9-ddb5-4fa4-a97d-d965ccfc6d4b" outcome="Passed" testListId="8c84fa94-04c1-424b-9868-57a2d4851a1d" relativeResultsDirectory="ff22509d-1799-492f-bf00-d5dc54e0601e">
    </UnitTestResult>
    <UnitTestResult executionId="c3556915-d7bc-4263-87b4-7dbc6aaf12fc" testId="3b5582b3-d303-8198-b4f7-2bd9cee90085" testName="DodajZlecenieTest" computerName="OKRM-KOMPUTER" duration="00:00:00.0020529" startTime="2012-01-12T15:50:11.1376953+01:00" endTime="2012-01-12T15:50:11.1445312+01:00" testType="13cdc9d9-ddb5-4fa4-a97d-d965ccfc6d4b" outcome="Failed" testListId="8c84fa94-04c1-424b-9868-57a2d4851a1d" relativeResultsDirectory="c3556915-d7bc-4263-87b4-7dbc6aaf12fc">
      <Output>
        <ErrorInfo>
          <Message>Test method Zarzadzanie.Test.RolaPracownikTest.DodajZlecenieTest threw exception: 
System.ArgumentNullException: Klucz nie może być zerowy.
Nazwa parametru: key</Message>
          <StackTrace>    w System.Collections.Hashtable.Insert(Object key, Object nvalue, Boolean add)
   w System.Collections.Hashtable.Add(Object key, Object value)
   w Zarzadzanie_uzytkownikami.RolaPracownik.DodajZlecenie(ZlecenieBiezace z, RolaKlient k) w C:\Users\Okrm\Desktop\Projekt - zarzadzania uzytkownikami\saturas-Zarzadzanie-Uzytkownikami-975c2b5\saturas-Zarzadzanie-Uzytkownikami-975c2b5\Zarzadzanie uzytkownikami\Role\RolaPracownik.cs:wiersz 66
   w Zarzadzanie.Test.RolaPracownikTest.DodajZlecenieTest() w C:\Users\Okrm\Desktop\Projekt - zarzadzania uzytkownikami\saturas-Zarzadzanie-Uzytkownikami-975c2b5\saturas-Zarzadzanie-Uzytkownikami-975c2b5\Zarzadzanie.Test\RolaPracownikTest.cs:wiersz 99
</StackTrace>
        </ErrorInfo>
      </Output>
    </UnitTestResult>
    <UnitTestResult executionId="5dd6b327-cf25-42e9-bc10-7e4a88220eca" testId="3b6ec050-6969-750d-e6d6-acec7372d75a" testName="ListaUzytkownikowNiezalogowanychTest" computerName="OKRM-KOMPUTER" duration="00:00:00.0045526" startTime="2012-01-12T15:50:11.1474609+01:00" endTime="2012-01-12T15:50:11.1601562+01:00" testType="13cdc9d9-ddb5-4fa4-a97d-d965ccfc6d4b" outcome="Passed" testListId="8c84fa94-04c1-424b-9868-57a2d4851a1d" relativeResultsDirectory="5dd6b327-cf25-42e9-bc10-7e4a88220eca">
    </UnitTestResult>
    <UnitTestResult executionId="bf7cd189-d149-4545-b5b7-3ae235b0bf19" testId="3b85baef-cf6a-4dc9-48f8-7079d3fabb57" testName="HasloTest" computerName="OKRM-KOMPUTER" duration="00:00:00.0002693" startTime="2012-01-12T15:50:11.1611328+01:00" endTime="2012-01-12T15:50:11.1699218+01:00" testType="13cdc9d9-ddb5-4fa4-a97d-d965ccfc6d4b" outcome="Passed" testListId="8c84fa94-04c1-424b-9868-57a2d4851a1d" relativeResultsDirectory="bf7cd189-d149-4545-b5b7-3ae235b0bf19">
    </UnitTestResult>
    <UnitTestResult executionId="b028abaf-04de-4af3-9a6b-9ed8e929e197" testId="3bded695-a44d-d000-f8bd-32e5d3767d74" testName="ListaUzytkownikowZalogowanychTest" computerName="OKRM-KOMPUTER" duration="00:00:00.0022427" startTime="2012-01-12T15:50:11.1708984+01:00" endTime="2012-01-12T15:50:11.1845703+01:00" testType="13cdc9d9-ddb5-4fa4-a97d-d965ccfc6d4b" outcome="Passed" testListId="8c84fa94-04c1-424b-9868-57a2d4851a1d" relativeResultsDirectory="b028abaf-04de-4af3-9a6b-9ed8e929e197">
    </UnitTestResult>
    <UnitTestResult executionId="c22146f4-ff73-457a-b436-cd0e92427611" testId="3e4dd43f-c71e-ac33-2983-bf0bbad2c8ba" testName="ImieTest" computerName="OKRM-KOMPUTER" duration="00:00:00.0042255" startTime="2012-01-12T15:50:11.1865234+01:00" endTime="2012-01-12T15:50:11.2001953+01:00" testType="13cdc9d9-ddb5-4fa4-a97d-d965ccfc6d4b" outcome="Passed" testListId="8c84fa94-04c1-424b-9868-57a2d4851a1d" relativeResultsDirectory="c22146f4-ff73-457a-b436-cd0e92427611">
    </UnitTestResult>
    <UnitTestResult executionId="9a07b0a9-c8b0-4569-b573-cffad839e625" testId="3eec3270-513e-8277-3d4a-f4dfd8b693f3" testName="ListaNazwDokumentowTest" computerName="OKRM-KOMPUTER" duration="00:00:00.0010164" startTime="2012-01-12T15:50:11.2021484+01:00" endTime="2012-01-12T15:50:11.2119140+01:00" testType="13cdc9d9-ddb5-4fa4-a97d-d965ccfc6d4b" outcome="Inconclusive" testListId="8c84fa94-04c1-424b-9868-57a2d4851a1d" relativeResultsDirectory="9a07b0a9-c8b0-4569-b573-cffad839e625">
      <Output>
        <ErrorInfo>
          <Message>Assert.Inconclusive failed. Verify the correctness of this test method.</Message>
          <StackTrace>   w Zarzadzanie.Test.ZlecenieArchiwalneTest.ListaNazwDokumentowTest() w C:\Users\Okrm\Desktop\Projekt - zarzadzania uzytkownikami\saturas-Zarzadzanie-Uzytkownikami-975c2b5\saturas-Zarzadzanie-Uzytkownikami-975c2b5\Zarzadzanie.Test\ZlecenieArchiwalneTest.cs:wiersz 119
</StackTrace>
        </ErrorInfo>
      </Output>
    </UnitTestResult>
    <UnitTestResult executionId="347e4887-a28d-4899-89a8-cad59dd69f2b" testId="49773854-983f-3153-1426-cb816c08b596" testName="ListaWykonywanychZlecenTest" computerName="OKRM-KOMPUTER" duration="00:00:00.0009890" startTime="2012-01-12T15:50:11.2128906+01:00" endTime="2012-01-12T15:50:11.2216796+01:00" testType="13cdc9d9-ddb5-4fa4-a97d-d965ccfc6d4b" outcome="Inconclusive" testListId="8c84fa94-04c1-424b-9868-57a2d4851a1d" relativeResultsDirectory="347e4887-a28d-4899-89a8-cad59dd69f2b">
      <Output>
        <ErrorInfo>
          <Message>Assert.Inconclusive failed. Verify the correctness of this test method.</Message>
          <StackTrace>   w Zarzadzanie.Test.RolaTlumaczTest.ListaWykonywanychZlecenTest() w C:\Users\Okrm\Desktop\Projekt - zarzadzania uzytkownikami\saturas-Zarzadzanie-Uzytkownikami-975c2b5\saturas-Zarzadzanie-Uzytkownikami-975c2b5\Zarzadzanie.Test\RolaTlumaczTest.cs:wiersz 102
</StackTrace>
        </ErrorInfo>
      </Output>
    </UnitTestResult>
    <UnitTestResult executionId="99205f8a-e45d-49bc-ab06-e695f6924ccc" testId="49c05f9e-5a5d-fe7b-af8e-25af946d5b7c" testName="ListaZlecenBiezacychTest" computerName="OKRM-KOMPUTER" duration="00:00:00.0070276" startTime="2012-01-12T15:50:11.2226562+01:00" endTime="2012-01-12T15:50:11.2373046+01:00" testType="13cdc9d9-ddb5-4fa4-a97d-d965ccfc6d4b" outcome="Inconclusive" testListId="8c84fa94-04c1-424b-9868-57a2d4851a1d" relativeResultsDirectory="99205f8a-e45d-49bc-ab06-e695f6924ccc">
      <Output>
        <ErrorInfo>
          <Message>Assert.Inconclusive failed. Verify the correctness of this test method.</Message>
          <StackTrace>   w Zarzadzanie.Test.RolaKlientTest.ListaZlecenBiezacychTest() w C:\Users\Okrm\Desktop\Projekt - zarzadzania uzytkownikami\saturas-Zarzadzanie-Uzytkownikami-975c2b5\saturas-Zarzadzanie-Uzytkownikami-975c2b5\Zarzadzanie.Test\RolaKlientTest.cs:wiersz 132
</StackTrace>
        </ErrorInfo>
      </Output>
    </UnitTestResult>
    <UnitTestResult executionId="a0fa1d7b-5d14-415e-b2ff-1a90adf20108" testId="49f53d69-db2d-f5da-10a3-ae5515be3bbf" testName="NumerKlientaTest" computerName="OKRM-KOMPUTER" duration="00:00:00.0009625" startTime="2012-01-12T15:50:11.2382812+01:00" endTime="2012-01-12T15:50:11.2490234+01:00" testType="13cdc9d9-ddb5-4fa4-a97d-d965ccfc6d4b" outcome="Inconclusive" testListId="8c84fa94-04c1-424b-9868-57a2d4851a1d" relativeResultsDirectory="a0fa1d7b-5d14-415e-b2ff-1a90adf20108">
      <Output>
        <ErrorInfo>
          <Message>Assert.Inconclusive failed. Verify the correctness of this test method.</Message>
          <StackTrace>   w Zarzadzanie.Test.ZlecenieArchiwalneTest.NumerKlientaTest() w C:\Users\Okrm\Desktop\Projekt - zarzadzania uzytkownikami\saturas-Zarzadzanie-Uzytkownikami-975c2b5\saturas-Zarzadzanie-Uzytkownikami-975c2b5\Zarzadzanie.Test\ZlecenieArchiwalneTest.cs:wiersz 83
</StackTrace>
        </ErrorInfo>
      </Output>
    </UnitTestResult>
    <UnitTestResult executionId="0dd7c6f6-b99d-45ad-9fc1-f1afc7df260f" testId="504c366e-44a7-ec81-265a-60e486898e6e" testName="RolaPracownikConstructorTest" computerName="OKRM-KOMPUTER" duration="00:00:00.0012866" startTime="2012-01-12T15:50:11.2539062+01:00" endTime="2012-01-12T15:50:11.2607421+01:00" testType="13cdc9d9-ddb5-4fa4-a97d-d965ccfc6d4b" outcome="Inconclusive" testListId="8c84fa94-04c1-424b-9868-57a2d4851a1d" relativeResultsDirectory="0dd7c6f6-b99d-45ad-9fc1-f1afc7df260f">
      <Output>
        <ErrorInfo>
          <Message>Assert.Inconclusive failed. TODO: Implement code to verify target</Message>
          <StackTrace>   w Zarzadzanie.Test.RolaPracownikTest.RolaPracownikConstructorTest() w C:\Users\Okrm\Desktop\Projekt - zarzadzania uzytkownikami\saturas-Zarzadzanie-Uzytkownikami-975c2b5\saturas-Zarzadzanie-Uzytkownikami-975c2b5\Zarzadzanie.Test\RolaPracownikTest.cs:wiersz 76
</StackTrace>
        </ErrorInfo>
      </Output>
    </UnitTestResult>
    <UnitTestResult executionId="8abda3dd-dde4-4c49-9c8a-a99bbfc2719b" testId="519de9e3-74d7-1d8e-7964-df05b50898a6" testName="ListaUzytkownikowNiezweryfikowanychTest" computerName="OKRM-KOMPUTER" duration="00:00:00.0003989" startTime="2012-01-12T15:50:11.2626953+01:00" endTime="2012-01-12T15:50:11.2744140+01:00" testType="13cdc9d9-ddb5-4fa4-a97d-d965ccfc6d4b" outcome="Passed" testListId="8c84fa94-04c1-424b-9868-57a2d4851a1d" relativeResultsDirectory="8abda3dd-dde4-4c49-9c8a-a99bbfc2719b">
    </UnitTestResult>
    <UnitTestResult executionId="f73e65e2-6b89-4709-8c4d-07449b9bcedd" testId="58baebd9-3bed-4891-ea2b-a4d59294957f" testName="PrzegladajHistorieZLecenTest" computerName="OKRM-KOMPUTER" duration="00:00:00.0028029" startTime="2012-01-12T15:50:11.2753906+01:00" endTime="2012-01-12T15:50:11.2851562+01:00" testType="13cdc9d9-ddb5-4fa4-a97d-d965ccfc6d4b" outcome="Failed" testListId="8c84fa94-04c1-424b-9868-57a2d4851a1d" relativeResultsDirectory="f73e65e2-6b89-4709-8c4d-07449b9bcedd">
      <Output>
        <ErrorInfo>
          <Message>Assert.AreEqual failed. Expected:&lt;(null)&gt;. Actual:&lt;System.Collections.Generic.LinkedList`1[Zarzadzanie_uzytkownikami.ZlecenieArchiwalne]&gt;. </Message>
          <StackTrace>   w Zarzadzanie.Test.RolaKlientTest.PrzegladajHistorieZLecenTest() w C:\Users\Okrm\Desktop\Projekt - zarzadzania uzytkownikami\saturas-Zarzadzanie-Uzytkownikami-975c2b5\saturas-Zarzadzanie-Uzytkownikami-975c2b5\Zarzadzanie.Test\RolaKlientTest.cs:wiersz 89
</StackTrace>
        </ErrorInfo>
      </Output>
    </UnitTestResult>
    <UnitTestResult executionId="4f1cde43-0a03-4f1b-be48-abe9d82652e4" testId="5b7704fd-a0e4-ed35-63c8-c95a40ae20ce" testName="getInstanceTest" computerName="OKRM-KOMPUTER" duration="00:00:00.0009437" startTime="2012-01-12T15:50:11.2910156+01:00" endTime="2012-01-12T15:50:11.2978515+01:00" testType="13cdc9d9-ddb5-4fa4-a97d-d965ccfc6d4b" outcome="Passed" testListId="8c84fa94-04c1-424b-9868-57a2d4851a1d" relativeResultsDirectory="4f1cde43-0a03-4f1b-be48-abe9d82652e4">
    </UnitTestResult>
    <UnitTestResult executionId="7c400709-a61a-4063-b034-6533b6c9b1df" testId="5d40562c-6f14-da2b-98f9-cd7d26e5b79c" testName="DodajAdministratoraTest" computerName="OKRM-KOMPUTER" duration="00:00:00.0039891" startTime="2012-01-12T15:50:11.3027343+01:00" endTime="2012-01-12T15:50:11.3144531+01:00" testType="13cdc9d9-ddb5-4fa4-a97d-d965ccfc6d4b" outcome="Failed" testListId="8c84fa94-04c1-424b-9868-57a2d4851a1d" relativeResultsDirectory="7c400709-a61a-4063-b034-6533b6c9b1df">
      <Output>
        <ErrorInfo>
          <Message>Test method Zarzadzanie.Test.RolaAdministratorTest.DodajAdministratoraTest threw exception: 
System.NullReferenceException: Odwołanie do obiektu nie zostało ustawione na wystąpienie obiektu.</Message>
          <StackTrace>    w Zarzadzanie_uzytkownikami.RolaAdministrator.DodajAdministratora(String login, String haslo, String imie, String nazwisko) w C:\Users\Okrm\Desktop\Projekt - zarzadzania uzytkownikami\saturas-Zarzadzanie-Uzytkownikami-975c2b5\saturas-Zarzadzanie-Uzytkownikami-975c2b5\Zarzadzanie uzytkownikami\Role\RolaAdministrator.cs:wiersz 19
   w Zarzadzanie.Test.RolaAdministratorTest.DodajAdministratoraTest() w C:\Users\Okrm\Desktop\Projekt - zarzadzania uzytkownikami\saturas-Zarzadzanie-Uzytkownikami-975c2b5\saturas-Zarzadzanie-Uzytkownikami-975c2b5\Zarzadzanie.Test\RolaAdministratorTest.cs:wiersz 91
</StackTrace>
        </ErrorInfo>
      </Output>
    </UnitTestResult>
    <UnitTestResult executionId="784b140f-3193-4758-91b4-6a64bdf520e7" testId="6b11ba16-22e8-dd16-4e4e-6827b12fc0bc" testName="NazwiskoTest" computerName="OKRM-KOMPUTER" duration="00:00:00.0038373" startTime="2012-01-12T15:50:11.3183593+01:00" endTime="2012-01-12T15:50:11.3330078+01:00" testType="13cdc9d9-ddb5-4fa4-a97d-d965ccfc6d4b" outcome="Passed" testListId="8c84fa94-04c1-424b-9868-57a2d4851a1d" relativeResultsDirectory="784b140f-3193-4758-91b4-6a64bdf520e7">
    </UnitTestResult>
    <UnitTestResult executionId="6cb13c07-507f-49de-bc58-312cd6c243c6" testId="6c257bae-a8df-31ac-b3f4-3f9ca8bdbf93" testName="RejestrujNowegoTlumaczaTest" computerName="OKRM-KOMPUTER" duration="00:00:00.0008889" startTime="2012-01-12T15:50:11.3447265+01:00" endTime="2012-01-12T15:50:11.3515625+01:00" testType="13cdc9d9-ddb5-4fa4-a97d-d965ccfc6d4b" outcome="Passed" testListId="8c84fa94-04c1-424b-9868-57a2d4851a1d" relativeResultsDirectory="6cb13c07-507f-49de-bc58-312cd6c243c6">
    </UnitTestResult>
    <UnitTestResult executionId="04511a42-c8dc-4f56-9a4b-d8efd94286d5" testId="7aaa9e5d-f821-2b44-afa3-7b32fefca889" testName="ListaUzytkownikowZNowymiRolamiTest" computerName="OKRM-KOMPUTER" duration="00:00:00.0003737" startTime="2012-01-12T15:50:11.3535156+01:00" endTime="2012-01-12T15:50:11.3681640+01:00" testType="13cdc9d9-ddb5-4fa4-a97d-d965ccfc6d4b" outcome="Passed" testListId="8c84fa94-04c1-424b-9868-57a2d4851a1d" relativeResultsDirectory="04511a42-c8dc-4f56-9a4b-d8efd94286d5">
    </UnitTestResult>
    <UnitTestResult executionId="32444c4f-8e43-4602-a66a-5511f0b59f9c" testId="7b939219-f612-895a-caab-ad286d6b7074" testName="NumeratorTest" computerName="OKRM-KOMPUTER" duration="00:00:00.0009308" startTime="2012-01-12T15:50:11.3730468+01:00" endTime="2012-01-12T15:50:11.3798828+01:00" testType="13cdc9d9-ddb5-4fa4-a97d-d965ccfc6d4b" outcome="Inconclusive" testListId="8c84fa94-04c1-424b-9868-57a2d4851a1d" relativeResultsDirectory="32444c4f-8e43-4602-a66a-5511f0b59f9c">
      <Output>
        <ErrorInfo>
          <Message>Assert.Inconclusive failed. Verify the correctness of this test method.</Message>
          <StackTrace>   w Zarzadzanie.Test.RolaTlumaczTest.NumeratorTest() w C:\Users\Okrm\Desktop\Projekt - zarzadzania uzytkownikami\saturas-Zarzadzanie-Uzytkownikami-975c2b5\saturas-Zarzadzanie-Uzytkownikami-975c2b5\Zarzadzanie.Test\RolaTlumaczTest.cs:wiersz 132
</StackTrace>
        </ErrorInfo>
      </Output>
    </UnitTestResult>
    <UnitTestResult executionId="74693f66-adc1-4381-b83b-5abfb2d252bc" testId="8cd14aed-2c28-4319-a8ad-3ad65c3ac7ca" testName="DokumentConstructorTest" computerName="OKRM-KOMPUTER" duration="00:00:00.0007632" startTime="2012-01-12T15:50:11.3818359+01:00" endTime="2012-01-12T15:50:11.3955078+01:00" testType="13cdc9d9-ddb5-4fa4-a97d-d965ccfc6d4b" outcome="Inconclusive" testListId="8c84fa94-04c1-424b-9868-57a2d4851a1d" relativeResultsDirectory="74693f66-adc1-4381-b83b-5abfb2d252bc">
      <Output>
        <ErrorInfo>
          <Message>Assert.Inconclusive failed. TODO: Implement code to verify target</Message>
          <StackTrace>   w Zarzadzanie.Test.DokumentTest.DokumentConstructorTest() w C:\Users\Okrm\Desktop\Projekt - zarzadzania uzytkownikami\saturas-Zarzadzanie-Uzytkownikami-975c2b5\saturas-Zarzadzanie-Uzytkownikami-975c2b5\Zarzadzanie.Test\DokumentTest.cs:wiersz 74
</StackTrace>
        </ErrorInfo>
      </Output>
    </UnitTestResult>
    <UnitTestResult executionId="9a7dcf09-4b72-44b9-a790-dcd44617c360" testId="992b2dc9-2ec3-8482-6862-5625ed92f6cc" testName="ZlecenieBiezaceConstructorTest" computerName="OKRM-KOMPUTER" duration="00:00:00.0030791" startTime="2012-01-12T15:50:11.3964843+01:00" endTime="2012-01-12T15:50:11.4091796+01:00" testType="13cdc9d9-ddb5-4fa4-a97d-d965ccfc6d4b" outcome="Inconclusive" testListId="8c84fa94-04c1-424b-9868-57a2d4851a1d" relativeResultsDirectory="9a7dcf09-4b72-44b9-a790-dcd44617c360">
      <Output>
        <ErrorInfo>
          <Message>Assert.Inconclusive failed. TODO: Implement code to verify target</Message>
          <StackTrace>   w Zarzadzanie.Test.ZlecenieBiezaceTest.ZlecenieBiezaceConstructorTest() w C:\Users\Okrm\Desktop\Projekt - zarzadzania uzytkownikami\saturas-Zarzadzanie-Uzytkownikami-975c2b5\saturas-Zarzadzanie-Uzytkownikami-975c2b5\Zarzadzanie.Test\ZlecenieBiezaceTest.cs:wiersz 79
</StackTrace>
        </ErrorInfo>
      </Output>
    </UnitTestResult>
    <UnitTestResult executionId="4185e4e6-c8ca-4828-bacd-99bc207b4251" testId="9c97b3a4-4c72-95fe-740e-5c12ee2c3741" testName="DodajNowegoPracownikaTest" computerName="OKRM-KOMPUTER" duration="00:00:00.0008919" startTime="2012-01-12T15:50:11.4101562+01:00" endTime="2012-01-12T15:50:11.4189453+01:00" testType="13cdc9d9-ddb5-4fa4-a97d-d965ccfc6d4b" outcome="Passed" testListId="8c84fa94-04c1-424b-9868-57a2d4851a1d" relativeResultsDirectory="4185e4e6-c8ca-4828-bacd-99bc207b4251">
    </UnitTestResult>
    <UnitTestResult executionId="f16048d5-c287-4f76-8f73-0f52e9c7aa1a" testId="9e7a6284-d084-1251-0587-2e5b35dc81bb" testName="ListaZlecenBiezacychNieprzydzielonychTest" computerName="OKRM-KOMPUTER" duration="00:00:00.0013661" startTime="2012-01-12T15:50:11.4228515+01:00" endTime="2012-01-12T15:50:11.4316406+01:00" testType="13cdc9d9-ddb5-4fa4-a97d-d965ccfc6d4b" outcome="Inconclusive" testListId="8c84fa94-04c1-424b-9868-57a2d4851a1d" relativeResultsDirectory="f16048d5-c287-4f76-8f73-0f52e9c7aa1a">
      <Output>
        <ErrorInfo>
          <Message>Assert.Inconclusive failed. Verify the correctness of this test method.</Message>
          <StackTrace>   w Zarzadzanie.Test.RolaPracownikTest.ListaZlecenBiezacychNieprzydzielonychTest() w C:\Users\Okrm\Desktop\Projekt - zarzadzania uzytkownikami\saturas-Zarzadzanie-Uzytkownikami-975c2b5\saturas-Zarzadzanie-Uzytkownikami-975c2b5\Zarzadzanie.Test\RolaPracownikTest.cs:wiersz 142
</StackTrace>
        </ErrorInfo>
      </Output>
    </UnitTestResult>
    <UnitTestResult executionId="fbc16c1b-7400-48f7-ac76-45bb05f3cbee" testId="9fa2a185-8021-aee1-eccf-a20f09e4d8c0" testName="NumerTest" computerName="OKRM-KOMPUTER" duration="00:00:00.0054036" startTime="2012-01-12T15:50:11.4355468+01:00" endTime="2012-01-12T15:50:11.4482421+01:00" testType="13cdc9d9-ddb5-4fa4-a97d-d965ccfc6d4b" outcome="Inconclusive" testListId="8c84fa94-04c1-424b-9868-57a2d4851a1d" relativeResultsDirectory="fbc16c1b-7400-48f7-ac76-45bb05f3cbee">
      <Output>
        <ErrorInfo>
          <Message>Assert.Inconclusive failed. Verify the correctness of this test method.</Message>
          <StackTrace>   w Zarzadzanie.Test.RolaKlientTest.NumerTest() w C:\Users\Okrm\Desktop\Projekt - zarzadzania uzytkownikami\saturas-Zarzadzanie-Uzytkownikami-975c2b5\saturas-Zarzadzanie-Uzytkownikami-975c2b5\Zarzadzanie.Test\RolaKlientTest.cs:wiersz 147
</StackTrace>
        </ErrorInfo>
      </Output>
    </UnitTestResult>
    <UnitTestResult executionId="0b6fa2f0-a368-4c37-aeda-d1665d3f16bb" testId="a2afdcef-aa1e-be44-1bdb-2104424d4f22" testName="ArchiwizujTest" computerName="OKRM-KOMPUTER" duration="00:00:00.0044898" startTime="2012-01-12T15:50:11.4501953+01:00" endTime="2012-01-12T15:50:11.4628906+01:00" testType="13cdc9d9-ddb5-4fa4-a97d-d965ccfc6d4b" outcome="Inconclusive" testListId="8c84fa94-04c1-424b-9868-57a2d4851a1d" relativeResultsDirectory="0b6fa2f0-a368-4c37-aeda-d1665d3f16bb">
      <Output>
        <ErrorInfo>
          <Message>Assert.Inconclusive failed. A method that does not return a value cannot be verified.</Message>
          <StackTrace>   w Zarzadzanie.Test.ZlecenieBiezaceTest.ArchiwizujTest() w C:\Users\Okrm\Desktop\Projekt - zarzadzania uzytkownikami\saturas-Zarzadzanie-Uzytkownikami-975c2b5\saturas-Zarzadzanie-Uzytkownikami-975c2b5\Zarzadzanie.Test\ZlecenieBiezaceTest.cs:wiersz 93
</StackTrace>
        </ErrorInfo>
      </Output>
    </UnitTestResult>
    <UnitTestResult executionId="aa3f6446-b4fe-4348-b087-b6601f681ef8" testId="a5e6cfdc-d03b-f615-c8e0-28221302a5bf" testName="RejestrujNowegoKlientaTest" computerName="OKRM-KOMPUTER" duration="00:00:00.0002548" startTime="2012-01-12T15:50:11.4736328+01:00" endTime="2012-01-12T15:50:11.4794921+01:00" testType="13cdc9d9-ddb5-4fa4-a97d-d965ccfc6d4b" outcome="Passed" testListId="8c84fa94-04c1-424b-9868-57a2d4851a1d" relativeResultsDirectory="aa3f6446-b4fe-4348-b087-b6601f681ef8">
    </UnitTestResult>
    <UnitTestResult executionId="ceff0907-398d-4e27-a94b-c622a01da106" testId="ac548309-2e88-c8a4-d705-4a7b24fb90ba" testName="ListaZlecenBiezacychPrzydzielonychTest" computerName="OKRM-KOMPUTER" duration="00:00:00.0040374" startTime="2012-01-12T15:50:11.4873046+01:00" endTime="2012-01-12T15:50:11.4970703+01:00" testType="13cdc9d9-ddb5-4fa4-a97d-d965ccfc6d4b" outcome="Inconclusive" testListId="8c84fa94-04c1-424b-9868-57a2d4851a1d" relativeResultsDirectory="ceff0907-398d-4e27-a94b-c622a01da106">
      <Output>
        <ErrorInfo>
          <Message>Assert.Inconclusive failed. Verify the correctness of this test method.</Message>
          <StackTrace>   w Zarzadzanie.Test.RolaPracownikTest.ListaZlecenBiezacychPrzydzielonychTest() w C:\Users\Okrm\Desktop\Projekt - zarzadzania uzytkownikami\saturas-Zarzadzanie-Uzytkownikami-975c2b5\saturas-Zarzadzanie-Uzytkownikami-975c2b5\Zarzadzanie.Test\RolaPracownikTest.cs:wiersz 156
</StackTrace>
        </ErrorInfo>
      </Output>
    </UnitTestResult>
    <UnitTestResult executionId="ddc5054a-22a0-4b6f-aba2-9afcfaca699f" testId="aec15c2c-4694-dffa-3310-6e0f3a468888" testName="PrzegladajPostepBiezacychZLecenTest" computerName="OKRM-KOMPUTER" duration="00:00:00.0059727" startTime="2012-01-12T15:50:11.4980468+01:00" endTime="2012-01-12T15:50:11.5126953+01:00" testType="13cdc9d9-ddb5-4fa4-a97d-d965ccfc6d4b" outcome="Failed" testListId="8c84fa94-04c1-424b-9868-57a2d4851a1d" relativeResultsDirectory="ddc5054a-22a0-4b6f-aba2-9afcfaca699f">
      <Output>
        <ErrorInfo>
          <Message>Test method Zarzadzanie.Test.RolaKlientTest.PrzegladajPostepBiezacychZLecenTest threw exception: 
System.NullReferenceException: Odwołanie do obiektu nie zostało ustawione na wystąpienie obiektu.</Message>
          <StackTrace>    w Zarzadzanie_uzytkownikami.RolaKlient.PrzegladajPostepBiezacychZLecen() w C:\Users\Okrm\Desktop\Projekt - zarzadzania uzytkownikami\saturas-Zarzadzanie-Uzytkownikami-975c2b5\saturas-Zarzadzanie-Uzytkownikami-975c2b5\Zarzadzanie uzytkownikami\Role\RolaKlient.cs:wiersz 62
   w Zarzadzanie.Test.RolaKlientTest.PrzegladajPostepBiezacychZLecenTest() w C:\Users\Okrm\Desktop\Projekt - zarzadzania uzytkownikami\saturas-Zarzadzanie-Uzytkownikami-975c2b5\saturas-Zarzadzanie-Uzytkownikami-975c2b5\Zarzadzanie.Test\RolaKlientTest.cs:wiersz 102
</StackTrace>
        </ErrorInfo>
      </Output>
    </UnitTestResult>
    <UnitTestResult executionId="f098d7b9-8ac3-4e0e-ba94-66ab5da1b0af" testId="b1da090b-a3db-9650-592a-e5225ba14f6b" testName="NumerKlientaTest" computerName="OKRM-KOMPUTER" duration="00:00:00.0009172" startTime="2012-01-12T15:50:11.5195312+01:00" endTime="2012-01-12T15:50:11.5263671+01:00" testType="13cdc9d9-ddb5-4fa4-a97d-d965ccfc6d4b" outcome="Inconclusive" testListId="8c84fa94-04c1-424b-9868-57a2d4851a1d" relativeResultsDirectory="f098d7b9-8ac3-4e0e-ba94-66ab5da1b0af">
      <Output>
        <ErrorInfo>
          <Message>Assert.Inconclusive failed. Verify the correctness of this test method.</Message>
          <StackTrace>   w Zarzadzanie.Test.ZlecenieBiezaceTest.NumerKlientaTest() w C:\Users\Okrm\Desktop\Projekt - zarzadzania uzytkownikami\saturas-Zarzadzanie-Uzytkownikami-975c2b5\saturas-Zarzadzanie-Uzytkownikami-975c2b5\Zarzadzanie.Test\ZlecenieBiezaceTest.cs:wiersz 146
</StackTrace>
        </ErrorInfo>
      </Output>
    </UnitTestResult>
    <UnitTestResult executionId="ab5caa66-ad94-4f3f-87d1-da10824b7cf2" testId="b8acfc95-0d6c-ab8f-a160-166bb04d6eb2" testName="ListaZlecenTest" computerName="OKRM-KOMPUTER" duration="00:00:00.0044992" startTime="2012-01-12T15:50:11.5263671+01:00" endTime="2012-01-12T15:50:11.5390625+01:00" testType="13cdc9d9-ddb5-4fa4-a97d-d965ccfc6d4b" outcome="Passed" testListId="8c84fa94-04c1-424b-9868-57a2d4851a1d" relativeResultsDirectory="ab5caa66-ad94-4f3f-87d1-da10824b7cf2">
    </UnitTestResult>
    <UnitTestResult executionId="4efb63bd-bef2-4685-bdfb-23ce51325442" testId="bb3a00e2-007f-1587-d564-f9594eb6983d" testName="GetInstanceTest" computerName="OKRM-KOMPUTER" duration="00:00:00.0019289" startTime="2012-01-12T15:50:11.5478515+01:00" endTime="2012-01-12T15:50:11.5546875+01:00" testType="13cdc9d9-ddb5-4fa4-a97d-d965ccfc6d4b" outcome="Passed" testListId="8c84fa94-04c1-424b-9868-57a2d4851a1d" relativeResultsDirectory="4efb63bd-bef2-4685-bdfb-23ce51325442">
    </UnitTestResult>
    <UnitTestResult executionId="8a97a99d-c7d0-4f30-b004-5c13c93c9e1c" testId="bcc1aa2b-708f-ba29-980f-1425fe705685" testName="WeryfikujPoprawnoscTest" computerName="OKRM-KOMPUTER" duration="00:00:00.0021538" startTime="2012-01-12T15:50:11.5566406+01:00" endTime="2012-01-12T15:50:11.5664062+01:00" testType="13cdc9d9-ddb5-4fa4-a97d-d965ccfc6d4b" outcome="Failed" testListId="8c84fa94-04c1-424b-9868-57a2d4851a1d" relativeResultsDirectory="8a97a99d-c7d0-4f30-b004-5c13c93c9e1c">
      <Output>
        <ErrorInfo>
          <Message>Test method Zarzadzanie.Test.RolaAdministratorTest.WeryfikujPoprawnoscTest threw exception: 
System.NullReferenceException: Odwołanie do obiektu nie zostało ustawione na wystąpienie obiektu.</Message>
          <StackTrace>    w Zarzadzanie_uzytkownikami.RolaAdministrator.WeryfikujPoprawnosc(LinkedList`1 users) w C:\Users\Okrm\Desktop\Projekt - zarzadzania uzytkownikami\saturas-Zarzadzanie-Uzytkownikami-975c2b5\saturas-Zarzadzanie-Uzytkownikami-975c2b5\Zarzadzanie uzytkownikami\Role\RolaAdministrator.cs:wiersz 31
   w Zarzadzanie.Test.RolaAdministratorTest.WeryfikujPoprawnoscTest() w C:\Users\Okrm\Desktop\Projekt - zarzadzania uzytkownikami\saturas-Zarzadzanie-Uzytkownikami-975c2b5\saturas-Zarzadzanie-Uzytkownikami-975c2b5\Zarzadzanie.Test\RolaAdministratorTest.cs:wiersz 120
</StackTrace>
        </ErrorInfo>
      </Output>
    </UnitTestResult>
    <UnitTestResult executionId="8f283643-4c1b-46d5-aa5b-d9a00ad8ef79" testId="c133290d-b738-c98a-dbf7-467c8ddc68ad" testName="ListaTlumaczyTest" computerName="OKRM-KOMPUTER" duration="00:00:00.0042191" startTime="2012-01-12T15:50:11.5781250+01:00" endTime="2012-01-12T15:50:11.5888671+01:00" testType="13cdc9d9-ddb5-4fa4-a97d-d965ccfc6d4b" outcome="Inconclusive" testListId="8c84fa94-04c1-424b-9868-57a2d4851a1d" relativeResultsDirectory="8f283643-4c1b-46d5-aa5b-d9a00ad8ef79">
      <Output>
        <ErrorInfo>
          <Message>Assert.Inconclusive failed. Verify the correctness of this test method.</Message>
          <StackTrace>   w Zarzadzanie.Test.RolaPracownikTest.ListaTlumaczyTest() w C:\Users\Okrm\Desktop\Projekt - zarzadzania uzytkownikami\saturas-Zarzadzanie-Uzytkownikami-975c2b5\saturas-Zarzadzanie-Uzytkownikami-975c2b5\Zarzadzanie.Test\RolaPracownikTest.cs:wiersz 128
</StackTrace>
        </ErrorInfo>
      </Output>
    </UnitTestResult>
    <UnitTestResult executionId="fc6029df-450a-47eb-b9da-5ddcac5959f0" testId="c1ee7504-b576-9e6b-517e-ffa1dda8ffc2" testName="ZwrocRekordyKlientaTest" computerName="OKRM-KOMPUTER" duration="00:00:00.0060903" startTime="2012-01-12T15:50:11.5898437+01:00" endTime="2012-01-12T15:50:11.6035156+01:00" testType="13cdc9d9-ddb5-4fa4-a97d-d965ccfc6d4b" outcome="Failed" testListId="8c84fa94-04c1-424b-9868-57a2d4851a1d" relativeResultsDirectory="fc6029df-450a-47eb-b9da-5ddcac5959f0">
      <Output>
        <ErrorInfo>
          <Message>Assert.AreEqual failed. Expected:&lt;System.Collections.Generic.LinkedList`1[Zarzadzanie_uzytkownikami.ZlecenieArchiwalne]&gt;. Actual:&lt;System.Collections.Generic.LinkedList`1[Zarzadzanie_uzytkownikami.ZlecenieArchiwalne]&gt;. </Message>
          <StackTrace>   w Zarzadzanie_Uzytkownikami.Tests.HistoriaZlecenTest.ZwrocRekordyKlientaTest() w C:\Users\Okrm\Desktop\Projekt - zarzadzania uzytkownikami\saturas-Zarzadzanie-Uzytkownikami-975c2b5\saturas-Zarzadzanie-Uzytkownikami-975c2b5\Zarzadzanie.Test\HistoriaZlecenTest.cs:wiersz 111
</StackTrace>
        </ErrorInfo>
      </Output>
    </UnitTestResult>
    <UnitTestResult executionId="10c01d49-0a4a-4c2d-b7c3-f985c7dd6812" testId="c723663c-8551-4923-1f7f-1d2f087d05d3" testName="NumeratorTest" computerName="OKRM-KOMPUTER" duration="00:00:00.0013837" startTime="2012-01-12T15:50:11.6044921+01:00" endTime="2012-01-12T15:50:11.6132812+01:00" testType="13cdc9d9-ddb5-4fa4-a97d-d965ccfc6d4b" outcome="Inconclusive" testListId="8c84fa94-04c1-424b-9868-57a2d4851a1d" relativeResultsDirectory="10c01d49-0a4a-4c2d-b7c3-f985c7dd6812">
      <Output>
        <ErrorInfo>
          <Message>Assert.Inconclusive failed. Verify the correctness of this test method.</Message>
          <StackTrace>   w Zarzadzanie.Test.RolaKlientTest.NumeratorTest() w C:\Users\Okrm\Desktop\Projekt - zarzadzania uzytkownikami\saturas-Zarzadzanie-Uzytkownikami-975c2b5\saturas-Zarzadzanie-Uzytkownikami-975c2b5\Zarzadzanie.Test\RolaKlientTest.cs:wiersz 162
</StackTrace>
        </ErrorInfo>
      </Output>
    </UnitTestResult>
    <UnitTestResult executionId="b7f0c64a-4e89-431b-873f-11e7faff2b6d" testId="ce4cdb06-9a83-c9ce-a36f-f93949e7db7a" testName="ZlecenieArchiwalneConstructorTest" computerName="OKRM-KOMPUTER" duration="00:00:00.0041524" startTime="2012-01-12T15:50:11.6171875+01:00" endTime="2012-01-12T15:50:11.6289062+01:00" testType="13cdc9d9-ddb5-4fa4-a97d-d965ccfc6d4b" outcome="Inconclusive" testListId="8c84fa94-04c1-424b-9868-57a2d4851a1d" relativeResultsDirectory="b7f0c64a-4e89-431b-873f-11e7faff2b6d">
      <Output>
        <ErrorInfo>
          <Message>Assert.Inconclusive failed. TODO: Implement code to verify target</Message>
          <StackTrace>   w Zarzadzanie.Test.ZlecenieArchiwalneTest.ZlecenieArchiwalneConstructorTest() w C:\Users\Okrm\Desktop\Projekt - zarzadzania uzytkownikami\saturas-Zarzadzanie-Uzytkownikami-975c2b5\saturas-Zarzadzanie-Uzytkownikami-975c2b5\Zarzadzanie.Test\ZlecenieArchiwalneTest.cs:wiersz 150
</StackTrace>
        </ErrorInfo>
      </Output>
    </UnitTestResult>
    <UnitTestResult executionId="c4dc231d-b1b3-412f-a902-55d87deaa548" testId="d8262a8e-d89e-2b9f-e798-821fadf1aba8" testName="DodajRoleTest" computerName="OKRM-KOMPUTER" duration="00:00:00.0007388" startTime="2012-01-12T15:50:11.6308593+01:00" endTime="2012-01-12T15:50:11.6416015+01:00" testType="13cdc9d9-ddb5-4fa4-a97d-d965ccfc6d4b" outcome="Passed" testListId="8c84fa94-04c1-424b-9868-57a2d4851a1d" relativeResultsDirectory="c4dc231d-b1b3-412f-a902-55d87deaa548">
    </UnitTestResult>
    <UnitTestResult executionId="16f9a33b-7af2-4d6b-9616-315903b62fd0" testId="df3766e4-d9d5-4033-f867-72f676a21b6f" testName="DataRealizacjiTest" computerName="OKRM-KOMPUTER" duration="00:00:00.0010433" startTime="2012-01-12T15:50:11.6445312+01:00" endTime="2012-01-12T15:50:11.6542968+01:00" testType="13cdc9d9-ddb5-4fa4-a97d-d965ccfc6d4b" outcome="Inconclusive" testListId="8c84fa94-04c1-424b-9868-57a2d4851a1d" relativeResultsDirectory="16f9a33b-7af2-4d6b-9616-315903b62fd0">
      <Output>
        <ErrorInfo>
          <Message>Assert.Inconclusive failed. Verify the correctness of this test method.</Message>
          <StackTrace>   w Zarzadzanie.Test.ZlecenieArchiwalneTest.DataRealizacjiTest() w C:\Users\Okrm\Desktop\Projekt - zarzadzania uzytkownikami\saturas-Zarzadzanie-Uzytkownikami-975c2b5\saturas-Zarzadzanie-Uzytkownikami-975c2b5\Zarzadzanie.Test\ZlecenieArchiwalneTest.cs:wiersz 137
</StackTrace>
        </ErrorInfo>
      </Output>
    </UnitTestResult>
    <UnitTestResult executionId="e720fa97-9f96-4bd8-940b-2cb2e67184b7" testId="e72c788c-f2e6-cdf4-0db3-f9780ecf9952" testName="NumerTest" computerName="OKRM-KOMPUTER" duration="00:00:00.0025921" startTime="2012-01-12T15:50:11.6552734+01:00" endTime="2012-01-12T15:50:11.6669921+01:00" testType="13cdc9d9-ddb5-4fa4-a97d-d965ccfc6d4b" outcome="Inconclusive" testListId="8c84fa94-04c1-424b-9868-57a2d4851a1d" relativeResultsDirectory="e720fa97-9f96-4bd8-940b-2cb2e67184b7">
      <Output>
        <ErrorInfo>
          <Message>Assert.Inconclusive failed. Verify the correctness of this test method.</Message>
          <StackTrace>   w Zarzadzanie.Test.RolaTlumaczTest.NumerTest() w C:\Users\Okrm\Desktop\Projekt - zarzadzania uzytkownikami\saturas-Zarzadzanie-Uzytkownikami-975c2b5\saturas-Zarzadzanie-Uzytkownikami-975c2b5\Zarzadzanie.Test\RolaTlumaczTest.cs:wiersz 117
</StackTrace>
        </ErrorInfo>
      </Output>
    </UnitTestResult>
    <UnitTestResult executionId="3a6f9256-0312-4bb6-b3cf-919ce7db6d71" testId="e75dfd00-d175-70e0-a7f6-d5943e8bcd9b" testName="RolaKlientConstructorTest" computerName="OKRM-KOMPUTER" duration="00:00:00.0012114" startTime="2012-01-12T15:50:11.6689453+01:00" endTime="2012-01-12T15:50:11.6806640+01:00" testType="13cdc9d9-ddb5-4fa4-a97d-d965ccfc6d4b" outcome="Inconclusive" testListId="8c84fa94-04c1-424b-9868-57a2d4851a1d" relativeResultsDirectory="3a6f9256-0312-4bb6-b3cf-919ce7db6d71">
      <Output>
        <ErrorInfo>
          <Message>Assert.Inconclusive failed. TODO: Implement code to verify target</Message>
          <StackTrace>   w Zarzadzanie.Test.RolaKlientTest.RolaKlientConstructorTest() w C:\Users\Okrm\Desktop\Projekt - zarzadzania uzytkownikami\saturas-Zarzadzanie-Uzytkownikami-975c2b5\saturas-Zarzadzanie-Uzytkownikami-975c2b5\Zarzadzanie.Test\RolaKlientTest.cs:wiersz 76
</StackTrace>
        </ErrorInfo>
      </Output>
    </UnitTestResult>
    <UnitTestResult executionId="cfbaac77-7e72-43ce-b021-284fd51c6524" testId="eabaa878-b3d8-ba0f-f5ec-66030ff1054c" testName="ArchiwizujZlecenieTest" computerName="OKRM-KOMPUTER" duration="00:00:00.0053835" startTime="2012-01-12T15:50:11.6826171+01:00" endTime="2012-01-12T15:50:11.6972656+01:00" testType="13cdc9d9-ddb5-4fa4-a97d-d965ccfc6d4b" outcome="Failed" testListId="8c84fa94-04c1-424b-9868-57a2d4851a1d" relativeResultsDirectory="cfbaac77-7e72-43ce-b021-284fd51c6524">
      <Output>
        <ErrorInfo>
          <Message>Test method Zarzadzanie.Test.RolaPracownikTest.ArchiwizujZlecenieTest threw exception: 
System.NullReferenceException: Odwołanie do obiektu nie zostało ustawione na wystąpienie obiektu.</Message>
          <StackTrace>    w Zarzadzanie_uzytkownikami.RolaPracownik.ArchiwizujZlecenie(ZlecenieBiezace z) w C:\Users\Okrm\Desktop\Projekt - zarzadzania uzytkownikami\saturas-Zarzadzanie-Uzytkownikami-975c2b5\saturas-Zarzadzanie-Uzytkownikami-975c2b5\Zarzadzanie uzytkownikami\Role\RolaPracownik.cs:wiersz 74
   w Zarzadzanie.Test.RolaPracownikTest.ArchiwizujZlecenieTest() w C:\Users\Okrm\Desktop\Projekt - zarzadzania uzytkownikami\saturas-Zarzadzanie-Uzytkownikami-975c2b5\saturas-Zarzadzanie-Uzytkownikami-975c2b5\Zarzadzanie.Test\RolaPracownikTest.cs:wiersz 87
</StackTrace>
        </ErrorInfo>
      </Output>
    </UnitTestResult>
    <UnitTestResult executionId="3896bc1f-e802-4cf1-96f1-6070415fe9c9" testId="ed66ac2e-cd34-50dd-17be-7de2ecdc0503" testName="DodajPraocwnikaTest" computerName="OKRM-KOMPUTER" duration="00:00:00.0023458" startTime="2012-01-12T15:50:11.6992187+01:00" endTime="2012-01-12T15:50:11.7119140+01:00" testType="13cdc9d9-ddb5-4fa4-a97d-d965ccfc6d4b" outcome="Failed" testListId="8c84fa94-04c1-424b-9868-57a2d4851a1d" relativeResultsDirectory="3896bc1f-e802-4cf1-96f1-6070415fe9c9">
      <Output>
        <ErrorInfo>
          <Message>Test method Zarzadzanie.Test.RolaAdministratorTest.DodajPraocwnikaTest threw exception: 
System.NullReferenceException: Odwołanie do obiektu nie zostało ustawione na wystąpienie obiektu.</Message>
          <StackTrace>    w Zarzadzanie_uzytkownikami.RolaAdministrator.DodajPraocwnika(String login, String haslo, String imie, String nazwisko) w C:\Users\Okrm\Desktop\Projekt - zarzadzania uzytkownikami\saturas-Zarzadzanie-Uzytkownikami-975c2b5\saturas-Zarzadzanie-Uzytkownikami-975c2b5\Zarzadzanie uzytkownikami\Role\RolaAdministrator.cs:wiersz 24
   w Zarzadzanie.Test.RolaAdministratorTest.DodajPraocwnikaTest() w C:\Users\Okrm\Desktop\Projekt - zarzadzania uzytkownikami\saturas-Zarzadzanie-Uzytkownikami-975c2b5\saturas-Zarzadzanie-Uzytkownikami-975c2b5\Zarzadzanie.Test\RolaAdministratorTest.cs:wiersz 107
</StackTrace>
        </ErrorInfo>
      </Output>
    </UnitTestResult>
    <UnitTestResult executionId="65895c4c-388f-4a02-8f78-5cc9cf55d748" testId="f414574b-b094-fe02-704e-e2acfca1649c" testName="ProgresTest" computerName="OKRM-KOMPUTER" duration="00:00:00.0010322" startTime="2012-01-12T15:50:11.7138671+01:00" endTime="2012-01-12T15:50:11.7226562+01:00" testType="13cdc9d9-ddb5-4fa4-a97d-d965ccfc6d4b" outcome="Inconclusive" testListId="8c84fa94-04c1-424b-9868-57a2d4851a1d" relativeResultsDirectory="65895c4c-388f-4a02-8f78-5cc9cf55d748">
      <Output>
        <ErrorInfo>
          <Message>Assert.Inconclusive failed. Verify the correctness of this test method.</Message>
          <StackTrace>   w Zarzadzanie.Test.DokumentTest.ProgresTest() w C:\Users\Okrm\Desktop\Projekt - zarzadzania uzytkownikami\saturas-Zarzadzanie-Uzytkownikami-975c2b5\saturas-Zarzadzanie-Uzytkownikami-975c2b5\Zarzadzanie.Test\DokumentTest.cs:wiersz 104
</StackTrace>
        </ErrorInfo>
      </Output>
    </UnitTestResult>
    <UnitTestResult executionId="4804e666-844b-4c62-ad81-20ac6b394915" testId="f862bd14-606d-98a7-90b6-ba1671d10bcb" testName="StopienRealizacjiTest" computerName="OKRM-KOMPUTER" duration="00:00:00.0030616" startTime="2012-01-12T15:50:11.7333984+01:00" endTime="2012-01-12T15:50:11.7412109+01:00" testType="13cdc9d9-ddb5-4fa4-a97d-d965ccfc6d4b" outcome="Failed" testListId="8c84fa94-04c1-424b-9868-57a2d4851a1d" relativeResultsDirectory="4804e666-844b-4c62-ad81-20ac6b394915">
      <Output>
        <ErrorInfo>
          <Message>Test method Zarzadzanie.Test.ZlecenieBiezaceTest.StopienRealizacjiTest threw exception: 
System.NullReferenceException: Odwołanie do obiektu nie zostało ustawione na wystąpienie obiektu.</Message>
          <StackTrace>    w Zarzadzanie_uzytkownikami.ZlecenieBiezace.StopienRealizacji() w C:\Users\Okrm\Desktop\Projekt - zarzadzania uzytkownikami\saturas-Zarzadzanie-Uzytkownikami-975c2b5\saturas-Zarzadzanie-Uzytkownikami-975c2b5\Zarzadzanie uzytkownikami\ZlecenieBiezace.cs:wiersz 53
   w Zarzadzanie.Test.ZlecenieBiezaceTest.StopienRealizacjiTest() w C:\Users\Okrm\Desktop\Projekt - zarzadzania uzytkownikami\saturas-Zarzadzanie-Uzytkownikami-975c2b5\saturas-Zarzadzanie-Uzytkownikami-975c2b5\Zarzadzanie.Test\ZlecenieBiezaceTest.cs:wiersz 108
</StackTrace>
        </ErrorInfo>
      </Output>
    </UnitTestResult>
    <UnitTestResult executionId="497f0528-276d-4167-b45a-6fe335ec8434" testId="f8963391-2a9e-7606-1d73-db13060dc7cf" testName="HistoriaZlecenConstructorTest" computerName="OKRM-KOMPUTER" duration="00:00:00.0044958" startTime="2012-01-12T15:50:11.7451171+01:00" endTime="2012-01-12T15:50:11.7578125+01:00" testType="13cdc9d9-ddb5-4fa4-a97d-d965ccfc6d4b" outcome="Passed" testListId="8c84fa94-04c1-424b-9868-57a2d4851a1d" relativeResultsDirectory="497f0528-276d-4167-b45a-6fe335ec8434">
    </UnitTestResult>
    <UnitTestResult executionId="5b1ee36b-db34-406e-b50a-71df349ea508" testId="f98565ef-7220-7c96-475e-4b1ff3a90883" testName="RolaTlumaczConstructorTest" computerName="OKRM-KOMPUTER" duration="00:00:00.0017625" startTime="2012-01-12T15:50:11.7636718+01:00" endTime="2012-01-12T15:50:11.7705078+01:00" testType="13cdc9d9-ddb5-4fa4-a97d-d965ccfc6d4b" outcome="Inconclusive" testListId="8c84fa94-04c1-424b-9868-57a2d4851a1d" relativeResultsDirectory="5b1ee36b-db34-406e-b50a-71df349ea508">
      <Output>
        <ErrorInfo>
          <Message>Assert.Inconclusive failed. TODO: Implement code to verify target</Message>
          <StackTrace>   w Zarzadzanie.Test.RolaTlumaczTest.RolaTlumaczConstructorTest() w C:\Users\Okrm\Desktop\Projekt - zarzadzania uzytkownikami\saturas-Zarzadzanie-Uzytkownikami-975c2b5\saturas-Zarzadzanie-Uzytkownikami-975c2b5\Zarzadzanie.Test\RolaTlumaczTest.cs:wiersz 75
</StackTrace>
        </ErrorInfo>
      </Output>
    </UnitTestResult>
    <UnitTestResult executionId="99f746f7-0f53-47ee-ac3f-42af96664f04" testId="fcb43331-0844-8756-08fe-c9f6b6f6a25c" testName="DokumentyDoPrzetlumaczeniaTest" computerName="OKRM-KOMPUTER" duration="00:00:00.0071084" startTime="2012-01-12T15:50:11.7724609+01:00" endTime="2012-01-12T15:50:11.7851562+01:00" testType="13cdc9d9-ddb5-4fa4-a97d-d965ccfc6d4b" outcome="Inconclusive" testListId="8c84fa94-04c1-424b-9868-57a2d4851a1d" relativeResultsDirectory="99f746f7-0f53-47ee-ac3f-42af96664f04">
      <Output>
        <ErrorInfo>
          <Message>Assert.Inconclusive failed. Verify the correctness of this test method.</Message>
          <StackTrace>   w Zarzadzanie.Test.ZlecenieBiezaceTest.DokumentyDoPrzetlumaczeniaTest() w C:\Users\Okrm\Desktop\Projekt - zarzadzania uzytkownikami\saturas-Zarzadzanie-Uzytkownikami-975c2b5\saturas-Zarzadzanie-Uzytkownikami-975c2b5\Zarzadzanie.Test\ZlecenieBiezaceTest.cs:wiersz 128
</StackTrace>
        </ErrorInfo>
      </Output>
    </UnitTestResult>
  </Results>
</TestRun>