<?xml version="1.0" encoding="UTF-8"?>
<TestRun id="c3631aea-8509-4566-bef2-b37575ad3a91" name="Okrm@OKRM-KOMPUTER 2012-01-12 16:14:12" runUser="Okrm-Komputer\Okrm" xmlns="http://microsoft.com/schemas/VisualStudio/TeamTest/2010">
  <TestSettings name="Local" id="41c0aacb-8128-43b7-a8f9-312aaf052968">
    <Description>These are default test settings for a local test run.</Description>
    <Deployment enabled="false" runDeploymentRoot="Okrm_OKRM-KOMPUTER 2012-01-12 16_14_12">
      <DeploymentItem filename="C:\Users\Okrm\Desktop\Projekt - zarzadzania uzytkownikami\nmock2-2.0.0.44-net-2.0\bin\NMock2.Test.dll" />
      <DeploymentItem filename="C:\Users\Okrm\Desktop\Projekt - zarzadzania uzytkownikami\nmock2-2.0.0.44-net-2.0\bin\NMock2.dll" />
      <DeploymentItem filename="C:\Users\Okrm\Desktop\Projekt - zarzadzania uzytkownikami\saturas-Zarzadzanie-Uzytkownikami-975c2b5\saturas-Zarzadzanie-Uzytkownikami-975c2b5\Zarzadzanie uzytkownikami\bin\Debug\Zarzadzanie uzytkownikami.exe" />
      <DeploymentItem filename="C:\Users\Okrm\Desktop\Projekt - zarzadzania uzytkownikami\nmock2-2.0.0.44-net-2.0\bin\NMock2.AcceptanceTests.dll" />
    </Deployment>
    <Execution>
      <TestTypeSpecific />
      <AgentRule name="Execution Agents">
      </AgentRule>
    </Execution>
  </TestSettings>
  <Times creation="2012-01-12T16:14:12.8515625+01:00" queuing="2012-01-12T16:14:12.8955078+01:00" start="2012-01-12T16:14:12.9189453+01:00" finish="2012-01-12T16:14:13.2744140+01:00" />
  <ResultSummary outcome="Completed">
    <Counters total="1" executed="1" passed="1" error="0" failed="0" timeout="0" aborted="0" inconclusive="0" passedButRunAborted="0" notRunnable="0" notExecuted="0" disconnected="0" warning="0" completed="0" inProgress="0" pending="0" />
  </ResultSummary>
  <TestDefinitions>
    <UnitTest name="ListaNumerowTlumaczyKtorzyTlumaczyliTest" storage="c:\users\okrm\desktop\projekt - zarzadzania uzytkownikami\saturas-zarzadzanie-uzytkownikami-975c2b5\saturas-zarzadzanie-uzytkownikami-975c2b5\zarzadzanie.test\bin\debug\zarzadzanie.test.dll" id="37ebaf08-dd55-e711-3c19-92a17dcbf0d3">
      <Execution id="0815ec27-a859-4cdd-b1a5-fe9846b4004c" />
      <TestMethod codeBase="C:/Users/Okrm/Desktop/Projekt - zarzadzania uzytkownikami/saturas-Zarzadzanie-Uzytkownikami-975c2b5/saturas-Zarzadzanie-Uzytkownikami-975c2b5/Zarzadzanie.Test/bin/Debug/Zarzadzanie.Test.DLL" adapterTypeName="Microsoft.VisualStudio.TestTools.TestTypes.Unit.UnitTestAdapter, Microsoft.VisualStudio.QualityTools.Tips.UnitTest.Adapter, Version=10.0.0.0, Culture=neutral, PublicKeyToken=b03f5f7f11d50a3a" className="Zarzadzanie.Test.ZlecenieArchiwalneTest, Zarzadzanie.Test, Version=1.0.0.0, Culture=neutral, PublicKeyToken=null" name="ListaNumerowTlumaczyKtorzyTlumaczyliTest" />
    </UnitTest>
  </TestDefinitions>
  <TestLists>
    <TestList name="Results Not in a List" id="8c84fa94-04c1-424b-9868-57a2d4851a1d" />
    <TestList name="All Loaded Results" id="19431567-8539-422a-85d7-44ee4e166bda" />
  </TestLists>
  <TestEntries>
    <TestEntry testId="37ebaf08-dd55-e711-3c19-92a17dcbf0d3" executionId="0815ec27-a859-4cdd-b1a5-fe9846b4004c" testListId="8c84fa94-04c1-424b-9868-57a2d4851a1d" />
  </TestEntries>
  <Results>
    <UnitTestResult executionId="0815ec27-a859-4cdd-b1a5-fe9846b4004c" testId="37ebaf08-dd55-e711-3c19-92a17dcbf0d3" testName="ListaNumerowTlumaczyKtorzyTlumaczyliTest" computerName="OKRM-KOMPUTER" duration="00:00:00.0145945" startTime="2012-01-12T16:14:12.9531250+01:00" endTime="2012-01-12T16:14:13.2343750+01:00" testType="13cdc9d9-ddb5-4fa4-a97d-d965ccfc6d4b" outcome="Passed" testListId="8c84fa94-04c1-424b-9868-57a2d4851a1d" relativeResultsDirectory="0815ec27-a859-4cdd-b1a5-fe9846b4004c">
    </UnitTestResult>
  </Results>
</TestRun>