<?xml version="1.0" encoding="UTF-8"?>
<TestRun id="0c28d02b-b263-4981-a4e4-dc912a7ee640" name="Okrm@OKRM-KOMPUTER 2012-01-12 16:11:01" runUser="Okrm-Komputer\Okrm" xmlns="http://microsoft.com/schemas/VisualStudio/TeamTest/2010">
  <TestSettings name="Local" id="41c0aacb-8128-43b7-a8f9-312aaf052968">
    <Description>These are default test settings for a local test run.</Description>
    <Deployment enabled="false" runDeploymentRoot="Okrm_OKRM-KOMPUTER 2012-01-12 16_11_01">
      <DeploymentItem filename="C:\Users\Okrm\Desktop\Projekt - zarzadzania uzytkownikami\nmock2-2.0.0.44-net-2.0\bin\NMock2.Test.dll" />
      <DeploymentItem filename="C:\Users\Okrm\Desktop\Projekt - zarzadzania uzytkownikami\nmock2-2.0.0.44-net-2.0\bin\NMock2.dll" />
      <DeploymentItem filename="C:\Users\Okrm\Desktop\Projekt - zarzadzania uzytkownikami\saturas-Zarzadzanie-Uzytkownikami-975c2b5\saturas-Zarzadzanie-Uzytkownikami-975c2b5\Zarzadzanie uzytkownikami\bin\Debug\Zarzadzanie uzytkownikami.exe" />
      <DeploymentItem filename="C:\Users\Okrm\Desktop\Projekt - zarzadzania uzytkownikami\nmock2-2.0.0.44-net-2.0\bin\NMock2.AcceptanceTests.dll" />
    </Deployment>
    <Execution>
      <TestTypeSpecific />
      <AgentRule name="Execution Agents">
      </AgentRule>
    </Execution>
  </TestSettings>
  <Times creation="2012-01-12T16:11:01.9394531+01:00" queuing="2012-01-12T16:11:01.9892578+01:00" start="2012-01-12T16:11:02.0429687+01:00" finish="2012-01-12T16:11:02.4082031+01:00" />
  <ResultSummary outcome="Completed">
    <Counters total="1" executed="1" passed="1" error="0" failed="0" timeout="0" aborted="0" inconclusive="0" passedButRunAborted="0" notRunnable="0" notExecuted="0" disconnected="0" warning="0" completed="0" inProgress="0" pending="0" />
  </ResultSummary>
  <TestDefinitions>
    <UnitTest name="ZlecenieArchiwalneConstructorTest" storage="c:\users\okrm\desktop\projekt - zarzadzania uzytkownikami\saturas-zarzadzanie-uzytkownikami-975c2b5\saturas-zarzadzanie-uzytkownikami-975c2b5\zarzadzanie.test\bin\debug\zarzadzanie.test.dll" id="ce4cdb06-9a83-c9ce-a36f-f93949e7db7a">
      <Execution id="05d281bd-ed7c-4e90-b7d4-7e90aec85e58" />
      <TestMethod codeBase="C:/Users/Okrm/Desktop/Projekt - zarzadzania uzytkownikami/saturas-Zarzadzanie-Uzytkownikami-975c2b5/saturas-Zarzadzanie-Uzytkownikami-975c2b5/Zarzadzanie.Test/bin/Debug/Zarzadzanie.Test.DLL" adapterTypeName="Microsoft.VisualStudio.TestTools.TestTypes.Unit.UnitTestAdapter, Microsoft.VisualStudio.QualityTools.Tips.UnitTest.Adapter, Version=10.0.0.0, Culture=neutral, PublicKeyToken=b03f5f7f11d50a3a" className="Zarzadzanie.Test.ZlecenieArchiwalneTest, Zarzadzanie.Test, Version=1.0.0.0, Culture=neutral, PublicKeyToken=null" name="ZlecenieArchiwalneConstructorTest" />
    </UnitTest>
  </TestDefinitions>
  <TestLists>
    <TestList name="Results Not in a List" id="8c84fa94-04c1-424b-9868-57a2d4851a1d" />
    <TestList name="All Loaded Results" id="19431567-8539-422a-85d7-44ee4e166bda" />
  </TestLists>
  <TestEntries>
    <TestEntry testId="ce4cdb06-9a83-c9ce-a36f-f93949e7db7a" executionId="05d281bd-ed7c-4e90-b7d4-7e90aec85e58" testListId="8c84fa94-04c1-424b-9868-57a2d4851a1d" />
  </TestEntries>
  <Results>
    <UnitTestResult executionId="05d281bd-ed7c-4e90-b7d4-7e90aec85e58" testId="ce4cdb06-9a83-c9ce-a36f-f93949e7db7a" testName="ZlecenieArchiwalneConstructorTest" computerName="OKRM-KOMPUTER" duration="00:00:00.0149550" startTime="2012-01-12T16:11:02.0517578+01:00" endTime="2012-01-12T16:11:02.3857421+01:00" testType="13cdc9d9-ddb5-4fa4-a97d-d965ccfc6d4b" outcome="Passed" testListId="8c84fa94-04c1-424b-9868-57a2d4851a1d" relativeResultsDirectory="05d281bd-ed7c-4e90-b7d4-7e90aec85e58">
    </UnitTestResult>
  </Results>
</TestRun>